<?xml version="1.0" encoding="UTF-8"?>
<testsuite xmlns:xsi="http://www.w3.org/2001/XMLSchema-instance" xsi:noNamespaceSchemaLocation="https://maven.apache.org/surefire/maven-surefire-plugin/xsd/surefire-test-report-3.0.xsd" version="3.0" name="kz.yandex.practicum.qa.sb.order.GetUserOrderTest" time="26.059" tests="3" errors="0" skipped="0" failures="2">
  <properties>
[...]
</properties>
  <testcase name="testGetOrdersOfAuthorizedUser" classname="kz.yandex.practicum.qa.sb.order.GetUserOrderTest" time="9.237">
    <failure message="Unexpected exception thrown: org.opentest4j.AssertionFailedError: Тело ответа не содержит ожидаемое значение в атрибуте total ==&gt; expected: &lt;2&gt; but was: &lt;219351&gt;" type="org.opentest4j.AssertionFailedError"><![CDATA[org.opentest4j.AssertionFailedError: Unexpected exception thrown: org.opentest4j.AssertionFailedError: Тело ответа не содержит ожидаемое значение в атрибуте total ==> expected: <2> but was: <219351>
	at org.junit.jupiter.api.AssertionFailureBuilder.build(AssertionFailureBuilder.java:152)
	at org.junit.jupiter.api.AssertDoesNotThrow.createAssertionFailedError(AssertDoesNotThrow.java:84)
	at org.junit.jupiter.api.AssertDoesNotThrow.assertDoesNotThrow(AssertDoesNotThrow.java:53)
	at org.junit.jupiter.api.AssertDoesNotThrow.assertDoesNotThrow(AssertDoesNotThrow.java:36)
	at org.junit.jupiter.api.Assertions.assertDoesNotThrow(Assertions.java:3199)
	at kz.yandex.practicum.qa.sb.order.GetUserOrderTest.testGetOrdersOfAuthorizedUser(GetUserOrderTest.java:72)
	at java.base/java.lang.reflect.Method.invoke(Method.java:566)
	at java.base/java.util.ArrayList.forEach(ArrayList.java:1541)
	at java.base/java.util.ArrayList.forEach(ArrayList.java:1541)
Caused by: org.opentest4j.AssertionFailedError: Тело ответа не содержит ожидаемое значение в атрибуте total ==> expected: <2> but was: <219351>
	at org.junit.jupiter.api.AssertionFailureBuilder.build(AssertionFailureBuilder.java:151)
	at org.junit.jupiter.api.AssertionFailureBuilder.buildAndThrow(AssertionFailureBuilder.java:132)
	at org.junit.jupiter.api.AssertEquals.failNotEqual(AssertEquals.java:197)
	at org.junit.jupiter.api.AssertEquals.assertEquals(AssertEquals.java:150)
	at org.junit.jupiter.api.Assertions.assertEquals(Assertions.java:563)
	at kz.yandex.practicum.qa.sb.order.GetUserOrderTest.lambda$testGetOrdersOfAuthorizedUser$6(GetUserOrderTest.java:86)
	at org.junit.jupiter.api.AssertDoesNotThrow.assertDoesNotThrow(AssertDoesNotThrow.java:49)
	... 6 more
]]></failure>
    <system-out><![CDATA[Request method:	POST
Request URI:	https://stellarburgers.nomoreparties.site/api/auth/register
Proxy:			<none>
Request params:	<none>
Query params:	<none>
Form params:	<none>
Path params:	<none>
Headers:		Accept=*/*
				Content-Type=application/json
Cookies:		<none>
Multiparts:		<none>
Body:
{
    "email": "зинаида.муравьев@mail.ru",
    "password": "58ow7yo8bntx",
    "name": "кира.кудрявцев"
}
HTTP/1.1 200 OK
Server: nginx/1.18.0 (Ubuntu)
Date: Sat, 26 Apr 2025 18:56:18 GMT
Content-Type: application/json; charset=utf-8
Content-Length: 405
Connection: keep-alive
X-Powered-By: Express
Access-Control-Allow-Origin: *
authorization: Bearer eyJhbGciOiJIUzI1NiIsInR5cCI6IkpXVCJ9.eyJpZCI6IjY4MGQyYzUyOWVkMjgwMDAxYjVkNjA3ZCIsImlhdCI6MTc0NTY5Mzc3OCwiZXhwIjoxNzQ1Njk0OTc4fQ.dC8zKOMJF5Fg4uDOTxvE0kAkKHVsgSXjX-RR00LN-6o
ETag: W/"195-9Z7j6jbGMxCD03+qwZvVoJoSpps"

{
    "success": true,
    "user": {
        "email": "зинаида.муравьев@mail.ru",
        "name": "кира.кудрявцев"
    },
    "accessToken": "Bearer eyJhbGciOiJIUzI1NiIsInR5cCI6IkpXVCJ9.eyJpZCI6IjY4MGQyYzUyOWVkMjgwMDAxYjVkNjA3ZCIsImlhdCI6MTc0NTY5Mzc3OCwiZXhwIjoxNzQ1Njk0OTc4fQ.dC8zKOMJF5Fg4uDOTxvE0kAkKHVsgSXjX-RR00LN-6o",
    "refreshToken": "eb07b25b0fa2731828db654dec56092250802d4132796962db3c36111b582a3681b7f7b1715c7a42"
}
Request method:	POST
Request URI:	https://stellarburgers.nomoreparties.site/api/auth/login
Proxy:			<none>
Request params:	<none>
Query params:	<none>
Form params:	<none>
Path params:	<none>
Headers:		Accept=*/*
				Content-Type=application/json
Cookies:		<none>
Multiparts:		<none>
Body:
{
    "email": "зинаида.муравьев@mail.ru",
    "password": "58ow7yo8bntx",
    "name": null
}
HTTP/1.1 200 OK
Server: nginx/1.18.0 (Ubuntu)
Date: Sat, 26 Apr 2025 18:56:19 GMT
Content-Type: application/json; charset=utf-8
Content-Length: 405
Connection: keep-alive
X-Powered-By: Express
Access-Control-Allow-Origin: *
ETag: W/"195-/6SJb8/b9OTHZWwcLQYPYl2Xg2o"

{
    "success": true,
    "accessToken": "Bearer eyJhbGciOiJIUzI1NiIsInR5cCI6IkpXVCJ9.eyJpZCI6IjY4MGQyYzUyOWVkMjgwMDAxYjVkNjA3ZCIsImlhdCI6MTc0NTY5Mzc3OSwiZXhwIjoxNzQ1Njk0OTc5fQ.Q5KyaXHbtAUH6myNAbGNmz6x_u_ULLlf6d2zxhIkmr8",
    "refreshToken": "12f0ac8186628a5c744db39dd888b9f23c8942ada5e72b0579d047854ce55b186906a9649bc81471",
    "user": {
        "email": "зинаида.муравьев@mail.ru",
        "name": "кира.кудрявцев"
    }
}
Request method:	POST
Request URI:	https://stellarburgers.nomoreparties.site/api/auth/register
Proxy:			<none>
Request params:	<none>
Query params:	<none>
Form params:	<none>
Path params:	<none>
Headers:		Accept=*/*
				Content-Type=application/json
Cookies:		<none>
Multiparts:		<none>
Body:
{
    "email": "мария.шарапов@yahoo.com",
    "password": "1l45pwzme4eso",
    "name": "василиса.медведев"
}
HTTP/1.1 200 OK
Server: nginx/1.18.0 (Ubuntu)
Date: Sat, 26 Apr 2025 18:56:19 GMT
Content-Type: application/json; charset=utf-8
Content-Length: 407
Connection: keep-alive
X-Powered-By: Express
Access-Control-Allow-Origin: *
authorization: Bearer eyJhbGciOiJIUzI1NiIsInR5cCI6IkpXVCJ9.eyJpZCI6IjY4MGQyYzUzOWVkMjgwMDAxYjVkNjA4MCIsImlhdCI6MTc0NTY5Mzc3OSwiZXhwIjoxNzQ1Njk0OTc5fQ.aPfoxCIphdJt5Jk4weGEliBR-dFjHeKjKg63Fep-SJ0
ETag: W/"197-Hsd2ZOpQl2pfITdlUM5Mp2zMplU"

{
    "success": true,
    "user": {
        "email": "мария.шарапов@yahoo.com",
        "name": "василиса.медведев"
    },
    "accessToken": "Bearer eyJhbGciOiJIUzI1NiIsInR5cCI6IkpXVCJ9.eyJpZCI6IjY4MGQyYzUzOWVkMjgwMDAxYjVkNjA4MCIsImlhdCI6MTc0NTY5Mzc3OSwiZXhwIjoxNzQ1Njk0OTc5fQ.aPfoxCIphdJt5Jk4weGEliBR-dFjHeKjKg63Fep-SJ0",
    "refreshToken": "fdf56ff9d8eb51805a17c04e9d9571aa410c7efa4cc998fbbf6d640b332984d8440a48bc7d42a000"
}
Request method:	POST
Request URI:	https://stellarburgers.nomoreparties.site/api/orders
Proxy:			<none>
Request params:	<none>
Query params:	<none>
Form params:	<none>
Path params:	<none>
Headers:		Authorization=Bearer eyJhbGciOiJIUzI1NiIsInR5cCI6IkpXVCJ9.eyJpZCI6IjY4MGQyYzUyOWVkMjgwMDAxYjVkNjA3ZCIsImlhdCI6MTc0NTY5Mzc3OSwiZXhwIjoxNzQ1Njk0OTc5fQ.Q5KyaXHbtAUH6myNAbGNmz6x_u_ULLlf6d2zxhIkmr8
				Accept=*/*
				Content-Type=application/json
Cookies:		<none>
Multiparts:		<none>
Body:
{
    "ingredients": [
        "61c0c5a71d1f82001bdaaa77",
        "61c0c5a71d1f82001bdaaa79",
        "61c0c5a71d1f82001bdaaa79"
    ]
}
HTTP/1.1 200 OK
Server: nginx/1.18.0 (Ubuntu)
Date: Sat, 26 Apr 2025 18:56:22 GMT
Content-Type: application/json; charset=utf-8
Content-Length: 1660
Connection: keep-alive
X-Powered-By: Express
Access-Control-Allow-Origin: *
ETag: W/"67c-5VTa7ZPKQrl3BdUZg+1+Q28DTcA"

{
    "success": true,
    "name": "Фалленианский экзо-плантаго бургер",
    "order": {
        "ingredients": [
            {
                "_id": "61c0c5a71d1f82001bdaaa77",
                "name": "Плоды Фалленианского дерева",
                "type": "main",
                "proteins": 20,
                "fat": 5,
                "carbohydrates": 55,
                "calories": 77,
                "price": 874,
                "image": "https://code.s3.yandex.net/react/code/sp_1.png",
                "image_mobile": "https://code.s3.yandex.net/react/code/sp_1-mobile.png",
                "image_large": "https://code.s3.yandex.net/react/code/sp_1-large.png",
                "__v": 0
            },
            {
                "_id": "61c0c5a71d1f82001bdaaa79",
                "name": "Мини-салат Экзо-Плантаго",
                "type": "main",
                "proteins": 1,
                "fat": 2,
                "carbohydrates": 3,
                "calories": 6,
                "price": 4400,
                "image": "https://code.s3.yandex.net/react/code/salad.png",
                "image_mobile": "https://code.s3.yandex.net/react/code/salad-mobile.png",
                "image_large": "https://code.s3.yandex.net/react/code/salad-large.png",
                "__v": 0
            },
            {
                "_id": "61c0c5a71d1f82001bdaaa79",
                "name": "Мини-салат Экзо-Плантаго",
                "type": "main",
                "proteins": 1,
                "fat": 2,
                "carbohydrates": 3,
                "calories": 6,
                "price": 4400,
                "image": "https://code.s3.yandex.net/react/code/salad.png",
                "image_mobile": "https://code.s3.yandex.net/react/code/salad-mobile.png",
                "image_large": "https://code.s3.yandex.net/react/code/salad-large.png",
                "__v": 0
            }
        ],
        "_id": "680d2c539ed280001b5d6082",
        "owner": {
            "name": "кира.кудрявцев",
            "email": "зинаида.муравьев@mail.ru",
            "createdAt": "2025-04-26T18:56:18.827Z",
            "updatedAt": "2025-04-26T18:56:18.827Z"
        },
        "status": "done",
        "name": "Фалленианский экзо-плантаго бургер",
        "createdAt": "2025-04-26T18:56:19.959Z",
        "updatedAt": "2025-04-26T18:56:21.786Z",
        "number": 219350,
        "price": 9674
    }
}
Request method:	POST
Request URI:	https://stellarburgers.nomoreparties.site/api/orders
Proxy:			<none>
Request params:	<none>
Query params:	<none>
Form params:	<none>
Path params:	<none>
Headers:		Authorization=Bearer eyJhbGciOiJIUzI1NiIsInR5cCI6IkpXVCJ9.eyJpZCI6IjY4MGQyYzUyOWVkMjgwMDAxYjVkNjA3ZCIsImlhdCI6MTc0NTY5Mzc3OSwiZXhwIjoxNzQ1Njk0OTc5fQ.Q5KyaXHbtAUH6myNAbGNmz6x_u_ULLlf6d2zxhIkmr8
				Accept=*/*
				Content-Type=application/json
Cookies:		<none>
Multiparts:		<none>
Body:
{
    "ingredients": [
        "61c0c5a71d1f82001bdaaa76"
    ]
}
HTTP/1.1 200 OK
Server: nginx/1.18.0 (Ubuntu)
Date: Sat, 26 Apr 2025 18:56:25 GMT
Content-Type: application/json; charset=utf-8
Content-Length: 879
Connection: keep-alive
X-Powered-By: Express
Access-Control-Allow-Origin: *
ETag: W/"36f-k3Cr8CZ/njvIV8f6eZZ0vPQAWds"

{
    "success": true,
    "name": "Минеральный бургер",
    "order": {
        "ingredients": [
            {
                "_id": "61c0c5a71d1f82001bdaaa76",
                "name": "Хрустящие минеральные кольца",
                "type": "main",
                "proteins": 808,
                "fat": 689,
                "carbohydrates": 609,
                "calories": 986,
                "price": 300,
                "image": "https://code.s3.yandex.net/react/code/mineral_rings.png",
                "image_mobile": "https://code.s3.yandex.net/react/code/mineral_rings-mobile.png",
                "image_large": "https://code.s3.yandex.net/react/code/mineral_rings-large.png",
                "__v": 0
            }
        ],
        "_id": "680d2c579ed280001b5d6083",
        "owner": {
            "name": "кира.кудрявцев",
            "email": "зинаида.муравьев@mail.ru",
            "createdAt": "2025-04-26T18:56:18.827Z",
            "updatedAt": "2025-04-26T18:56:18.827Z"
        },
        "status": "done",
        "name": "Минеральный бургер",
        "createdAt": "2025-04-26T18:56:23.114Z",
        "updatedAt": "2025-04-26T18:56:24.963Z",
        "number": 219351,
        "price": 300
    }
}
Request method:	GET
Request URI:	https://stellarburgers.nomoreparties.site/api/orders
Proxy:			<none>
Request params:	<none>
Query params:	<none>
Form params:	<none>
Path params:	<none>
Headers:		Authorization=Bearer eyJhbGciOiJIUzI1NiIsInR5cCI6IkpXVCJ9.eyJpZCI6IjY4MGQyYzUyOWVkMjgwMDAxYjVkNjA3ZCIsImlhdCI6MTc0NTY5Mzc3OSwiZXhwIjoxNzQ1Njk0OTc5fQ.Q5KyaXHbtAUH6myNAbGNmz6x_u_ULLlf6d2zxhIkmr8
				Accept=*/*
				Content-Type=application/json
Cookies:		<none>
Multiparts:		<none>
Body:			<none>
HTTP/1.1 200 OK
Server: nginx/1.18.0 (Ubuntu)
Date: Sat, 26 Apr 2025 18:56:26 GMT
Content-Type: application/json; charset=utf-8
Content-Length: 609
Connection: keep-alive
X-Powered-By: Express
Access-Control-Allow-Origin: *
ETag: W/"261-bQqCXYGEmTKh+QblA9s1EAhRLV8"

{
    "success": true,
    "orders": [
        {
            "_id": "680d2c539ed280001b5d6082",
            "ingredients": [
                "61c0c5a71d1f82001bdaaa77",
                "61c0c5a71d1f82001bdaaa79",
                "61c0c5a71d1f82001bdaaa79"
            ],
            "status": "done",
            "name": "Фалленианский экзо-плантаго бургер",
            "createdAt": "2025-04-26T18:56:19.959Z",
            "updatedAt": "2025-04-26T18:56:21.786Z",
            "number": 219350
        },
        {
            "_id": "680d2c579ed280001b5d6083",
            "ingredients": [
                "61c0c5a71d1f82001bdaaa76"
            ],
            "status": "done",
            "name": "Минеральный бургер",
            "createdAt": "2025-04-26T18:56:23.114Z",
            "updatedAt": "2025-04-26T18:56:24.963Z",
            "number": 219351
        }
    ],
    "total": 219351,
    "totalToday": 117
}
Request method:	DELETE
Request URI:	https://stellarburgers.nomoreparties.site/api/auth/user
Proxy:			<none>
Request params:	<none>
Query params:	<none>
Form params:	<none>
Path params:	<none>
Headers:		Authorization=Bearer eyJhbGciOiJIUzI1NiIsInR5cCI6IkpXVCJ9.eyJpZCI6IjY4MGQyYzUyOWVkMjgwMDAxYjVkNjA3ZCIsImlhdCI6MTc0NTY5Mzc3OSwiZXhwIjoxNzQ1Njk0OTc5fQ.Q5KyaXHbtAUH6myNAbGNmz6x_u_ULLlf6d2zxhIkmr8
				Accept=*/*
				Content-Type=application/json
Cookies:		<none>
Multiparts:		<none>
Body:			<none>
HTTP/1.1 202 Accepted
Server: nginx/1.18.0 (Ubuntu)
Date: Sat, 26 Apr 2025 18:56:27 GMT
Content-Type: application/json; charset=utf-8
Content-Length: 54
Connection: keep-alive
X-Powered-By: Express
Access-Control-Allow-Origin: *
ETag: W/"36-hDmZnQ3Ou/ynnqAeC6TYmyseuzY"

{
    "success": true,
    "message": "User successfully removed"
}
]]></system-out>
  </testcase>
  <testcase name="testGetOrdersOfUnauthorizedUser" classname="kz.yandex.practicum.qa.sb.order.GetUserOrderTest" time="8.571">
    <failure message="Expected kz.yandex.practicum.qa.sb.common.ApiException to be thrown, but nothing was thrown." type="org.opentest4j.AssertionFailedError"><![CDATA[org.opentest4j.AssertionFailedError: Expected kz.yandex.practicum.qa.sb.common.ApiException to be thrown, but nothing was thrown.
	at org.junit.jupiter.api.AssertionFailureBuilder.build(AssertionFailureBuilder.java:152)
	at org.junit.jupiter.api.AssertThrows.assertThrows(AssertThrows.java:73)
	at org.junit.jupiter.api.AssertThrows.assertThrows(AssertThrows.java:35)
	at org.junit.jupiter.api.Assertions.assertThrows(Assertions.java:3128)
	at kz.yandex.practicum.qa.sb.order.GetUserOrderTest.testGetOrdersOfUnauthorizedUser(GetUserOrderTest.java:118)
	at java.base/java.lang.reflect.Method.invoke(Method.java:566)
	at java.base/java.util.ArrayList.forEach(ArrayList.java:1541)
	at java.base/java.util.ArrayList.forEach(ArrayList.java:1541)
]]></failure>
    <system-out><![CDATA[Request method:	POST
Request URI:	https://stellarburgers.nomoreparties.site/api/auth/register
Proxy:			<none>
Request params:	<none>
Query params:	<none>
Form params:	<none>
Path params:	<none>
Headers:		Accept=*/*
				Content-Type=application/json
Cookies:		<none>
Multiparts:		<none>
Body:
{
    "email": "эдуард.коновалов@hotmail.com",
    "password": "p6sobhpypf",
    "name": "клавдия.молчанова"
}
HTTP/1.1 200 OK
Server: nginx/1.18.0 (Ubuntu)
Date: Sat, 26 Apr 2025 18:56:28 GMT
Content-Type: application/json; charset=utf-8
Content-Length: 415
Connection: keep-alive
X-Powered-By: Express
Access-Control-Allow-Origin: *
authorization: Bearer eyJhbGciOiJIUzI1NiIsInR5cCI6IkpXVCJ9.eyJpZCI6IjY4MGQyYzVjOWVkMjgwMDAxYjVkNjA4NSIsImlhdCI6MTc0NTY5Mzc4OCwiZXhwIjoxNzQ1Njk0OTg4fQ.cnKj2BeHUpy_hcGxe7PZVZHZf9UUM9_TgjFd7O5oJkw
ETag: W/"19f-oD3aOxhewoQuVChhJZr17wlFIPY"

{
    "success": true,
    "user": {
        "email": "эдуард.коновалов@hotmail.com",
        "name": "клавдия.молчанова"
    },
    "accessToken": "Bearer eyJhbGciOiJIUzI1NiIsInR5cCI6IkpXVCJ9.eyJpZCI6IjY4MGQyYzVjOWVkMjgwMDAxYjVkNjA4NSIsImlhdCI6MTc0NTY5Mzc4OCwiZXhwIjoxNzQ1Njk0OTg4fQ.cnKj2BeHUpy_hcGxe7PZVZHZf9UUM9_TgjFd7O5oJkw",
    "refreshToken": "44c237e8852fd7d8f98dcf0abcdc3824882a19721641882d4fc4caf1f0094f32e00bbf5e15d6a930"
}
Request method:	POST
Request URI:	https://stellarburgers.nomoreparties.site/api/auth/login
Proxy:			<none>
Request params:	<none>
Query params:	<none>
Form params:	<none>
Path params:	<none>
Headers:		Accept=*/*
				Content-Type=application/json
Cookies:		<none>
Multiparts:		<none>
Body:
{
    "email": "эдуард.коновалов@hotmail.com",
    "password": "p6sobhpypf",
    "name": null
}
HTTP/1.1 200 OK
Server: nginx/1.18.0 (Ubuntu)
Date: Sat, 26 Apr 2025 18:56:28 GMT
Content-Type: application/json; charset=utf-8
Content-Length: 415
Connection: keep-alive
X-Powered-By: Express
Access-Control-Allow-Origin: *
ETag: W/"19f-gq+Mk4EqkeaunOaXR/GAhE8wZqs"

{
    "success": true,
    "accessToken": "Bearer eyJhbGciOiJIUzI1NiIsInR5cCI6IkpXVCJ9.eyJpZCI6IjY4MGQyYzVjOWVkMjgwMDAxYjVkNjA4NSIsImlhdCI6MTc0NTY5Mzc4OCwiZXhwIjoxNzQ1Njk0OTg4fQ.cnKj2BeHUpy_hcGxe7PZVZHZf9UUM9_TgjFd7O5oJkw",
    "refreshToken": "351168efda30277b193839f78e78eafc337b854609a80f47c00fdea84faffa84a3b95d236190ae0b",
    "user": {
        "email": "эдуард.коновалов@hotmail.com",
        "name": "клавдия.молчанова"
    }
}
Request method:	POST
Request URI:	https://stellarburgers.nomoreparties.site/api/auth/register
Proxy:			<none>
Request params:	<none>
Query params:	<none>
Form params:	<none>
Path params:	<none>
Headers:		Accept=*/*
				Content-Type=application/json
Cookies:		<none>
Multiparts:		<none>
Body:
{
    "email": "геннадии.гришина@yandex.ru",
    "password": "wggkfmi2dk9",
    "name": "татьяна.пахомов"
}
HTTP/1.1 200 OK
Server: nginx/1.18.0 (Ubuntu)
Date: Sat, 26 Apr 2025 18:56:28 GMT
Content-Type: application/json; charset=utf-8
Content-Length: 409
Connection: keep-alive
X-Powered-By: Express
Access-Control-Allow-Origin: *
authorization: Bearer eyJhbGciOiJIUzI1NiIsInR5cCI6IkpXVCJ9.eyJpZCI6IjY4MGQyYzVjOWVkMjgwMDAxYjVkNjA4OCIsImlhdCI6MTc0NTY5Mzc4OCwiZXhwIjoxNzQ1Njk0OTg4fQ.1F0JINUdf07wdWXQfKNlVnt4hI_-3Tl4Md7GyXC0n5I
ETag: W/"199-nwlnC/I+MyGRrVjS2AN+Hd+DVBU"

{
    "success": true,
    "user": {
        "email": "геннадии.гришина@yandex.ru",
        "name": "татьяна.пахомов"
    },
    "accessToken": "Bearer eyJhbGciOiJIUzI1NiIsInR5cCI6IkpXVCJ9.eyJpZCI6IjY4MGQyYzVjOWVkMjgwMDAxYjVkNjA4OCIsImlhdCI6MTc0NTY5Mzc4OCwiZXhwIjoxNzQ1Njk0OTg4fQ.1F0JINUdf07wdWXQfKNlVnt4hI_-3Tl4Md7GyXC0n5I",
    "refreshToken": "208db721ec5e6991caca8be1877b8b728a532f3ca0d5a0604c280a172e4ea206b98063daf20fb52e"
}
Request method:	POST
Request URI:	https://stellarburgers.nomoreparties.site/api/orders
Proxy:			<none>
Request params:	<none>
Query params:	<none>
Form params:	<none>
Path params:	<none>
Headers:		Authorization=Bearer eyJhbGciOiJIUzI1NiIsInR5cCI6IkpXVCJ9.eyJpZCI6IjY4MGQyYzVjOWVkMjgwMDAxYjVkNjA4NSIsImlhdCI6MTc0NTY5Mzc4OCwiZXhwIjoxNzQ1Njk0OTg4fQ.cnKj2BeHUpy_hcGxe7PZVZHZf9UUM9_TgjFd7O5oJkw
				Accept=*/*
				Content-Type=application/json
Cookies:		<none>
Multiparts:		<none>
Body:
{
    "ingredients": [
        "61c0c5a71d1f82001bdaaa6c",
        "61c0c5a71d1f82001bdaaa74",
        "61c0c5a71d1f82001bdaaa77"
    ]
}
HTTP/1.1 200 OK
Server: nginx/1.18.0 (Ubuntu)
Date: Sat, 26 Apr 2025 18:56:31 GMT
Content-Type: application/json; charset=utf-8
Content-Length: 1785
Connection: keep-alive
X-Powered-By: Express
Access-Control-Allow-Origin: *
ETag: W/"6f9-AXKmBS0fp0LU2p3a5Tsrf6eMmVE"

{
    "success": true,
    "name": "Фалленианский традиционный-галактический краторный бургер",
    "order": {
        "ingredients": [
            {
                "_id": "61c0c5a71d1f82001bdaaa6c",
                "name": "Краторная булка N-200i",
                "type": "bun",
                "proteins": 80,
                "fat": 24,
                "carbohydrates": 53,
                "calories": 420,
                "price": 1255,
                "image": "https://code.s3.yandex.net/react/code/bun-02.png",
                "image_mobile": "https://code.s3.yandex.net/react/code/bun-02-mobile.png",
                "image_large": "https://code.s3.yandex.net/react/code/bun-02-large.png",
                "__v": 0
            },
            {
                "_id": "61c0c5a71d1f82001bdaaa74",
                "name": "Соус традиционный галактический",
                "type": "sauce",
                "proteins": 42,
                "fat": 24,
                "carbohydrates": 42,
                "calories": 99,
                "price": 15,
                "image": "https://code.s3.yandex.net/react/code/sauce-03.png",
                "image_mobile": "https://code.s3.yandex.net/react/code/sauce-03-mobile.png",
                "image_large": "https://code.s3.yandex.net/react/code/sauce-03-large.png",
                "__v": 0
            },
            {
                "_id": "61c0c5a71d1f82001bdaaa77",
                "name": "Плоды Фалленианского дерева",
                "type": "main",
                "proteins": 20,
                "fat": 5,
                "carbohydrates": 55,
                "calories": 77,
                "price": 874,
                "image": "https://code.s3.yandex.net/react/code/sp_1.png",
                "image_mobile": "https://code.s3.yandex.net/react/code/sp_1-mobile.png",
                "image_large": "https://code.s3.yandex.net/react/code/sp_1-large.png",
                "__v": 0
            }
        ],
        "_id": "680d2c5d9ed280001b5d608a",
        "owner": {
            "name": "клавдия.молчанова",
            "email": "эдуард.коновалов@hotmail.com",
            "createdAt": "2025-04-26T18:56:28.015Z",
            "updatedAt": "2025-04-26T18:56:28.015Z"
        },
        "status": "done",
        "name": "Фалленианский традиционный-галактический краторный бургер",
        "createdAt": "2025-04-26T18:56:29.131Z",
        "updatedAt": "2025-04-26T18:56:30.849Z",
        "number": 219352,
        "price": 2144
    }
}
Request method:	POST
Request URI:	https://stellarburgers.nomoreparties.site/api/orders
Proxy:			<none>
Request params:	<none>
Query params:	<none>
Form params:	<none>
Path params:	<none>
Headers:		Authorization=Bearer eyJhbGciOiJIUzI1NiIsInR5cCI6IkpXVCJ9.eyJpZCI6IjY4MGQyYzVjOWVkMjgwMDAxYjVkNjA4NSIsImlhdCI6MTc0NTY5Mzc4OCwiZXhwIjoxNzQ1Njk0OTg4fQ.cnKj2BeHUpy_hcGxe7PZVZHZf9UUM9_TgjFd7O5oJkw
				Accept=*/*
				Content-Type=application/json
Cookies:		<none>
Multiparts:		<none>
Body:
{
    "ingredients": [
        "61c0c5a71d1f82001bdaaa7a",
        "61c0c5a71d1f82001bdaaa6d"
    ]
}
HTTP/1.1 200 OK
Server: nginx/1.18.0 (Ubuntu)
Date: Sat, 26 Apr 2025 18:56:34 GMT
Content-Type: application/json; charset=utf-8
Content-Length: 1305
Connection: keep-alive
X-Powered-By: Express
Access-Control-Allow-Origin: *
ETag: W/"519-h4VUABjre/8QQqd90IVf54SSTgI"

{
    "success": true,
    "name": "Флюоресцентный астероидный бургер",
    "order": {
        "ingredients": [
            {
                "_id": "61c0c5a71d1f82001bdaaa7a",
                "name": "Сыр с астероидной плесенью",
                "type": "main",
                "proteins": 84,
                "fat": 48,
                "carbohydrates": 420,
                "calories": 3377,
                "price": 4142,
                "image": "https://code.s3.yandex.net/react/code/cheese.png",
                "image_mobile": "https://code.s3.yandex.net/react/code/cheese-mobile.png",
                "image_large": "https://code.s3.yandex.net/react/code/cheese-large.png",
                "__v": 0
            },
            {
                "_id": "61c0c5a71d1f82001bdaaa6d",
                "name": "Флюоресцентная булка R2-D3",
                "type": "bun",
                "proteins": 44,
                "fat": 26,
                "carbohydrates": 85,
                "calories": 643,
                "price": 988,
                "image": "https://code.s3.yandex.net/react/code/bun-01.png",
                "image_mobile": "https://code.s3.yandex.net/react/code/bun-01-mobile.png",
                "image_large": "https://code.s3.yandex.net/react/code/bun-01-large.png",
                "__v": 0
            }
        ],
        "_id": "680d2c609ed280001b5d608b",
        "owner": {
            "name": "клавдия.молчанова",
            "email": "эдуард.коновалов@hotmail.com",
            "createdAt": "2025-04-26T18:56:28.015Z",
            "updatedAt": "2025-04-26T18:56:28.015Z"
        },
        "status": "done",
        "name": "Флюоресцентный астероидный бургер",
        "createdAt": "2025-04-26T18:56:32.092Z",
        "updatedAt": "2025-04-26T18:56:33.737Z",
        "number": 219353,
        "price": 5130
    }
}
Request method:	GET
Request URI:	https://stellarburgers.nomoreparties.site/api/orders
Proxy:			<none>
Request params:	<none>
Query params:	<none>
Form params:	<none>
Path params:	<none>
Headers:		Authorization=Bearer eyJhbGciOiJIUzI1NiIsInR5cCI6IkpXVCJ9.eyJpZCI6IjY4MGQyYzVjOWVkMjgwMDAxYjVkNjA4OCIsImlhdCI6MTc0NTY5Mzc4OCwiZXhwIjoxNzQ1Njk0OTg4fQ.1F0JINUdf07wdWXQfKNlVnt4hI_-3Tl4Md7GyXC0n5I
				Accept=*/*
				Content-Type=application/json
Cookies:		<none>
Multiparts:		<none>
Body:			<none>
HTTP/1.1 200 OK
Server: nginx/1.18.0 (Ubuntu)
Date: Sat, 26 Apr 2025 18:56:35 GMT
Content-Type: application/json; charset=utf-8
Content-Length: 60
Connection: keep-alive
X-Powered-By: Express
Access-Control-Allow-Origin: *
ETag: W/"3c-p5mksAn6POyNukVdpShbj7RH5ZU"

{
    "success": true,
    "orders": [
        
    ],
    "total": 219353,
    "totalToday": 119
}
Request method:	DELETE
Request URI:	https://stellarburgers.nomoreparties.site/api/auth/user
Proxy:			<none>
Request params:	<none>
Query params:	<none>
Form params:	<none>
Path params:	<none>
Headers:		Authorization=Bearer eyJhbGciOiJIUzI1NiIsInR5cCI6IkpXVCJ9.eyJpZCI6IjY4MGQyYzVjOWVkMjgwMDAxYjVkNjA4NSIsImlhdCI6MTc0NTY5Mzc4OCwiZXhwIjoxNzQ1Njk0OTg4fQ.cnKj2BeHUpy_hcGxe7PZVZHZf9UUM9_TgjFd7O5oJkw
				Accept=*/*
				Content-Type=application/json
Cookies:		<none>
Multiparts:		<none>
Body:			<none>
HTTP/1.1 202 Accepted
Server: nginx/1.18.0 (Ubuntu)
Date: Sat, 26 Apr 2025 18:56:36 GMT
Content-Type: application/json; charset=utf-8
Content-Length: 54
Connection: keep-alive
X-Powered-By: Express
Access-Control-Allow-Origin: *
ETag: W/"36-hDmZnQ3Ou/ynnqAeC6TYmyseuzY"

{
    "success": true,
    "message": "User successfully removed"
}
]]></system-out>
  </testcase>
  <testcase name="testGetOrdersWithoutAuthorizationHeader" classname="kz.yandex.practicum.qa.sb.order.GetUserOrderTest" time="8.236">
    <system-out><![CDATA[Request method:	POST
Request URI:	https://stellarburgers.nomoreparties.site/api/auth/register
Proxy:			<none>
Request params:	<none>
Query params:	<none>
Form params:	<none>
Path params:	<none>
Headers:		Accept=*/*
				Content-Type=application/json
Cookies:		<none>
Multiparts:		<none>
Body:
{
    "email": "наталья.гуляева@ya.ru",
    "password": "u32ruxx81",
    "name": "анжела.гаврилова"
}
HTTP/1.1 200 OK
Server: nginx/1.18.0 (Ubuntu)
Date: Sat, 26 Apr 2025 18:56:36 GMT
Content-Type: application/json; charset=utf-8
Content-Length: 405
Connection: keep-alive
X-Powered-By: Express
Access-Control-Allow-Origin: *
authorization: Bearer eyJhbGciOiJIUzI1NiIsInR5cCI6IkpXVCJ9.eyJpZCI6IjY4MGQyYzY0OWVkMjgwMDAxYjVkNjA4ZCIsImlhdCI6MTc0NTY5Mzc5NiwiZXhwIjoxNzQ1Njk0OTk2fQ.AvvEYgZtfCKZE3GQBRCSrkn4e3bnVuVnXlY8wZro-9E
ETag: W/"195-KIYmnz32Lmj4z7idc+YZtLqy1ms"

{
    "success": true,
    "user": {
        "email": "наталья.гуляева@ya.ru",
        "name": "анжела.гаврилова"
    },
    "accessToken": "Bearer eyJhbGciOiJIUzI1NiIsInR5cCI6IkpXVCJ9.eyJpZCI6IjY4MGQyYzY0OWVkMjgwMDAxYjVkNjA4ZCIsImlhdCI6MTc0NTY5Mzc5NiwiZXhwIjoxNzQ1Njk0OTk2fQ.AvvEYgZtfCKZE3GQBRCSrkn4e3bnVuVnXlY8wZro-9E",
    "refreshToken": "0535a6036f7e6016d2a2d53bbdff49b387d24629a6a3b86dceddddac36de0be3aba2793d62d9a883"
}
Request method:	POST
Request URI:	https://stellarburgers.nomoreparties.site/api/auth/login
Proxy:			<none>
Request params:	<none>
Query params:	<none>
Form params:	<none>
Path params:	<none>
Headers:		Accept=*/*
				Content-Type=application/json
Cookies:		<none>
Multiparts:		<none>
Body:
{
    "email": "наталья.гуляева@ya.ru",
    "password": "u32ruxx81",
    "name": null
}
HTTP/1.1 200 OK
Server: nginx/1.18.0 (Ubuntu)
Date: Sat, 26 Apr 2025 18:56:37 GMT
Content-Type: application/json; charset=utf-8
Content-Length: 405
Connection: keep-alive
X-Powered-By: Express
Access-Control-Allow-Origin: *
ETag: W/"195-5NoEouAnbbPF6/dG+nKHDV/DGEk"

{
    "success": true,
    "accessToken": "Bearer eyJhbGciOiJIUzI1NiIsInR5cCI6IkpXVCJ9.eyJpZCI6IjY4MGQyYzY0OWVkMjgwMDAxYjVkNjA4ZCIsImlhdCI6MTc0NTY5Mzc5NywiZXhwIjoxNzQ1Njk0OTk3fQ.H8Tv1tSKjeqk0lNRgH6VXZzP7SRFohZHXshXqdhZzO0",
    "refreshToken": "51bb591d4ace1c6f5be7f9dca32f19830521a760428e5ee890f11a4ef9d4490ad49f4d2183596f50",
    "user": {
        "email": "наталья.гуляева@ya.ru",
        "name": "анжела.гаврилова"
    }
}
Request method:	POST
Request URI:	https://stellarburgers.nomoreparties.site/api/auth/register
Proxy:			<none>
Request params:	<none>
Query params:	<none>
Form params:	<none>
Path params:	<none>
Headers:		Accept=*/*
				Content-Type=application/json
Cookies:		<none>
Multiparts:		<none>
Body:
{
    "email": "валерии.жукова@mail.ru",
    "password": "omjbpvask4y39x",
    "name": "виктор.горбачева"
}
HTTP/1.1 200 OK
Server: nginx/1.18.0 (Ubuntu)
Date: Sat, 26 Apr 2025 18:56:37 GMT
Content-Type: application/json; charset=utf-8
Content-Length: 405
Connection: keep-alive
X-Powered-By: Express
Access-Control-Allow-Origin: *
authorization: Bearer eyJhbGciOiJIUzI1NiIsInR5cCI6IkpXVCJ9.eyJpZCI6IjY4MGQyYzY1OWVkMjgwMDAxYjVkNjA5MCIsImlhdCI6MTc0NTY5Mzc5NywiZXhwIjoxNzQ1Njk0OTk3fQ.lFcoMq56JGgX73mZH_4Vu3c-vWEgagjP2d4OVnb84q0
ETag: W/"195-3Y+BjVBDNEsm7ngQOVo8+DoGgB0"

{
    "success": true,
    "user": {
        "email": "валерии.жукова@mail.ru",
        "name": "виктор.горбачева"
    },
    "accessToken": "Bearer eyJhbGciOiJIUzI1NiIsInR5cCI6IkpXVCJ9.eyJpZCI6IjY4MGQyYzY1OWVkMjgwMDAxYjVkNjA5MCIsImlhdCI6MTc0NTY5Mzc5NywiZXhwIjoxNzQ1Njk0OTk3fQ.lFcoMq56JGgX73mZH_4Vu3c-vWEgagjP2d4OVnb84q0",
    "refreshToken": "097dc728d60014d32c9f6053ef2f34b27352d6b59976c5464a63b85a1a7076b5ac8695eac9559b86"
}
Request method:	POST
Request URI:	https://stellarburgers.nomoreparties.site/api/orders
Proxy:			<none>
Request params:	<none>
Query params:	<none>
Form params:	<none>
Path params:	<none>
Headers:		Authorization=Bearer eyJhbGciOiJIUzI1NiIsInR5cCI6IkpXVCJ9.eyJpZCI6IjY4MGQyYzY0OWVkMjgwMDAxYjVkNjA4ZCIsImlhdCI6MTc0NTY5Mzc5NywiZXhwIjoxNzQ1Njk0OTk3fQ.H8Tv1tSKjeqk0lNRgH6VXZzP7SRFohZHXshXqdhZzO0
				Accept=*/*
				Content-Type=application/json
Cookies:		<none>
Multiparts:		<none>
Body:
{
    "ingredients": [
        "61c0c5a71d1f82001bdaaa73"
    ]
}
HTTP/1.1 200 OK
Server: nginx/1.18.0 (Ubuntu)
Date: Sat, 26 Apr 2025 18:56:40 GMT
Content-Type: application/json; charset=utf-8
Content-Length: 810
Connection: keep-alive
X-Powered-By: Express
Access-Control-Allow-Origin: *
ETag: W/"32a-I4fUhpMFBe83YSE3k1OID7Gqu9A"

{
    "success": true,
    "name": "Space бургер",
    "order": {
        "ingredients": [
            {
                "_id": "61c0c5a71d1f82001bdaaa73",
                "name": "Соус фирменный Space Sauce",
                "type": "sauce",
                "proteins": 50,
                "fat": 22,
                "carbohydrates": 11,
                "calories": 14,
                "price": 80,
                "image": "https://code.s3.yandex.net/react/code/sauce-04.png",
                "image_mobile": "https://code.s3.yandex.net/react/code/sauce-04-mobile.png",
                "image_large": "https://code.s3.yandex.net/react/code/sauce-04-large.png",
                "__v": 0
            }
        ],
        "_id": "680d2c659ed280001b5d6092",
        "owner": {
            "name": "анжела.гаврилова",
            "email": "наталья.гуляева@ya.ru",
            "createdAt": "2025-04-26T18:56:36.587Z",
            "updatedAt": "2025-04-26T18:56:36.587Z"
        },
        "status": "done",
        "name": "Space бургер",
        "createdAt": "2025-04-26T18:56:37.709Z",
        "updatedAt": "2025-04-26T18:56:39.267Z",
        "number": 219354,
        "price": 80
    }
}
Request method:	POST
Request URI:	https://stellarburgers.nomoreparties.site/api/orders
Proxy:			<none>
Request params:	<none>
Query params:	<none>
Form params:	<none>
Path params:	<none>
Headers:		Authorization=Bearer eyJhbGciOiJIUzI1NiIsInR5cCI6IkpXVCJ9.eyJpZCI6IjY4MGQyYzY0OWVkMjgwMDAxYjVkNjA4ZCIsImlhdCI6MTc0NTY5Mzc5NywiZXhwIjoxNzQ1Njk0OTk3fQ.H8Tv1tSKjeqk0lNRgH6VXZzP7SRFohZHXshXqdhZzO0
				Accept=*/*
				Content-Type=application/json
Cookies:		<none>
Multiparts:		<none>
Body:
{
    "ingredients": [
        "61c0c5a71d1f82001bdaaa6c",
        "61c0c5a71d1f82001bdaaa74",
        "61c0c5a71d1f82001bdaaa75"
    ]
}
HTTP/1.1 200 OK
Server: nginx/1.18.0 (Ubuntu)
Date: Sat, 26 Apr 2025 18:56:43 GMT
Content-Type: application/json; charset=utf-8
Content-Length: 1809
Connection: keep-alive
X-Powered-By: Express
Access-Control-Allow-Origin: *
ETag: W/"711-D09WO8QG7ceDnfMIBZ/iCDgVDJU"

{
    "success": true,
    "name": "Антарианский традиционный-галактический краторный бургер",
    "order": {
        "ingredients": [
            {
                "_id": "61c0c5a71d1f82001bdaaa6c",
                "name": "Краторная булка N-200i",
                "type": "bun",
                "proteins": 80,
                "fat": 24,
                "carbohydrates": 53,
                "calories": 420,
                "price": 1255,
                "image": "https://code.s3.yandex.net/react/code/bun-02.png",
                "image_mobile": "https://code.s3.yandex.net/react/code/bun-02-mobile.png",
                "image_large": "https://code.s3.yandex.net/react/code/bun-02-large.png",
                "__v": 0
            },
            {
                "_id": "61c0c5a71d1f82001bdaaa74",
                "name": "Соус традиционный галактический",
                "type": "sauce",
                "proteins": 42,
                "fat": 24,
                "carbohydrates": 42,
                "calories": 99,
                "price": 15,
                "image": "https://code.s3.yandex.net/react/code/sauce-03.png",
                "image_mobile": "https://code.s3.yandex.net/react/code/sauce-03-mobile.png",
                "image_large": "https://code.s3.yandex.net/react/code/sauce-03-large.png",
                "__v": 0
            },
            {
                "_id": "61c0c5a71d1f82001bdaaa75",
                "name": "Соус с шипами Антарианского плоскоходца",
                "type": "sauce",
                "proteins": 101,
                "fat": 99,
                "carbohydrates": 100,
                "calories": 100,
                "price": 88,
                "image": "https://code.s3.yandex.net/react/code/sauce-01.png",
                "image_mobile": "https://code.s3.yandex.net/react/code/sauce-01-mobile.png",
                "image_large": "https://code.s3.yandex.net/react/code/sauce-01-large.png",
                "__v": 0
            }
        ],
        "_id": "680d2c689ed280001b5d6093",
        "owner": {
            "name": "анжела.гаврилова",
            "email": "наталья.гуляева@ya.ru",
            "createdAt": "2025-04-26T18:56:36.587Z",
            "updatedAt": "2025-04-26T18:56:36.587Z"
        },
        "status": "done",
        "name": "Антарианский традиционный-галактический краторный бургер",
        "createdAt": "2025-04-26T18:56:40.531Z",
        "updatedAt": "2025-04-26T18:56:42.320Z",
        "number": 219355,
        "price": 1358
    }
}
Request method:	GET
Request URI:	https://stellarburgers.nomoreparties.site/api/orders
Proxy:			<none>
Request params:	<none>
Query params:	<none>
Form params:	<none>
Path params:	<none>
Headers:		Accept=*/*
				Content-Type=application/json
Cookies:		<none>
Multiparts:		<none>
Body:			<none>
HTTP/1.1 401 Unauthorized
Server: nginx/1.18.0 (Ubuntu)
Date: Sat, 26 Apr 2025 18:56:43 GMT
Content-Type: application/json; charset=utf-8
Content-Length: 54
Connection: keep-alive
X-Powered-By: Express
Access-Control-Allow-Origin: *
ETag: W/"36-9ndkQYJpZ8s0sMN790Nuh0MLq/U"

{
    "success": false,
    "message": "You should be authorised"
}
Request method:	DELETE
Request URI:	https://stellarburgers.nomoreparties.site/api/auth/user
Proxy:			<none>
Request params:	<none>
Query params:	<none>
Form params:	<none>
Path params:	<none>
Headers:		Authorization=Bearer eyJhbGciOiJIUzI1NiIsInR5cCI6IkpXVCJ9.eyJpZCI6IjY4MGQyYzY0OWVkMjgwMDAxYjVkNjA4ZCIsImlhdCI6MTc0NTY5Mzc5NywiZXhwIjoxNzQ1Njk0OTk3fQ.H8Tv1tSKjeqk0lNRgH6VXZzP7SRFohZHXshXqdhZzO0
				Accept=*/*
				Content-Type=application/json
Cookies:		<none>
Multiparts:		<none>
Body:			<none>
HTTP/1.1 202 Accepted
Server: nginx/1.18.0 (Ubuntu)
Date: Sat, 26 Apr 2025 18:56:44 GMT
Content-Type: application/json; charset=utf-8
Content-Length: 54
Connection: keep-alive
X-Powered-By: Express
Access-Control-Allow-Origin: *
ETag: W/"36-hDmZnQ3Ou/ynnqAeC6TYmyseuzY"

{
    "success": true,
    "message": "User successfully removed"
}
]]></system-out>
  </testcase>
</testsuite>