<?xml version="1.0" encoding="UTF-8"?>
<testsuite xmlns:xsi="http://www.w3.org/2001/XMLSchema-instance" xsi:noNamespaceSchemaLocation="https://maven.apache.org/surefire/maven-surefire-plugin/xsd/surefire-test-report-3.0.xsd" version="3.0" name="kz.yandex.practicum.qa.sb.user.UserUpdateTest" time="7.291" tests="10" errors="0" skipped="0" failures="4">
  <properties>
[...]
</properties>
  <testcase name="testUpdateUnauthorizedUserName" classname="kz.yandex.practicum.qa.sb.user.UserUpdateTest" time="1.565">
    <failure message="expected kz.yandex.practicum.qa.sb.common.AuthorizationException to be thrown, but nothing was thrown" type="java.lang.AssertionError"><![CDATA[java.lang.AssertionError: expected kz.yandex.practicum.qa.sb.common.AuthorizationException to be thrown, but nothing was thrown
	at org.junit.Assert.assertThrows(Assert.java:1028)
	at org.junit.Assert.assertThrows(Assert.java:981)
	at kz.yandex.practicum.qa.sb.user.UserUpdateTest.testUpdateUnauthorizedUserName(UserUpdateTest.java:128)
	at java.base/jdk.internal.reflect.NativeMethodAccessorImpl.invoke0(Native Method)
	at java.base/jdk.internal.reflect.NativeMethodAccessorImpl.invoke(NativeMethodAccessorImpl.java:62)
	at java.base/jdk.internal.reflect.DelegatingMethodAccessorImpl.invoke(DelegatingMethodAccessorImpl.java:43)
	at java.base/java.lang.reflect.Method.invoke(Method.java:566)
	at org.junit.runners.model.FrameworkMethod$1.runReflectiveCall(FrameworkMethod.java:59)
	at org.junit.internal.runners.model.ReflectiveCallable.run(ReflectiveCallable.java:12)
	at org.junit.runners.model.FrameworkMethod.invokeExplosively(FrameworkMethod.java:56)
	at org.junit.internal.runners.statements.InvokeMethod.evaluate(InvokeMethod.java:17)
	at org.junit.runners.ParentRunner$3.evaluate(ParentRunner.java:306)
	at org.junit.runners.BlockJUnit4ClassRunner$1.evaluate(BlockJUnit4ClassRunner.java:100)
	at org.junit.runners.ParentRunner.runLeaf(ParentRunner.java:366)
	at org.junit.runners.BlockJUnit4ClassRunner.runChild(BlockJUnit4ClassRunner.java:103)
	at org.junit.runners.BlockJUnit4ClassRunner.runChild(BlockJUnit4ClassRunner.java:63)
	at org.junit.runners.ParentRunner$4.run(ParentRunner.java:331)
	at org.junit.runners.ParentRunner$1.schedule(ParentRunner.java:79)
	at org.junit.runners.ParentRunner.runChildren(ParentRunner.java:329)
	at org.junit.runners.ParentRunner.access$100(ParentRunner.java:66)
	at org.junit.runners.ParentRunner$2.evaluate(ParentRunner.java:293)
	at org.junit.internal.runners.statements.RunAfters.evaluate(RunAfters.java:27)
	at org.junit.runners.ParentRunner$3.evaluate(ParentRunner.java:306)
	at org.junit.runners.ParentRunner.run(ParentRunner.java:413)
	at org.apache.maven.surefire.junit4.JUnit4Provider.execute(JUnit4Provider.java:316)
	at org.apache.maven.surefire.junit4.JUnit4Provider.executeWithRerun(JUnit4Provider.java:240)
	at org.apache.maven.surefire.junit4.JUnit4Provider.executeTestSet(JUnit4Provider.java:214)
	at org.apache.maven.surefire.junit4.JUnit4Provider.invoke(JUnit4Provider.java:155)
	at org.apache.maven.surefire.booter.ForkedBooter.runSuitesInProcess(ForkedBooter.java:385)
	at org.apache.maven.surefire.booter.ForkedBooter.execute(ForkedBooter.java:162)
	at org.apache.maven.surefire.booter.ForkedBooter.run(ForkedBooter.java:507)
	at org.apache.maven.surefire.booter.ForkedBooter.main(ForkedBooter.java:495)
]]></failure>
    <system-out><![CDATA[Request method:	POST
Request URI:	https://stellarburgers.nomoreparties.site/api/auth/register
Proxy:			<none>
Request params:	<none>
Query params:	<none>
Form params:	<none>
Path params:	<none>
Headers:		Accept=*/*
				Content-Type=application/json
Cookies:		<none>
Multiparts:		<none>
Body:
{
    "email": "игорь.рожкова@yandex.ru",
    "password": "wdlxyjch66",
    "name": "семён.куликов"
}
Request method:	POST
Request URI:	https://stellarburgers.nomoreparties.site/api/auth/register
Proxy:			<none>
Request params:	<none>
Query params:	<none>
Form params:	<none>
Path params:	<none>
Headers:		Accept=*/*
				Content-Type=application/json
Cookies:		<none>
Multiparts:		<none>
Body:
{
    "email": "игорь.рожкова@yandex.ru",
    "password": "wdlxyjch66",
    "name": "семён.куликов"
}
HTTP/1.1 200 OK
Server: nginx/1.18.0 (Ubuntu)
Date: Wed, 23 Apr 2025 13:11:24 GMT
Content-Type: application/json; charset=utf-8
Content-Length: 399
Connection: keep-alive
X-Powered-By: Express
Access-Control-Allow-Origin: *
authorization: Bearer eyJhbGciOiJIUzI1NiIsInR5cCI6IkpXVCJ9.eyJpZCI6IjY4MDhlNmZjOWVkMjgwMDAxYjVkMzA2OSIsImlhdCI6MTc0NTQxMzg4NCwiZXhwIjoxNzQ1NDE1MDg0fQ.HfCC0hcnRvqMnd77P2dUNZE1RvwV2y8JkxHRW7z5PhA
ETag: W/"18f-Re+P92Vrta+S1OGKi0a3gC+4V3Q"

{
    "success": true,
    "user": {
        "email": "игорь.рожкова@yandex.ru",
        "name": "семён.куликов"
    },
    "accessToken": "Bearer eyJhbGciOiJIUzI1NiIsInR5cCI6IkpXVCJ9.eyJpZCI6IjY4MDhlNmZjOWVkMjgwMDAxYjVkMzA2OSIsImlhdCI6MTc0NTQxMzg4NCwiZXhwIjoxNzQ1NDE1MDg0fQ.HfCC0hcnRvqMnd77P2dUNZE1RvwV2y8JkxHRW7z5PhA",
    "refreshToken": "22a5c5736d54505eb67173b595ced21b4d97fa66132f5b248dd43fa81ac06f17a57c75b56357c8ed"
}
HTTP/1.1 200 OK
Server: nginx/1.18.0 (Ubuntu)
Date: Wed, 23 Apr 2025 13:11:24 GMT
Content-Type: application/json; charset=utf-8
Content-Length: 399
Connection: keep-alive
X-Powered-By: Express
Access-Control-Allow-Origin: *
authorization: Bearer eyJhbGciOiJIUzI1NiIsInR5cCI6IkpXVCJ9.eyJpZCI6IjY4MDhlNmZjOWVkMjgwMDAxYjVkMzA2OSIsImlhdCI6MTc0NTQxMzg4NCwiZXhwIjoxNzQ1NDE1MDg0fQ.HfCC0hcnRvqMnd77P2dUNZE1RvwV2y8JkxHRW7z5PhA
ETag: W/"18f-Re+P92Vrta+S1OGKi0a3gC+4V3Q"

{
    "success": true,
    "user": {
        "email": "игорь.рожкова@yandex.ru",
        "name": "семён.куликов"
    },
    "accessToken": "Bearer eyJhbGciOiJIUzI1NiIsInR5cCI6IkpXVCJ9.eyJpZCI6IjY4MDhlNmZjOWVkMjgwMDAxYjVkMzA2OSIsImlhdCI6MTc0NTQxMzg4NCwiZXhwIjoxNzQ1NDE1MDg0fQ.HfCC0hcnRvqMnd77P2dUNZE1RvwV2y8JkxHRW7z5PhA",
    "refreshToken": "22a5c5736d54505eb67173b595ced21b4d97fa66132f5b248dd43fa81ac06f17a57c75b56357c8ed"
}
Request method:	POST
Request URI:	https://stellarburgers.nomoreparties.site/api/auth/login
Proxy:			<none>
Request params:	<none>
Query params:	<none>
Form params:	<none>
Path params:	<none>
Headers:		Accept=*/*
				Content-Type=application/json
Cookies:		<none>
Multiparts:		<none>
Body:
{
    "email": "игорь.рожкова@yandex.ru",
    "password": "wdlxyjch66",
    "name": null
}
Request method:	POST
Request URI:	https://stellarburgers.nomoreparties.site/api/auth/login
Proxy:			<none>
Request params:	<none>
Query params:	<none>
Form params:	<none>
Path params:	<none>
Headers:		Accept=*/*
				Content-Type=application/json
Cookies:		<none>
Multiparts:		<none>
Body:
{
    "email": "игорь.рожкова@yandex.ru",
    "password": "wdlxyjch66",
    "name": null
}
HTTP/1.1 200 OK
Server: nginx/1.18.0 (Ubuntu)
Date: Wed, 23 Apr 2025 13:11:24 GMT
Content-Type: application/json; charset=utf-8
Content-Length: 399
Connection: keep-alive
X-Powered-By: Express
Access-Control-Allow-Origin: *
ETag: W/"18f-qqOHQTI9Uy0vFumKzRZBYmPvhK8"

{
    "success": true,
    "accessToken": "Bearer eyJhbGciOiJIUzI1NiIsInR5cCI6IkpXVCJ9.eyJpZCI6IjY4MDhlNmZjOWVkMjgwMDAxYjVkMzA2OSIsImlhdCI6MTc0NTQxMzg4NCwiZXhwIjoxNzQ1NDE1MDg0fQ.HfCC0hcnRvqMnd77P2dUNZE1RvwV2y8JkxHRW7z5PhA",
    "refreshToken": "0379759cc062c9c68214bdb6faff65816cd8493832956df4f108ce0129967410a022043fc38e0e67",
    "user": {
        "email": "игорь.рожкова@yandex.ru",
        "name": "семён.куликов"
    }
}
HTTP/1.1 200 OK
Server: nginx/1.18.0 (Ubuntu)
Date: Wed, 23 Apr 2025 13:11:24 GMT
Content-Type: application/json; charset=utf-8
Content-Length: 399
Connection: keep-alive
X-Powered-By: Express
Access-Control-Allow-Origin: *
ETag: W/"18f-qqOHQTI9Uy0vFumKzRZBYmPvhK8"

{
    "success": true,
    "accessToken": "Bearer eyJhbGciOiJIUzI1NiIsInR5cCI6IkpXVCJ9.eyJpZCI6IjY4MDhlNmZjOWVkMjgwMDAxYjVkMzA2OSIsImlhdCI6MTc0NTQxMzg4NCwiZXhwIjoxNzQ1NDE1MDg0fQ.HfCC0hcnRvqMnd77P2dUNZE1RvwV2y8JkxHRW7z5PhA",
    "refreshToken": "0379759cc062c9c68214bdb6faff65816cd8493832956df4f108ce0129967410a022043fc38e0e67",
    "user": {
        "email": "игорь.рожкова@yandex.ru",
        "name": "семён.куликов"
    }
}
Request method:	POST
Request URI:	https://stellarburgers.nomoreparties.site/api/auth/register
Proxy:			<none>
Request params:	<none>
Query params:	<none>
Form params:	<none>
Path params:	<none>
Headers:		Accept=*/*
				Content-Type=application/json
Cookies:		<none>
Multiparts:		<none>
Body:
{
    "email": "алена.панов@gmail.com",
    "password": "lbyz42dk",
    "name": "маргарита.горбунова"
}
Request method:	POST
Request URI:	https://stellarburgers.nomoreparties.site/api/auth/register
Proxy:			<none>
Request params:	<none>
Query params:	<none>
Form params:	<none>
Path params:	<none>
Headers:		Accept=*/*
				Content-Type=application/json
Cookies:		<none>
Multiparts:		<none>
Body:
{
    "email": "алена.панов@gmail.com",
    "password": "lbyz42dk",
    "name": "маргарита.горбунова"
}
HTTP/1.1 200 OK
Server: nginx/1.18.0 (Ubuntu)
Date: Wed, 23 Apr 2025 13:11:24 GMT
Content-Type: application/json; charset=utf-8
Content-Length: 407
Connection: keep-alive
X-Powered-By: Express
Access-Control-Allow-Origin: *
authorization: Bearer eyJhbGciOiJIUzI1NiIsInR5cCI6IkpXVCJ9.eyJpZCI6IjY4MDhlNmZjOWVkMjgwMDAxYjVkMzA2YyIsImlhdCI6MTc0NTQxMzg4NCwiZXhwIjoxNzQ1NDE1MDg0fQ.7nacyiUWB1ttpoR-PO4ZrANRyyPG4W5EFT7UsqCxoz4
ETag: W/"197-YTr+5qU9+9gqr3DU4llKJ2/IcQg"

{
    "success": true,
    "user": {
        "email": "алена.панов@gmail.com",
        "name": "маргарита.горбунова"
    },
    "accessToken": "Bearer eyJhbGciOiJIUzI1NiIsInR5cCI6IkpXVCJ9.eyJpZCI6IjY4MDhlNmZjOWVkMjgwMDAxYjVkMzA2YyIsImlhdCI6MTc0NTQxMzg4NCwiZXhwIjoxNzQ1NDE1MDg0fQ.7nacyiUWB1ttpoR-PO4ZrANRyyPG4W5EFT7UsqCxoz4",
    "refreshToken": "145422a04ce1638f451bc0562309f982cc2757fa24fecadf064f74066217f484a6aace9f624989ca"
}
HTTP/1.1 200 OK
Server: nginx/1.18.0 (Ubuntu)
Date: Wed, 23 Apr 2025 13:11:24 GMT
Content-Type: application/json; charset=utf-8
Content-Length: 407
Connection: keep-alive
X-Powered-By: Express
Access-Control-Allow-Origin: *
authorization: Bearer eyJhbGciOiJIUzI1NiIsInR5cCI6IkpXVCJ9.eyJpZCI6IjY4MDhlNmZjOWVkMjgwMDAxYjVkMzA2YyIsImlhdCI6MTc0NTQxMzg4NCwiZXhwIjoxNzQ1NDE1MDg0fQ.7nacyiUWB1ttpoR-PO4ZrANRyyPG4W5EFT7UsqCxoz4
ETag: W/"197-YTr+5qU9+9gqr3DU4llKJ2/IcQg"

{
    "success": true,
    "user": {
        "email": "алена.панов@gmail.com",
        "name": "маргарита.горбунова"
    },
    "accessToken": "Bearer eyJhbGciOiJIUzI1NiIsInR5cCI6IkpXVCJ9.eyJpZCI6IjY4MDhlNmZjOWVkMjgwMDAxYjVkMzA2YyIsImlhdCI6MTc0NTQxMzg4NCwiZXhwIjoxNzQ1NDE1MDg0fQ.7nacyiUWB1ttpoR-PO4ZrANRyyPG4W5EFT7UsqCxoz4",
    "refreshToken": "145422a04ce1638f451bc0562309f982cc2757fa24fecadf064f74066217f484a6aace9f624989ca"
}
Authorized user: User(email=игорь.рожкова@yandex.ru, password=wdlxyjch66, name=семён.куликов, createdAt=null, updatedAt=null, accessToken=Bearer eyJhbGciOiJIUzI1NiIsInR5cCI6IkpXVCJ9.eyJpZCI6IjY4MDhlNmZjOWVkMjgwMDAxYjVkMzA2OSIsImlhdCI6MTc0NTQxMzg4NCwiZXhwIjoxNzQ1NDE1MDg0fQ.HfCC0hcnRvqMnd77P2dUNZE1RvwV2y8JkxHRW7z5PhA, refreshToken=0379759cc062c9c68214bdb6faff65816cd8493832956df4f108ce0129967410a022043fc38e0e67)
Unauthorized user: User(email=алена.панов@gmail.com, password=lbyz42dk, name=маргарита.горбунова, createdAt=null, updatedAt=null, accessToken=Bearer eyJhbGciOiJIUzI1NiIsInR5cCI6IkpXVCJ9.eyJpZCI6IjY4MDhlNmZjOWVkMjgwMDAxYjVkMzA2YyIsImlhdCI6MTc0NTQxMzg4NCwiZXhwIjoxNzQ1NDE1MDg0fQ.7nacyiUWB1ttpoR-PO4ZrANRyyPG4W5EFT7UsqCxoz4, refreshToken=145422a04ce1638f451bc0562309f982cc2757fa24fecadf064f74066217f484a6aace9f624989ca)
Request method:	PATCH
Request URI:	https://stellarburgers.nomoreparties.site/api/auth/user
Proxy:			<none>
Request params:	<none>
Query params:	<none>
Form params:	<none>
Path params:	<none>
Headers:		Authorization=Bearer eyJhbGciOiJIUzI1NiIsInR5cCI6IkpXVCJ9.eyJpZCI6IjY4MDhlNmZjOWVkMjgwMDAxYjVkMzA2YyIsImlhdCI6MTc0NTQxMzg4NCwiZXhwIjoxNzQ1NDE1MDg0fQ.7nacyiUWB1ttpoR-PO4ZrANRyyPG4W5EFT7UsqCxoz4
				Accept=*/*
				Content-Type=application/json
Cookies:		<none>
Multiparts:		<none>
Body:
{
    "email": "алена.панов@gmail.com",
    "password": "lbyz42dk",
    "name": "маргарита.горбунова_updated"
}
Request method:	PATCH
Request URI:	https://stellarburgers.nomoreparties.site/api/auth/user
Proxy:			<none>
Request params:	<none>
Query params:	<none>
Form params:	<none>
Path params:	<none>
Headers:		Authorization=Bearer eyJhbGciOiJIUzI1NiIsInR5cCI6IkpXVCJ9.eyJpZCI6IjY4MDhlNmZjOWVkMjgwMDAxYjVkMzA2YyIsImlhdCI6MTc0NTQxMzg4NCwiZXhwIjoxNzQ1NDE1MDg0fQ.7nacyiUWB1ttpoR-PO4ZrANRyyPG4W5EFT7UsqCxoz4
				Accept=*/*
				Content-Type=application/json
Cookies:		<none>
Multiparts:		<none>
Body:
{
    "email": "алена.панов@gmail.com",
    "password": "lbyz42dk",
    "name": "маргарита.горбунова_updated"
}
HTTP/1.1 200 OK
Server: nginx/1.18.0 (Ubuntu)
Date: Wed, 23 Apr 2025 13:11:25 GMT
Content-Type: application/json; charset=utf-8
Content-Length: 122
Connection: keep-alive
X-Powered-By: Express
Access-Control-Allow-Origin: *
ETag: W/"7a-1y65nLJ5ixp6wips6vvMADQoOT0"

{
    "success": true,
    "user": {
        "email": "алена.панов@gmail.com",
        "name": "маргарита.горбунова_updated"
    }
}
HTTP/1.1 200 OK
Server: nginx/1.18.0 (Ubuntu)
Date: Wed, 23 Apr 2025 13:11:25 GMT
Content-Type: application/json; charset=utf-8
Content-Length: 122
Connection: keep-alive
X-Powered-By: Express
Access-Control-Allow-Origin: *
ETag: W/"7a-1y65nLJ5ixp6wips6vvMADQoOT0"

{
    "success": true,
    "user": {
        "email": "алена.панов@gmail.com",
        "name": "маргарита.горбунова_updated"
    }
}
]]></system-out>
  </testcase>
  <testcase name="testUpdateAuthorizedUserPassword" classname="kz.yandex.practicum.qa.sb.user.UserUpdateTest" time="0.4">
    <system-out><![CDATA[Request method:	PATCH
Request URI:	https://stellarburgers.nomoreparties.site/api/auth/user
Proxy:			<none>
Request params:	<none>
Query params:	<none>
Form params:	<none>
Path params:	<none>
Headers:		Authorization=Bearer eyJhbGciOiJIUzI1NiIsInR5cCI6IkpXVCJ9.eyJpZCI6IjY4MDhlNmZjOWVkMjgwMDAxYjVkMzA2OSIsImlhdCI6MTc0NTQxMzg4NCwiZXhwIjoxNzQ1NDE1MDg0fQ.HfCC0hcnRvqMnd77P2dUNZE1RvwV2y8JkxHRW7z5PhA
				Accept=*/*
				Content-Type=application/json
Cookies:		<none>
Multiparts:		<none>
Body:
{
    "email": "игорь.рожкова@yandex.ru",
    "password": "wdlxyjch66_updated",
    "name": "семён.куликов"
}
Request method:	PATCH
Request URI:	https://stellarburgers.nomoreparties.site/api/auth/user
Proxy:			<none>
Request params:	<none>
Query params:	<none>
Form params:	<none>
Path params:	<none>
Headers:		Authorization=Bearer eyJhbGciOiJIUzI1NiIsInR5cCI6IkpXVCJ9.eyJpZCI6IjY4MDhlNmZjOWVkMjgwMDAxYjVkMzA2OSIsImlhdCI6MTc0NTQxMzg4NCwiZXhwIjoxNzQ1NDE1MDg0fQ.HfCC0hcnRvqMnd77P2dUNZE1RvwV2y8JkxHRW7z5PhA
				Accept=*/*
				Content-Type=application/json
Cookies:		<none>
Multiparts:		<none>
Body:
{
    "email": "игорь.рожкова@yandex.ru",
    "password": "wdlxyjch66_updated",
    "name": "семён.куликов"
}
HTTP/1.1 200 OK
Server: nginx/1.18.0 (Ubuntu)
Date: Wed, 23 Apr 2025 13:11:25 GMT
Content-Type: application/json; charset=utf-8
Content-Length: 106
Connection: keep-alive
X-Powered-By: Express
Access-Control-Allow-Origin: *
ETag: W/"6a-IlMBTyx5+nKiAZg1FSQvPc4IMis"

{
    "success": true,
    "user": {
        "email": "игорь.рожкова@yandex.ru",
        "name": "семён.куликов"
    }
}
HTTP/1.1 200 OK
Server: nginx/1.18.0 (Ubuntu)
Date: Wed, 23 Apr 2025 13:11:25 GMT
Content-Type: application/json; charset=utf-8
Content-Length: 106
Connection: keep-alive
X-Powered-By: Express
Access-Control-Allow-Origin: *
ETag: W/"6a-IlMBTyx5+nKiAZg1FSQvPc4IMis"

{
    "success": true,
    "user": {
        "email": "игорь.рожкова@yandex.ru",
        "name": "семён.куликов"
    }
}
]]></system-out>
  </testcase>
  <testcase name="testUpdateUnauthorizedUserPassword" classname="kz.yandex.practicum.qa.sb.user.UserUpdateTest" time="0.391">
    <failure message="expected kz.yandex.practicum.qa.sb.common.AuthorizationException to be thrown, but nothing was thrown" type="java.lang.AssertionError"><![CDATA[java.lang.AssertionError: expected kz.yandex.practicum.qa.sb.common.AuthorizationException to be thrown, but nothing was thrown
	at org.junit.Assert.assertThrows(Assert.java:1028)
	at org.junit.Assert.assertThrows(Assert.java:981)
	at kz.yandex.practicum.qa.sb.user.UserUpdateTest.testUpdateUnauthorizedUserPassword(UserUpdateTest.java:138)
	at java.base/jdk.internal.reflect.NativeMethodAccessorImpl.invoke0(Native Method)
	at java.base/jdk.internal.reflect.NativeMethodAccessorImpl.invoke(NativeMethodAccessorImpl.java:62)
	at java.base/jdk.internal.reflect.DelegatingMethodAccessorImpl.invoke(DelegatingMethodAccessorImpl.java:43)
	at java.base/java.lang.reflect.Method.invoke(Method.java:566)
	at org.junit.runners.model.FrameworkMethod$1.runReflectiveCall(FrameworkMethod.java:59)
	at org.junit.internal.runners.model.ReflectiveCallable.run(ReflectiveCallable.java:12)
	at org.junit.runners.model.FrameworkMethod.invokeExplosively(FrameworkMethod.java:56)
	at org.junit.internal.runners.statements.InvokeMethod.evaluate(InvokeMethod.java:17)
	at org.junit.runners.ParentRunner$3.evaluate(ParentRunner.java:306)
	at org.junit.runners.BlockJUnit4ClassRunner$1.evaluate(BlockJUnit4ClassRunner.java:100)
	at org.junit.runners.ParentRunner.runLeaf(ParentRunner.java:366)
	at org.junit.runners.BlockJUnit4ClassRunner.runChild(BlockJUnit4ClassRunner.java:103)
	at org.junit.runners.BlockJUnit4ClassRunner.runChild(BlockJUnit4ClassRunner.java:63)
	at org.junit.runners.ParentRunner$4.run(ParentRunner.java:331)
	at org.junit.runners.ParentRunner$1.schedule(ParentRunner.java:79)
	at org.junit.runners.ParentRunner.runChildren(ParentRunner.java:329)
	at org.junit.runners.ParentRunner.access$100(ParentRunner.java:66)
	at org.junit.runners.ParentRunner$2.evaluate(ParentRunner.java:293)
	at org.junit.internal.runners.statements.RunAfters.evaluate(RunAfters.java:27)
	at org.junit.runners.ParentRunner$3.evaluate(ParentRunner.java:306)
	at org.junit.runners.ParentRunner.run(ParentRunner.java:413)
	at org.apache.maven.surefire.junit4.JUnit4Provider.execute(JUnit4Provider.java:316)
	at org.apache.maven.surefire.junit4.JUnit4Provider.executeWithRerun(JUnit4Provider.java:240)
	at org.apache.maven.surefire.junit4.JUnit4Provider.executeTestSet(JUnit4Provider.java:214)
	at org.apache.maven.surefire.junit4.JUnit4Provider.invoke(JUnit4Provider.java:155)
	at org.apache.maven.surefire.booter.ForkedBooter.runSuitesInProcess(ForkedBooter.java:385)
	at org.apache.maven.surefire.booter.ForkedBooter.execute(ForkedBooter.java:162)
	at org.apache.maven.surefire.booter.ForkedBooter.run(ForkedBooter.java:507)
	at org.apache.maven.surefire.booter.ForkedBooter.main(ForkedBooter.java:495)
]]></failure>
    <system-out><![CDATA[Request method:	PATCH
Request URI:	https://stellarburgers.nomoreparties.site/api/auth/user
Proxy:			<none>
Request params:	<none>
Query params:	<none>
Form params:	<none>
Path params:	<none>
Headers:		Authorization=Bearer eyJhbGciOiJIUzI1NiIsInR5cCI6IkpXVCJ9.eyJpZCI6IjY4MDhlNmZjOWVkMjgwMDAxYjVkMzA2YyIsImlhdCI6MTc0NTQxMzg4NCwiZXhwIjoxNzQ1NDE1MDg0fQ.7nacyiUWB1ttpoR-PO4ZrANRyyPG4W5EFT7UsqCxoz4
				Accept=*/*
				Content-Type=application/json
Cookies:		<none>
Multiparts:		<none>
Body:
{
    "email": "алена.панов@gmail.com",
    "password": "lbyz42dk_updated",
    "name": "маргарита.горбунова"
}
Request method:	PATCH
Request URI:	https://stellarburgers.nomoreparties.site/api/auth/user
Proxy:			<none>
Request params:	<none>
Query params:	<none>
Form params:	<none>
Path params:	<none>
Headers:		Authorization=Bearer eyJhbGciOiJIUzI1NiIsInR5cCI6IkpXVCJ9.eyJpZCI6IjY4MDhlNmZjOWVkMjgwMDAxYjVkMzA2YyIsImlhdCI6MTc0NTQxMzg4NCwiZXhwIjoxNzQ1NDE1MDg0fQ.7nacyiUWB1ttpoR-PO4ZrANRyyPG4W5EFT7UsqCxoz4
				Accept=*/*
				Content-Type=application/json
Cookies:		<none>
Multiparts:		<none>
Body:
{
    "email": "алена.панов@gmail.com",
    "password": "lbyz42dk_updated",
    "name": "маргарита.горбунова"
}
HTTP/1.1 200 OK
Server: nginx/1.18.0 (Ubuntu)
Date: Wed, 23 Apr 2025 13:11:26 GMT
Content-Type: application/json; charset=utf-8
Content-Length: 114
Connection: keep-alive
X-Powered-By: Express
Access-Control-Allow-Origin: *
ETag: W/"72-WTrlR6t1xq2E6ialbny+Ff2eLWw"

{
    "success": true,
    "user": {
        "email": "алена.панов@gmail.com",
        "name": "маргарита.горбунова"
    }
}
HTTP/1.1 200 OK
Server: nginx/1.18.0 (Ubuntu)
Date: Wed, 23 Apr 2025 13:11:26 GMT
Content-Type: application/json; charset=utf-8
Content-Length: 114
Connection: keep-alive
X-Powered-By: Express
Access-Control-Allow-Origin: *
ETag: W/"72-WTrlR6t1xq2E6ialbny+Ff2eLWw"

{
    "success": true,
    "user": {
        "email": "алена.панов@gmail.com",
        "name": "маргарита.горбунова"
    }
}
]]></system-out>
  </testcase>
  <testcase name="testUpdateAuthorizedUserExistentEmail" classname="kz.yandex.practicum.qa.sb.user.UserUpdateTest" time="0.391">
    <failure message="expected kz.yandex.practicum.qa.sb.common.ApiException to be thrown, but nothing was thrown" type="java.lang.AssertionError"><![CDATA[java.lang.AssertionError: expected kz.yandex.practicum.qa.sb.common.ApiException to be thrown, but nothing was thrown
	at org.junit.Assert.assertThrows(Assert.java:1028)
	at org.junit.Assert.assertThrows(Assert.java:981)
	at kz.yandex.practicum.qa.sb.user.UserUpdateTest.testUpdateAuthorizedUserExistentEmail(UserUpdateTest.java:70)
	at java.base/jdk.internal.reflect.NativeMethodAccessorImpl.invoke0(Native Method)
	at java.base/jdk.internal.reflect.NativeMethodAccessorImpl.invoke(NativeMethodAccessorImpl.java:62)
	at java.base/jdk.internal.reflect.DelegatingMethodAccessorImpl.invoke(DelegatingMethodAccessorImpl.java:43)
	at java.base/java.lang.reflect.Method.invoke(Method.java:566)
	at org.junit.runners.model.FrameworkMethod$1.runReflectiveCall(FrameworkMethod.java:59)
	at org.junit.internal.runners.model.ReflectiveCallable.run(ReflectiveCallable.java:12)
	at org.junit.runners.model.FrameworkMethod.invokeExplosively(FrameworkMethod.java:56)
	at org.junit.internal.runners.statements.InvokeMethod.evaluate(InvokeMethod.java:17)
	at org.junit.runners.ParentRunner$3.evaluate(ParentRunner.java:306)
	at org.junit.runners.BlockJUnit4ClassRunner$1.evaluate(BlockJUnit4ClassRunner.java:100)
	at org.junit.runners.ParentRunner.runLeaf(ParentRunner.java:366)
	at org.junit.runners.BlockJUnit4ClassRunner.runChild(BlockJUnit4ClassRunner.java:103)
	at org.junit.runners.BlockJUnit4ClassRunner.runChild(BlockJUnit4ClassRunner.java:63)
	at org.junit.runners.ParentRunner$4.run(ParentRunner.java:331)
	at org.junit.runners.ParentRunner$1.schedule(ParentRunner.java:79)
	at org.junit.runners.ParentRunner.runChildren(ParentRunner.java:329)
	at org.junit.runners.ParentRunner.access$100(ParentRunner.java:66)
	at org.junit.runners.ParentRunner$2.evaluate(ParentRunner.java:293)
	at org.junit.internal.runners.statements.RunAfters.evaluate(RunAfters.java:27)
	at org.junit.runners.ParentRunner$3.evaluate(ParentRunner.java:306)
	at org.junit.runners.ParentRunner.run(ParentRunner.java:413)
	at org.apache.maven.surefire.junit4.JUnit4Provider.execute(JUnit4Provider.java:316)
	at org.apache.maven.surefire.junit4.JUnit4Provider.executeWithRerun(JUnit4Provider.java:240)
	at org.apache.maven.surefire.junit4.JUnit4Provider.executeTestSet(JUnit4Provider.java:214)
	at org.apache.maven.surefire.junit4.JUnit4Provider.invoke(JUnit4Provider.java:155)
	at org.apache.maven.surefire.booter.ForkedBooter.runSuitesInProcess(ForkedBooter.java:385)
	at org.apache.maven.surefire.booter.ForkedBooter.execute(ForkedBooter.java:162)
	at org.apache.maven.surefire.booter.ForkedBooter.run(ForkedBooter.java:507)
	at org.apache.maven.surefire.booter.ForkedBooter.main(ForkedBooter.java:495)
]]></failure>
    <system-out><![CDATA[Request method:	PATCH
Request URI:	https://stellarburgers.nomoreparties.site/api/auth/user
Proxy:			<none>
Request params:	<none>
Query params:	<none>
Form params:	<none>
Path params:	<none>
Headers:		Authorization=Bearer eyJhbGciOiJIUzI1NiIsInR5cCI6IkpXVCJ9.eyJpZCI6IjY4MDhlNmZjOWVkMjgwMDAxYjVkMzA2OSIsImlhdCI6MTc0NTQxMzg4NCwiZXhwIjoxNzQ1NDE1MDg0fQ.HfCC0hcnRvqMnd77P2dUNZE1RvwV2y8JkxHRW7z5PhA
				Accept=*/*
				Content-Type=application/json
Cookies:		<none>
Multiparts:		<none>
Body:
{
    "email": "алена.панов@gmail.com_updated",
    "password": "wdlxyjch66",
    "name": "семён.куликов"
}
Request method:	PATCH
Request URI:	https://stellarburgers.nomoreparties.site/api/auth/user
Proxy:			<none>
Request params:	<none>
Query params:	<none>
Form params:	<none>
Path params:	<none>
Headers:		Authorization=Bearer eyJhbGciOiJIUzI1NiIsInR5cCI6IkpXVCJ9.eyJpZCI6IjY4MDhlNmZjOWVkMjgwMDAxYjVkMzA2OSIsImlhdCI6MTc0NTQxMzg4NCwiZXhwIjoxNzQ1NDE1MDg0fQ.HfCC0hcnRvqMnd77P2dUNZE1RvwV2y8JkxHRW7z5PhA
				Accept=*/*
				Content-Type=application/json
Cookies:		<none>
Multiparts:		<none>
Body:
{
    "email": "алена.панов@gmail.com_updated",
    "password": "wdlxyjch66",
    "name": "семён.куликов"
}
HTTP/1.1 200 OK
Server: nginx/1.18.0 (Ubuntu)
Date: Wed, 23 Apr 2025 13:11:26 GMT
Content-Type: application/json; charset=utf-8
Content-Length: 110
Connection: keep-alive
X-Powered-By: Express
Access-Control-Allow-Origin: *
ETag: W/"6e-/KYvNA4p+vRy51+tfBWN+ZCvW5Q"

{
    "success": true,
    "user": {
        "email": "алена.панов@gmail.com_updated",
        "name": "семён.куликов"
    }
}
HTTP/1.1 200 OK
Server: nginx/1.18.0 (Ubuntu)
Date: Wed, 23 Apr 2025 13:11:26 GMT
Content-Type: application/json; charset=utf-8
Content-Length: 110
Connection: keep-alive
X-Powered-By: Express
Access-Control-Allow-Origin: *
ETag: W/"6e-/KYvNA4p+vRy51+tfBWN+ZCvW5Q"

{
    "success": true,
    "user": {
        "email": "алена.панов@gmail.com_updated",
        "name": "семён.куликов"
    }
}
]]></system-out>
  </testcase>
  <testcase name="testUpdateAuthorizedUserName" classname="kz.yandex.practicum.qa.sb.user.UserUpdateTest" time="1.378">
    <system-out><![CDATA[Request method:	PATCH
Request URI:	https://stellarburgers.nomoreparties.site/api/auth/user
Proxy:			<none>
Request params:	<none>
Query params:	<none>
Form params:	<none>
Path params:	<none>
Headers:		Authorization=Bearer eyJhbGciOiJIUzI1NiIsInR5cCI6IkpXVCJ9.eyJpZCI6IjY4MDhlNmZjOWVkMjgwMDAxYjVkMzA2OSIsImlhdCI6MTc0NTQxMzg4NCwiZXhwIjoxNzQ1NDE1MDg0fQ.HfCC0hcnRvqMnd77P2dUNZE1RvwV2y8JkxHRW7z5PhA
				Accept=*/*
				Content-Type=application/json
Cookies:		<none>
Multiparts:		<none>
Body:
{
    "email": "игорь.рожкова@yandex.ru",
    "password": "wdlxyjch66",
    "name": "семён.куликов_updated"
}
Request method:	PATCH
Request URI:	https://stellarburgers.nomoreparties.site/api/auth/user
Proxy:			<none>
Request params:	<none>
Query params:	<none>
Form params:	<none>
Path params:	<none>
Headers:		Authorization=Bearer eyJhbGciOiJIUzI1NiIsInR5cCI6IkpXVCJ9.eyJpZCI6IjY4MDhlNmZjOWVkMjgwMDAxYjVkMzA2OSIsImlhdCI6MTc0NTQxMzg4NCwiZXhwIjoxNzQ1NDE1MDg0fQ.HfCC0hcnRvqMnd77P2dUNZE1RvwV2y8JkxHRW7z5PhA
				Accept=*/*
				Content-Type=application/json
Cookies:		<none>
Multiparts:		<none>
Body:
{
    "email": "игорь.рожкова@yandex.ru",
    "password": "wdlxyjch66",
    "name": "семён.куликов_updated"
}
HTTP/1.1 200 OK
Server: nginx/1.18.0 (Ubuntu)
Date: Wed, 23 Apr 2025 13:11:27 GMT
Content-Type: application/json; charset=utf-8
Content-Length: 114
Connection: keep-alive
X-Powered-By: Express
Access-Control-Allow-Origin: *
ETag: W/"72-L6o2/1gelPcehF0alZGZwVnJNok"

{
    "success": true,
    "user": {
        "email": "игорь.рожкова@yandex.ru",
        "name": "семён.куликов_updated"
    }
}
HTTP/1.1 200 OK
Server: nginx/1.18.0 (Ubuntu)
Date: Wed, 23 Apr 2025 13:11:27 GMT
Content-Type: application/json; charset=utf-8
Content-Length: 114
Connection: keep-alive
X-Powered-By: Express
Access-Control-Allow-Origin: *
ETag: W/"72-L6o2/1gelPcehF0alZGZwVnJNok"

{
    "success": true,
    "user": {
        "email": "игорь.рожкова@yandex.ru",
        "name": "семён.куликов_updated"
    }
}
]]></system-out>
  </testcase>
  <testcase name="testUpdateUserNameWithoutAuthorization" classname="kz.yandex.practicum.qa.sb.user.UserUpdateTest" time="0.283">
    <system-out><![CDATA[Request method:	PATCH
Request URI:	https://stellarburgers.nomoreparties.site/api/auth/user
Proxy:			<none>
Request params:	<none>
Query params:	<none>
Form params:	<none>
Path params:	<none>
Headers:		Accept=*/*
				Content-Type=application/json
Cookies:		<none>
Multiparts:		<none>
Body:
{
    "email": "алена.панов@gmail.com",
    "password": "lbyz42dk",
    "name": "маргарита.горбунова_updated"
}
Request method:	PATCH
Request URI:	https://stellarburgers.nomoreparties.site/api/auth/user
Proxy:			<none>
Request params:	<none>
Query params:	<none>
Form params:	<none>
Path params:	<none>
Headers:		Accept=*/*
				Content-Type=application/json
Cookies:		<none>
Multiparts:		<none>
Body:
{
    "email": "алена.панов@gmail.com",
    "password": "lbyz42dk",
    "name": "маргарита.горбунова_updated"
}
HTTP/1.1 401 Unauthorized
Server: nginx/1.18.0 (Ubuntu)
Date: Wed, 23 Apr 2025 13:11:28 GMT
Content-Type: application/json; charset=utf-8
Content-Length: 54
Connection: keep-alive
X-Powered-By: Express
Access-Control-Allow-Origin: *
ETag: W/"36-9ndkQYJpZ8s0sMN790Nuh0MLq/U"

{
    "success": false,
    "message": "You should be authorised"
}
HTTP/1.1 401 Unauthorized
Server: nginx/1.18.0 (Ubuntu)
Date: Wed, 23 Apr 2025 13:11:28 GMT
Content-Type: application/json; charset=utf-8
Content-Length: 54
Connection: keep-alive
X-Powered-By: Express
Access-Control-Allow-Origin: *
ETag: W/"36-9ndkQYJpZ8s0sMN790Nuh0MLq/U"

{
    "success": false,
    "message": "You should be authorised"
}
]]></system-out>
  </testcase>
  <testcase name="testUpdateUserEmailWithoutAuthorization" classname="kz.yandex.practicum.qa.sb.user.UserUpdateTest" time="0.279">
    <system-out><![CDATA[Request method:	PATCH
Request URI:	https://stellarburgers.nomoreparties.site/api/auth/user
Proxy:			<none>
Request params:	<none>
Query params:	<none>
Form params:	<none>
Path params:	<none>
Headers:		Accept=*/*
				Content-Type=application/json
Cookies:		<none>
Multiparts:		<none>
Body:
{
    "email": "алена.панов@gmail.com_updated",
    "password": "lbyz42dk",
    "name": "маргарита.горбунова"
}
Request method:	PATCH
Request URI:	https://stellarburgers.nomoreparties.site/api/auth/user
Proxy:			<none>
Request params:	<none>
Query params:	<none>
Form params:	<none>
Path params:	<none>
Headers:		Accept=*/*
				Content-Type=application/json
Cookies:		<none>
Multiparts:		<none>
Body:
{
    "email": "алена.панов@gmail.com_updated",
    "password": "lbyz42dk",
    "name": "маргарита.горбунова"
}
HTTP/1.1 401 Unauthorized
Server: nginx/1.18.0 (Ubuntu)
Date: Wed, 23 Apr 2025 13:11:28 GMT
Content-Type: application/json; charset=utf-8
Content-Length: 54
Connection: keep-alive
X-Powered-By: Express
Access-Control-Allow-Origin: *
ETag: W/"36-9ndkQYJpZ8s0sMN790Nuh0MLq/U"

{
    "success": false,
    "message": "You should be authorised"
}
HTTP/1.1 401 Unauthorized
Server: nginx/1.18.0 (Ubuntu)
Date: Wed, 23 Apr 2025 13:11:28 GMT
Content-Type: application/json; charset=utf-8
Content-Length: 54
Connection: keep-alive
X-Powered-By: Express
Access-Control-Allow-Origin: *
ETag: W/"36-9ndkQYJpZ8s0sMN790Nuh0MLq/U"

{
    "success": false,
    "message": "You should be authorised"
}
]]></system-out>
  </testcase>
  <testcase name="testUpdateUserPasswordWithoutAuthorization" classname="kz.yandex.practicum.qa.sb.user.UserUpdateTest" time="0.29">
    <system-out><![CDATA[Request method:	PATCH
Request URI:	https://stellarburgers.nomoreparties.site/api/auth/user
Proxy:			<none>
Request params:	<none>
Query params:	<none>
Form params:	<none>
Path params:	<none>
Headers:		Accept=*/*
				Content-Type=application/json
Cookies:		<none>
Multiparts:		<none>
Body:
{
    "email": "алена.панов@gmail.com",
    "password": "lbyz42dk_updated",
    "name": "маргарита.горбунова"
}
Request method:	PATCH
Request URI:	https://stellarburgers.nomoreparties.site/api/auth/user
Proxy:			<none>
Request params:	<none>
Query params:	<none>
Form params:	<none>
Path params:	<none>
Headers:		Accept=*/*
				Content-Type=application/json
Cookies:		<none>
Multiparts:		<none>
Body:
{
    "email": "алена.панов@gmail.com",
    "password": "lbyz42dk_updated",
    "name": "маргарита.горбунова"
}
HTTP/1.1 401 Unauthorized
Server: nginx/1.18.0 (Ubuntu)
Date: Wed, 23 Apr 2025 13:11:28 GMT
Content-Type: application/json; charset=utf-8
Content-Length: 54
Connection: keep-alive
X-Powered-By: Express
Access-Control-Allow-Origin: *
ETag: W/"36-9ndkQYJpZ8s0sMN790Nuh0MLq/U"

{
    "success": false,
    "message": "You should be authorised"
}
HTTP/1.1 401 Unauthorized
Server: nginx/1.18.0 (Ubuntu)
Date: Wed, 23 Apr 2025 13:11:28 GMT
Content-Type: application/json; charset=utf-8
Content-Length: 54
Connection: keep-alive
X-Powered-By: Express
Access-Control-Allow-Origin: *
ETag: W/"36-9ndkQYJpZ8s0sMN790Nuh0MLq/U"

{
    "success": false,
    "message": "You should be authorised"
}
]]></system-out>
  </testcase>
  <testcase name="testUpdateUnauthorizedUserEmail" classname="kz.yandex.practicum.qa.sb.user.UserUpdateTest" time="0.369">
    <failure message="expected kz.yandex.practicum.qa.sb.common.AuthorizationException to be thrown, but nothing was thrown" type="java.lang.AssertionError"><![CDATA[java.lang.AssertionError: expected kz.yandex.practicum.qa.sb.common.AuthorizationException to be thrown, but nothing was thrown
	at org.junit.Assert.assertThrows(Assert.java:1028)
	at org.junit.Assert.assertThrows(Assert.java:981)
	at kz.yandex.practicum.qa.sb.user.UserUpdateTest.testUpdateUnauthorizedUserEmail(UserUpdateTest.java:118)
	at java.base/jdk.internal.reflect.NativeMethodAccessorImpl.invoke0(Native Method)
	at java.base/jdk.internal.reflect.NativeMethodAccessorImpl.invoke(NativeMethodAccessorImpl.java:62)
	at java.base/jdk.internal.reflect.DelegatingMethodAccessorImpl.invoke(DelegatingMethodAccessorImpl.java:43)
	at java.base/java.lang.reflect.Method.invoke(Method.java:566)
	at org.junit.runners.model.FrameworkMethod$1.runReflectiveCall(FrameworkMethod.java:59)
	at org.junit.internal.runners.model.ReflectiveCallable.run(ReflectiveCallable.java:12)
	at org.junit.runners.model.FrameworkMethod.invokeExplosively(FrameworkMethod.java:56)
	at org.junit.internal.runners.statements.InvokeMethod.evaluate(InvokeMethod.java:17)
	at org.junit.runners.ParentRunner$3.evaluate(ParentRunner.java:306)
	at org.junit.runners.BlockJUnit4ClassRunner$1.evaluate(BlockJUnit4ClassRunner.java:100)
	at org.junit.runners.ParentRunner.runLeaf(ParentRunner.java:366)
	at org.junit.runners.BlockJUnit4ClassRunner.runChild(BlockJUnit4ClassRunner.java:103)
	at org.junit.runners.BlockJUnit4ClassRunner.runChild(BlockJUnit4ClassRunner.java:63)
	at org.junit.runners.ParentRunner$4.run(ParentRunner.java:331)
	at org.junit.runners.ParentRunner$1.schedule(ParentRunner.java:79)
	at org.junit.runners.ParentRunner.runChildren(ParentRunner.java:329)
	at org.junit.runners.ParentRunner.access$100(ParentRunner.java:66)
	at org.junit.runners.ParentRunner$2.evaluate(ParentRunner.java:293)
	at org.junit.internal.runners.statements.RunAfters.evaluate(RunAfters.java:27)
	at org.junit.runners.ParentRunner$3.evaluate(ParentRunner.java:306)
	at org.junit.runners.ParentRunner.run(ParentRunner.java:413)
	at org.apache.maven.surefire.junit4.JUnit4Provider.execute(JUnit4Provider.java:316)
	at org.apache.maven.surefire.junit4.JUnit4Provider.executeWithRerun(JUnit4Provider.java:240)
	at org.apache.maven.surefire.junit4.JUnit4Provider.executeTestSet(JUnit4Provider.java:214)
	at org.apache.maven.surefire.junit4.JUnit4Provider.invoke(JUnit4Provider.java:155)
	at org.apache.maven.surefire.booter.ForkedBooter.runSuitesInProcess(ForkedBooter.java:385)
	at org.apache.maven.surefire.booter.ForkedBooter.execute(ForkedBooter.java:162)
	at org.apache.maven.surefire.booter.ForkedBooter.run(ForkedBooter.java:507)
	at org.apache.maven.surefire.booter.ForkedBooter.main(ForkedBooter.java:495)
]]></failure>
    <system-out><![CDATA[Request method:	PATCH
Request URI:	https://stellarburgers.nomoreparties.site/api/auth/user
Proxy:			<none>
Request params:	<none>
Query params:	<none>
Form params:	<none>
Path params:	<none>
Headers:		Authorization=Bearer eyJhbGciOiJIUzI1NiIsInR5cCI6IkpXVCJ9.eyJpZCI6IjY4MDhlNmZjOWVkMjgwMDAxYjVkMzA2YyIsImlhdCI6MTc0NTQxMzg4NCwiZXhwIjoxNzQ1NDE1MDg0fQ.7nacyiUWB1ttpoR-PO4ZrANRyyPG4W5EFT7UsqCxoz4
				Accept=*/*
				Content-Type=application/json
Cookies:		<none>
Multiparts:		<none>
Body:
{
    "email": "алена.панов@gmail.com_updated",
    "password": "lbyz42dk",
    "name": "маргарита.горбунова"
}
Request method:	PATCH
Request URI:	https://stellarburgers.nomoreparties.site/api/auth/user
Proxy:			<none>
Request params:	<none>
Query params:	<none>
Form params:	<none>
Path params:	<none>
Headers:		Authorization=Bearer eyJhbGciOiJIUzI1NiIsInR5cCI6IkpXVCJ9.eyJpZCI6IjY4MDhlNmZjOWVkMjgwMDAxYjVkMzA2YyIsImlhdCI6MTc0NTQxMzg4NCwiZXhwIjoxNzQ1NDE1MDg0fQ.7nacyiUWB1ttpoR-PO4ZrANRyyPG4W5EFT7UsqCxoz4
				Accept=*/*
				Content-Type=application/json
Cookies:		<none>
Multiparts:		<none>
Body:
{
    "email": "алена.панов@gmail.com_updated",
    "password": "lbyz42dk",
    "name": "маргарита.горбунова"
}
HTTP/1.1 200 OK
Server: nginx/1.18.0 (Ubuntu)
Date: Wed, 23 Apr 2025 13:11:29 GMT
Content-Type: application/json; charset=utf-8
Content-Length: 122
Connection: keep-alive
X-Powered-By: Express
Access-Control-Allow-Origin: *
ETag: W/"7a-lj907U0gh1eZqnk7cCR2d0j43r8"

{
    "success": true,
    "user": {
        "email": "алена.панов@gmail.com_updated",
        "name": "маргарита.горбунова"
    }
}
HTTP/1.1 200 OK
Server: nginx/1.18.0 (Ubuntu)
Date: Wed, 23 Apr 2025 13:11:29 GMT
Content-Type: application/json; charset=utf-8
Content-Length: 122
Connection: keep-alive
X-Powered-By: Express
Access-Control-Allow-Origin: *
ETag: W/"7a-lj907U0gh1eZqnk7cCR2d0j43r8"

{
    "success": true,
    "user": {
        "email": "алена.панов@gmail.com_updated",
        "name": "маргарита.горбунова"
    }
}
]]></system-out>
  </testcase>
  <testcase name="testUpdateAuthorizedUserEmail" classname="kz.yandex.practicum.qa.sb.user.UserUpdateTest" time="0.353">
    <system-out><![CDATA[Request method:	PATCH
Request URI:	https://stellarburgers.nomoreparties.site/api/auth/user
Proxy:			<none>
Request params:	<none>
Query params:	<none>
Form params:	<none>
Path params:	<none>
Headers:		Authorization=Bearer eyJhbGciOiJIUzI1NiIsInR5cCI6IkpXVCJ9.eyJpZCI6IjY4MDhlNmZjOWVkMjgwMDAxYjVkMzA2OSIsImlhdCI6MTc0NTQxMzg4NCwiZXhwIjoxNzQ1NDE1MDg0fQ.HfCC0hcnRvqMnd77P2dUNZE1RvwV2y8JkxHRW7z5PhA
				Accept=*/*
				Content-Type=application/json
Cookies:		<none>
Multiparts:		<none>
Body:
{
    "email": "игорь.рожкова@yandex.ru_updated",
    "password": "wdlxyjch66",
    "name": "семён.куликов"
}
Request method:	PATCH
Request URI:	https://stellarburgers.nomoreparties.site/api/auth/user
Proxy:			<none>
Request params:	<none>
Query params:	<none>
Form params:	<none>
Path params:	<none>
Headers:		Authorization=Bearer eyJhbGciOiJIUzI1NiIsInR5cCI6IkpXVCJ9.eyJpZCI6IjY4MDhlNmZjOWVkMjgwMDAxYjVkMzA2OSIsImlhdCI6MTc0NTQxMzg4NCwiZXhwIjoxNzQ1NDE1MDg0fQ.HfCC0hcnRvqMnd77P2dUNZE1RvwV2y8JkxHRW7z5PhA
				Accept=*/*
				Content-Type=application/json
Cookies:		<none>
Multiparts:		<none>
Body:
{
    "email": "игорь.рожкова@yandex.ru_updated",
    "password": "wdlxyjch66",
    "name": "семён.куликов"
}
HTTP/1.1 200 OK
Server: nginx/1.18.0 (Ubuntu)
Date: Wed, 23 Apr 2025 13:11:29 GMT
Content-Type: application/json; charset=utf-8
Content-Length: 114
Connection: keep-alive
X-Powered-By: Express
Access-Control-Allow-Origin: *
ETag: W/"72-z848TMq0S/FZck8H94uc8uO+u8k"

{
    "success": true,
    "user": {
        "email": "игорь.рожкова@yandex.ru_updated",
        "name": "семён.куликов"
    }
}
HTTP/1.1 200 OK
Server: nginx/1.18.0 (Ubuntu)
Date: Wed, 23 Apr 2025 13:11:29 GMT
Content-Type: application/json; charset=utf-8
Content-Length: 114
Connection: keep-alive
X-Powered-By: Express
Access-Control-Allow-Origin: *
ETag: W/"72-z848TMq0S/FZck8H94uc8uO+u8k"

{
    "success": true,
    "user": {
        "email": "игорь.рожкова@yandex.ru_updated",
        "name": "семён.куликов"
    }
}
]]></system-out>
  </testcase>
</testsuite>