<?xml version="1.0" encoding="UTF-8"?>
<testsuite xmlns:xsi="http://www.w3.org/2001/XMLSchema-instance" xsi:noNamespaceSchemaLocation="https://maven.apache.org/surefire/maven-surefire-plugin/xsd/surefire-test-report-3.0.xsd" version="3.0" name="kz.yandex.practicum.qa.sb.user.UserUpdateTest" time="33.155" tests="10" errors="0" skipped="0" failures="4">
  <properties>
[...]
</properties>
  <testcase name="testUpdateUnauthorizedUserName" classname="kz.yandex.practicum.qa.sb.user.UserUpdateTest" time="3.21">
    <failure message="Expected kz.yandex.practicum.qa.sb.common.ApiException to be thrown, but nothing was thrown." type="org.opentest4j.AssertionFailedError"><![CDATA[org.opentest4j.AssertionFailedError: Expected kz.yandex.practicum.qa.sb.common.ApiException to be thrown, but nothing was thrown.
	at org.junit.jupiter.api.AssertionFailureBuilder.build(AssertionFailureBuilder.java:152)
	at org.junit.jupiter.api.AssertThrows.assertThrows(AssertThrows.java:73)
	at org.junit.jupiter.api.AssertThrows.assertThrows(AssertThrows.java:35)
	at org.junit.jupiter.api.Assertions.assertThrows(Assertions.java:3128)
	at kz.yandex.practicum.qa.sb.user.UserUpdateTest.testUpdateUnauthorizedUserName(UserUpdateTest.java:156)
	at java.base/java.lang.reflect.Method.invoke(Method.java:566)
	at java.base/java.util.ArrayList.forEach(ArrayList.java:1541)
	at java.base/java.util.ArrayList.forEach(ArrayList.java:1541)
]]></failure>
    <system-out><![CDATA[Request method:	POST
Request URI:	https://stellarburgers.nomoreparties.site/api/auth/register
Proxy:			<none>
Request params:	<none>
Query params:	<none>
Form params:	<none>
Path params:	<none>
Headers:		Accept=*/*
				Content-Type=application/json
Cookies:		<none>
Multiparts:		<none>
Body:
{
    "email": "лука.ефремова@mail.ru",
    "password": "nagal5lpxny",
    "name": "римма.дроздова"
}
HTTP/1.1 200 OK
Server: nginx/1.18.0 (Ubuntu)
Date: Sat, 26 Apr 2025 18:56:51 GMT
Content-Type: application/json; charset=utf-8
Content-Length: 399
Connection: keep-alive
X-Powered-By: Express
Access-Control-Allow-Origin: *
authorization: Bearer eyJhbGciOiJIUzI1NiIsInR5cCI6IkpXVCJ9.eyJpZCI6IjY4MGQyYzczOWVkMjgwMDAxYjVkNjBhMCIsImlhdCI6MTc0NTY5MzgxMSwiZXhwIjoxNzQ1Njk1MDExfQ.GebjQ_-7ZDygjQhVYvNvgGkT4uN3IsWUI7_YN7W-GRs
ETag: W/"18f-UKJBDbD5xWyEMQ54S7Mawk/95Pc"

{
    "success": true,
    "user": {
        "email": "лука.ефремова@mail.ru",
        "name": "римма.дроздова"
    },
    "accessToken": "Bearer eyJhbGciOiJIUzI1NiIsInR5cCI6IkpXVCJ9.eyJpZCI6IjY4MGQyYzczOWVkMjgwMDAxYjVkNjBhMCIsImlhdCI6MTc0NTY5MzgxMSwiZXhwIjoxNzQ1Njk1MDExfQ.GebjQ_-7ZDygjQhVYvNvgGkT4uN3IsWUI7_YN7W-GRs",
    "refreshToken": "b90fa66b4ab7d97483befeafdd9dea9a5647d61bf3d0a56e3c36fc81f0f2f174ec04f4bead753035"
}
Request method:	POST
Request URI:	https://stellarburgers.nomoreparties.site/api/auth/login
Proxy:			<none>
Request params:	<none>
Query params:	<none>
Form params:	<none>
Path params:	<none>
Headers:		Accept=*/*
				Content-Type=application/json
Cookies:		<none>
Multiparts:		<none>
Body:
{
    "email": "лука.ефремова@mail.ru",
    "password": "nagal5lpxny",
    "name": null
}
HTTP/1.1 200 OK
Server: nginx/1.18.0 (Ubuntu)
Date: Sat, 26 Apr 2025 18:56:52 GMT
Content-Type: application/json; charset=utf-8
Content-Length: 399
Connection: keep-alive
X-Powered-By: Express
Access-Control-Allow-Origin: *
ETag: W/"18f-3uZ4q4sNqdjJc/tHIgrsJHGaVPU"

{
    "success": true,
    "accessToken": "Bearer eyJhbGciOiJIUzI1NiIsInR5cCI6IkpXVCJ9.eyJpZCI6IjY4MGQyYzczOWVkMjgwMDAxYjVkNjBhMCIsImlhdCI6MTc0NTY5MzgxMiwiZXhwIjoxNzQ1Njk1MDEyfQ.rbK4xJOHyhyRUJuzJbxXFI3HNX2Sn_kkCTKCKVakhbU",
    "refreshToken": "757b24a2affec143a82477344d11ab272543ae4bcaddb9d569e0fa49acac21b8d41cd8951174f07d",
    "user": {
        "email": "лука.ефремова@mail.ru",
        "name": "римма.дроздова"
    }
}
Request method:	POST
Request URI:	https://stellarburgers.nomoreparties.site/api/auth/register
Proxy:			<none>
Request params:	<none>
Query params:	<none>
Form params:	<none>
Path params:	<none>
Headers:		Accept=*/*
				Content-Type=application/json
Cookies:		<none>
Multiparts:		<none>
Body:
{
    "email": "кира.фомина@ya.ru",
    "password": "ysc5kejdnp",
    "name": "римма.блинов"
}
HTTP/1.1 200 OK
Server: nginx/1.18.0 (Ubuntu)
Date: Sat, 26 Apr 2025 18:56:52 GMT
Content-Type: application/json; charset=utf-8
Content-Length: 389
Connection: keep-alive
X-Powered-By: Express
Access-Control-Allow-Origin: *
authorization: Bearer eyJhbGciOiJIUzI1NiIsInR5cCI6IkpXVCJ9.eyJpZCI6IjY4MGQyYzc0OWVkMjgwMDAxYjVkNjBhMyIsImlhdCI6MTc0NTY5MzgxMiwiZXhwIjoxNzQ1Njk1MDEyfQ.5Pm1QRILoGkmbaQanCo0xREIzcbfTAazsPdbGcHRUTg
ETag: W/"185-k1C35d2a6YHts+dVJKgsU0LFyB4"

{
    "success": true,
    "user": {
        "email": "кира.фомина@ya.ru",
        "name": "римма.блинов"
    },
    "accessToken": "Bearer eyJhbGciOiJIUzI1NiIsInR5cCI6IkpXVCJ9.eyJpZCI6IjY4MGQyYzc0OWVkMjgwMDAxYjVkNjBhMyIsImlhdCI6MTc0NTY5MzgxMiwiZXhwIjoxNzQ1Njk1MDEyfQ.5Pm1QRILoGkmbaQanCo0xREIzcbfTAazsPdbGcHRUTg",
    "refreshToken": "f37c0d8dc49398eb0ef752ac22434aafd9444173ed2ef4e40369d5d99ed762f323e21f5a52335f68"
}
Authorized user: User(email=лука.ефремова@mail.ru, password=nagal5lpxny, name=римма.дроздова, createdAt=null, updatedAt=null, accessToken=Bearer eyJhbGciOiJIUzI1NiIsInR5cCI6IkpXVCJ9.eyJpZCI6IjY4MGQyYzczOWVkMjgwMDAxYjVkNjBhMCIsImlhdCI6MTc0NTY5MzgxMiwiZXhwIjoxNzQ1Njk1MDEyfQ.rbK4xJOHyhyRUJuzJbxXFI3HNX2Sn_kkCTKCKVakhbU, refreshToken=757b24a2affec143a82477344d11ab272543ae4bcaddb9d569e0fa49acac21b8d41cd8951174f07d)
Unauthorized user: User(email=кира.фомина@ya.ru, password=ysc5kejdnp, name=римма.блинов, createdAt=null, updatedAt=null, accessToken=Bearer eyJhbGciOiJIUzI1NiIsInR5cCI6IkpXVCJ9.eyJpZCI6IjY4MGQyYzc0OWVkMjgwMDAxYjVkNjBhMyIsImlhdCI6MTc0NTY5MzgxMiwiZXhwIjoxNzQ1Njk1MDEyfQ.5Pm1QRILoGkmbaQanCo0xREIzcbfTAazsPdbGcHRUTg, refreshToken=f37c0d8dc49398eb0ef752ac22434aafd9444173ed2ef4e40369d5d99ed762f323e21f5a52335f68)
Request method:	PATCH
Request URI:	https://stellarburgers.nomoreparties.site/api/auth/user
Proxy:			<none>
Request params:	<none>
Query params:	<none>
Form params:	<none>
Path params:	<none>
Headers:		Authorization=Bearer eyJhbGciOiJIUzI1NiIsInR5cCI6IkpXVCJ9.eyJpZCI6IjY4MGQyYzc0OWVkMjgwMDAxYjVkNjBhMyIsImlhdCI6MTc0NTY5MzgxMiwiZXhwIjoxNzQ1Njk1MDEyfQ.5Pm1QRILoGkmbaQanCo0xREIzcbfTAazsPdbGcHRUTg
				Accept=*/*
				Content-Type=application/json
Cookies:		<none>
Multiparts:		<none>
Body:
{
    "email": "кира.фомина@ya.ru",
    "password": "ysc5kejdnp",
    "name": "римма.блинов_updated"
}
HTTP/1.1 200 OK
Server: nginx/1.18.0 (Ubuntu)
Date: Sat, 26 Apr 2025 18:56:52 GMT
Content-Type: application/json; charset=utf-8
Content-Length: 104
Connection: keep-alive
X-Powered-By: Express
Access-Control-Allow-Origin: *
ETag: W/"68-v/joY5Jq3r01FdG0HnN6a8aCxAc"

{
    "success": true,
    "user": {
        "email": "кира.фомина@ya.ru",
        "name": "римма.блинов_updated"
    }
}
Request method:	DELETE
Request URI:	https://stellarburgers.nomoreparties.site/api/auth/user
Proxy:			<none>
Request params:	<none>
Query params:	<none>
Form params:	<none>
Path params:	<none>
Headers:		Authorization=Bearer eyJhbGciOiJIUzI1NiIsInR5cCI6IkpXVCJ9.eyJpZCI6IjY4MGQyYzczOWVkMjgwMDAxYjVkNjBhMCIsImlhdCI6MTc0NTY5MzgxMiwiZXhwIjoxNzQ1Njk1MDEyfQ.rbK4xJOHyhyRUJuzJbxXFI3HNX2Sn_kkCTKCKVakhbU
				Accept=*/*
				Content-Type=application/json
Cookies:		<none>
Multiparts:		<none>
Body:			<none>
HTTP/1.1 202 Accepted
Server: nginx/1.18.0 (Ubuntu)
Date: Sat, 26 Apr 2025 18:56:53 GMT
Content-Type: application/json; charset=utf-8
Content-Length: 54
Connection: keep-alive
X-Powered-By: Express
Access-Control-Allow-Origin: *
ETag: W/"36-hDmZnQ3Ou/ynnqAeC6TYmyseuzY"

{
    "success": true,
    "message": "User successfully removed"
}
Request method:	DELETE
Request URI:	https://stellarburgers.nomoreparties.site/api/auth/user
Proxy:			<none>
Request params:	<none>
Query params:	<none>
Form params:	<none>
Path params:	<none>
Headers:		Authorization=Bearer eyJhbGciOiJIUzI1NiIsInR5cCI6IkpXVCJ9.eyJpZCI6IjY4MGQyYzc0OWVkMjgwMDAxYjVkNjBhMyIsImlhdCI6MTc0NTY5MzgxMiwiZXhwIjoxNzQ1Njk1MDEyfQ.5Pm1QRILoGkmbaQanCo0xREIzcbfTAazsPdbGcHRUTg
				Accept=*/*
				Content-Type=application/json
Cookies:		<none>
Multiparts:		<none>
Body:			<none>
HTTP/1.1 202 Accepted
Server: nginx/1.18.0 (Ubuntu)
Date: Sat, 26 Apr 2025 18:56:54 GMT
Content-Type: application/json; charset=utf-8
Content-Length: 54
Connection: keep-alive
X-Powered-By: Express
Access-Control-Allow-Origin: *
ETag: W/"36-hDmZnQ3Ou/ynnqAeC6TYmyseuzY"

{
    "success": true,
    "message": "User successfully removed"
}
]]></system-out>
  </testcase>
  <testcase name="testUpdateAuthorizedUserPassword" classname="kz.yandex.practicum.qa.sb.user.UserUpdateTest" time="3.265">
    <system-out><![CDATA[Request method:	POST
Request URI:	https://stellarburgers.nomoreparties.site/api/auth/register
Proxy:			<none>
Request params:	<none>
Query params:	<none>
Form params:	<none>
Path params:	<none>
Headers:		Accept=*/*
				Content-Type=application/json
Cookies:		<none>
Multiparts:		<none>
Body:
{
    "email": "дарья.титова@gmail.com",
    "password": "gqnjkrh13",
    "name": "григорий.владимирова"
}
HTTP/1.1 200 OK
Server: nginx/1.18.0 (Ubuntu)
Date: Sat, 26 Apr 2025 18:56:55 GMT
Content-Type: application/json; charset=utf-8
Content-Length: 411
Connection: keep-alive
X-Powered-By: Express
Access-Control-Allow-Origin: *
authorization: Bearer eyJhbGciOiJIUzI1NiIsInR5cCI6IkpXVCJ9.eyJpZCI6IjY4MGQyYzc3OWVkMjgwMDAxYjVkNjBhNSIsImlhdCI6MTc0NTY5MzgxNSwiZXhwIjoxNzQ1Njk1MDE1fQ.mWOUSLybpqQyMgDwqhBwF1fdQKZ0_W9Qb5kTQiDsANM
ETag: W/"19b-he9aMc/3ga35qH3NVsRayiAXaZI"

{
    "success": true,
    "user": {
        "email": "дарья.титова@gmail.com",
        "name": "григорий.владимирова"
    },
    "accessToken": "Bearer eyJhbGciOiJIUzI1NiIsInR5cCI6IkpXVCJ9.eyJpZCI6IjY4MGQyYzc3OWVkMjgwMDAxYjVkNjBhNSIsImlhdCI6MTc0NTY5MzgxNSwiZXhwIjoxNzQ1Njk1MDE1fQ.mWOUSLybpqQyMgDwqhBwF1fdQKZ0_W9Qb5kTQiDsANM",
    "refreshToken": "d35ead32fef38988ffb88fbf72b495809350b83edf496ef4125f19b043b03527eaa797fc478cf37b"
}
Request method:	POST
Request URI:	https://stellarburgers.nomoreparties.site/api/auth/login
Proxy:			<none>
Request params:	<none>
Query params:	<none>
Form params:	<none>
Path params:	<none>
Headers:		Accept=*/*
				Content-Type=application/json
Cookies:		<none>
Multiparts:		<none>
Body:
{
    "email": "дарья.титова@gmail.com",
    "password": "gqnjkrh13",
    "name": null
}
HTTP/1.1 200 OK
Server: nginx/1.18.0 (Ubuntu)
Date: Sat, 26 Apr 2025 18:56:55 GMT
Content-Type: application/json; charset=utf-8
Content-Length: 411
Connection: keep-alive
X-Powered-By: Express
Access-Control-Allow-Origin: *
ETag: W/"19b-Fe+lf2ph+5t8eMA7bpaiRLvy08w"

{
    "success": true,
    "accessToken": "Bearer eyJhbGciOiJIUzI1NiIsInR5cCI6IkpXVCJ9.eyJpZCI6IjY4MGQyYzc3OWVkMjgwMDAxYjVkNjBhNSIsImlhdCI6MTc0NTY5MzgxNSwiZXhwIjoxNzQ1Njk1MDE1fQ.mWOUSLybpqQyMgDwqhBwF1fdQKZ0_W9Qb5kTQiDsANM",
    "refreshToken": "1741950c4b3b525ed1c8bfff54fcf360684671c2c432058bdede79eb591d5d00f774e097fb7173e0",
    "user": {
        "email": "дарья.титова@gmail.com",
        "name": "григорий.владимирова"
    }
}
Request method:	POST
Request URI:	https://stellarburgers.nomoreparties.site/api/auth/register
Proxy:			<none>
Request params:	<none>
Query params:	<none>
Form params:	<none>
Path params:	<none>
Headers:		Accept=*/*
				Content-Type=application/json
Cookies:		<none>
Multiparts:		<none>
Body:
{
    "email": "степан.мамонтова@mail.ru",
    "password": "go4xcojvf53",
    "name": "денис.быкова"
}
HTTP/1.1 200 OK
Server: nginx/1.18.0 (Ubuntu)
Date: Sat, 26 Apr 2025 18:56:55 GMT
Content-Type: application/json; charset=utf-8
Content-Length: 401
Connection: keep-alive
X-Powered-By: Express
Access-Control-Allow-Origin: *
authorization: Bearer eyJhbGciOiJIUzI1NiIsInR5cCI6IkpXVCJ9.eyJpZCI6IjY4MGQyYzc3OWVkMjgwMDAxYjVkNjBhOCIsImlhdCI6MTc0NTY5MzgxNSwiZXhwIjoxNzQ1Njk1MDE1fQ.u5uKKiSC-GoihKTcEFD38nrwUQ5NR8gx69gF_-2Qn4k
ETag: W/"191-/9ldIydFhX+DXOhjN2TJXQ6nPJ4"

{
    "success": true,
    "user": {
        "email": "степан.мамонтова@mail.ru",
        "name": "денис.быкова"
    },
    "accessToken": "Bearer eyJhbGciOiJIUzI1NiIsInR5cCI6IkpXVCJ9.eyJpZCI6IjY4MGQyYzc3OWVkMjgwMDAxYjVkNjBhOCIsImlhdCI6MTc0NTY5MzgxNSwiZXhwIjoxNzQ1Njk1MDE1fQ.u5uKKiSC-GoihKTcEFD38nrwUQ5NR8gx69gF_-2Qn4k",
    "refreshToken": "3321c159de96d57eeb9934edf0d50a6288aa1d806254dd84c4835396151543fcf618f2f8e7a78a64"
}
Authorized user: User(email=дарья.титова@gmail.com, password=gqnjkrh13, name=григорий.владимирова, createdAt=null, updatedAt=null, accessToken=Bearer eyJhbGciOiJIUzI1NiIsInR5cCI6IkpXVCJ9.eyJpZCI6IjY4MGQyYzc3OWVkMjgwMDAxYjVkNjBhNSIsImlhdCI6MTc0NTY5MzgxNSwiZXhwIjoxNzQ1Njk1MDE1fQ.mWOUSLybpqQyMgDwqhBwF1fdQKZ0_W9Qb5kTQiDsANM, refreshToken=1741950c4b3b525ed1c8bfff54fcf360684671c2c432058bdede79eb591d5d00f774e097fb7173e0)
Unauthorized user: User(email=степан.мамонтова@mail.ru, password=go4xcojvf53, name=денис.быкова, createdAt=null, updatedAt=null, accessToken=Bearer eyJhbGciOiJIUzI1NiIsInR5cCI6IkpXVCJ9.eyJpZCI6IjY4MGQyYzc3OWVkMjgwMDAxYjVkNjBhOCIsImlhdCI6MTc0NTY5MzgxNSwiZXhwIjoxNzQ1Njk1MDE1fQ.u5uKKiSC-GoihKTcEFD38nrwUQ5NR8gx69gF_-2Qn4k, refreshToken=3321c159de96d57eeb9934edf0d50a6288aa1d806254dd84c4835396151543fcf618f2f8e7a78a64)
Request method:	PATCH
Request URI:	https://stellarburgers.nomoreparties.site/api/auth/user
Proxy:			<none>
Request params:	<none>
Query params:	<none>
Form params:	<none>
Path params:	<none>
Headers:		Authorization=Bearer eyJhbGciOiJIUzI1NiIsInR5cCI6IkpXVCJ9.eyJpZCI6IjY4MGQyYzc3OWVkMjgwMDAxYjVkNjBhNSIsImlhdCI6MTc0NTY5MzgxNSwiZXhwIjoxNzQ1Njk1MDE1fQ.mWOUSLybpqQyMgDwqhBwF1fdQKZ0_W9Qb5kTQiDsANM
				Accept=*/*
				Content-Type=application/json
Cookies:		<none>
Multiparts:		<none>
Body:
{
    "email": "дарья.титова@gmail.com",
    "password": "gqnjkrh13_updated",
    "name": "григорий.владимирова"
}
HTTP/1.1 200 OK
Server: nginx/1.18.0 (Ubuntu)
Date: Sat, 26 Apr 2025 18:56:56 GMT
Content-Type: application/json; charset=utf-8
Content-Length: 118
Connection: keep-alive
X-Powered-By: Express
Access-Control-Allow-Origin: *
ETag: W/"76-siLbNyvQQosfavrzLDL2SqyHA6Y"

{
    "success": true,
    "user": {
        "email": "дарья.титова@gmail.com",
        "name": "григорий.владимирова"
    }
}
Request method:	DELETE
Request URI:	https://stellarburgers.nomoreparties.site/api/auth/user
Proxy:			<none>
Request params:	<none>
Query params:	<none>
Form params:	<none>
Path params:	<none>
Headers:		Authorization=Bearer eyJhbGciOiJIUzI1NiIsInR5cCI6IkpXVCJ9.eyJpZCI6IjY4MGQyYzc3OWVkMjgwMDAxYjVkNjBhNSIsImlhdCI6MTc0NTY5MzgxNSwiZXhwIjoxNzQ1Njk1MDE1fQ.mWOUSLybpqQyMgDwqhBwF1fdQKZ0_W9Qb5kTQiDsANM
				Accept=*/*
				Content-Type=application/json
Cookies:		<none>
Multiparts:		<none>
Body:			<none>
HTTP/1.1 202 Accepted
Server: nginx/1.18.0 (Ubuntu)
Date: Sat, 26 Apr 2025 18:56:57 GMT
Content-Type: application/json; charset=utf-8
Content-Length: 54
Connection: keep-alive
X-Powered-By: Express
Access-Control-Allow-Origin: *
ETag: W/"36-hDmZnQ3Ou/ynnqAeC6TYmyseuzY"

{
    "success": true,
    "message": "User successfully removed"
}
Request method:	DELETE
Request URI:	https://stellarburgers.nomoreparties.site/api/auth/user
Proxy:			<none>
Request params:	<none>
Query params:	<none>
Form params:	<none>
Path params:	<none>
Headers:		Authorization=Bearer eyJhbGciOiJIUzI1NiIsInR5cCI6IkpXVCJ9.eyJpZCI6IjY4MGQyYzc3OWVkMjgwMDAxYjVkNjBhOCIsImlhdCI6MTc0NTY5MzgxNSwiZXhwIjoxNzQ1Njk1MDE1fQ.u5uKKiSC-GoihKTcEFD38nrwUQ5NR8gx69gF_-2Qn4k
				Accept=*/*
				Content-Type=application/json
Cookies:		<none>
Multiparts:		<none>
Body:			<none>
HTTP/1.1 202 Accepted
Server: nginx/1.18.0 (Ubuntu)
Date: Sat, 26 Apr 2025 18:56:57 GMT
Content-Type: application/json; charset=utf-8
Content-Length: 54
Connection: keep-alive
X-Powered-By: Express
Access-Control-Allow-Origin: *
ETag: W/"36-hDmZnQ3Ou/ynnqAeC6TYmyseuzY"

{
    "success": true,
    "message": "User successfully removed"
}
]]></system-out>
  </testcase>
  <testcase name="testUpdateUnauthorizedUserPassword" classname="kz.yandex.practicum.qa.sb.user.UserUpdateTest" time="3.256">
    <failure message="Expected kz.yandex.practicum.qa.sb.common.ApiException to be thrown, but nothing was thrown." type="org.opentest4j.AssertionFailedError"><![CDATA[org.opentest4j.AssertionFailedError: Expected kz.yandex.practicum.qa.sb.common.ApiException to be thrown, but nothing was thrown.
	at org.junit.jupiter.api.AssertionFailureBuilder.build(AssertionFailureBuilder.java:152)
	at org.junit.jupiter.api.AssertThrows.assertThrows(AssertThrows.java:73)
	at org.junit.jupiter.api.AssertThrows.assertThrows(AssertThrows.java:35)
	at org.junit.jupiter.api.Assertions.assertThrows(Assertions.java:3128)
	at kz.yandex.practicum.qa.sb.user.UserUpdateTest.testUpdateUnauthorizedUserPassword(UserUpdateTest.java:166)
	at java.base/java.lang.reflect.Method.invoke(Method.java:566)
	at java.base/java.util.ArrayList.forEach(ArrayList.java:1541)
	at java.base/java.util.ArrayList.forEach(ArrayList.java:1541)
]]></failure>
    <system-out><![CDATA[Request method:	POST
Request URI:	https://stellarburgers.nomoreparties.site/api/auth/register
Proxy:			<none>
Request params:	<none>
Query params:	<none>
Form params:	<none>
Path params:	<none>
Headers:		Accept=*/*
				Content-Type=application/json
Cookies:		<none>
Multiparts:		<none>
Body:
{
    "email": "ангелина.заицев@yandex.ru",
    "password": "noz0u3qcmj42",
    "name": "регина.федотов"
}
HTTP/1.1 200 OK
Server: nginx/1.18.0 (Ubuntu)
Date: Sat, 26 Apr 2025 18:56:58 GMT
Content-Type: application/json; charset=utf-8
Content-Length: 405
Connection: keep-alive
X-Powered-By: Express
Access-Control-Allow-Origin: *
authorization: Bearer eyJhbGciOiJIUzI1NiIsInR5cCI6IkpXVCJ9.eyJpZCI6IjY4MGQyYzdhOWVkMjgwMDAxYjVkNjBhYSIsImlhdCI6MTc0NTY5MzgxOCwiZXhwIjoxNzQ1Njk1MDE4fQ.xPmFxJA9FHgbIMPU2JvjuQIKQsOWQasMknQHfqNdOeQ
ETag: W/"195-7FpDD1LY4RVDTAugo98Do87wL8o"

{
    "success": true,
    "user": {
        "email": "ангелина.заицев@yandex.ru",
        "name": "регина.федотов"
    },
    "accessToken": "Bearer eyJhbGciOiJIUzI1NiIsInR5cCI6IkpXVCJ9.eyJpZCI6IjY4MGQyYzdhOWVkMjgwMDAxYjVkNjBhYSIsImlhdCI6MTc0NTY5MzgxOCwiZXhwIjoxNzQ1Njk1MDE4fQ.xPmFxJA9FHgbIMPU2JvjuQIKQsOWQasMknQHfqNdOeQ",
    "refreshToken": "4d11a46abb02570b22ff2d67cf78b542f5b09f5b730a968c87075d48470b8289b1bffe28ede4245f"
}
Request method:	POST
Request URI:	https://stellarburgers.nomoreparties.site/api/auth/login
Proxy:			<none>
Request params:	<none>
Query params:	<none>
Form params:	<none>
Path params:	<none>
Headers:		Accept=*/*
				Content-Type=application/json
Cookies:		<none>
Multiparts:		<none>
Body:
{
    "email": "ангелина.заицев@yandex.ru",
    "password": "noz0u3qcmj42",
    "name": null
}
HTTP/1.1 200 OK
Server: nginx/1.18.0 (Ubuntu)
Date: Sat, 26 Apr 2025 18:56:58 GMT
Content-Type: application/json; charset=utf-8
Content-Length: 405
Connection: keep-alive
X-Powered-By: Express
Access-Control-Allow-Origin: *
ETag: W/"195-VtxlNUu12GHTCrkK242co7x/fpU"

{
    "success": true,
    "accessToken": "Bearer eyJhbGciOiJIUzI1NiIsInR5cCI6IkpXVCJ9.eyJpZCI6IjY4MGQyYzdhOWVkMjgwMDAxYjVkNjBhYSIsImlhdCI6MTc0NTY5MzgxOCwiZXhwIjoxNzQ1Njk1MDE4fQ.xPmFxJA9FHgbIMPU2JvjuQIKQsOWQasMknQHfqNdOeQ",
    "refreshToken": "f66bdc24e96b4300fad8c3cf38efe4d4e42fc8864db6904ad991d7a483a5e1f62bd9c690ffc1e62d",
    "user": {
        "email": "ангелина.заицев@yandex.ru",
        "name": "регина.федотов"
    }
}
Request method:	POST
Request URI:	https://stellarburgers.nomoreparties.site/api/auth/register
Proxy:			<none>
Request params:	<none>
Query params:	<none>
Form params:	<none>
Path params:	<none>
Headers:		Accept=*/*
				Content-Type=application/json
Cookies:		<none>
Multiparts:		<none>
Body:
{
    "email": "вячеслав.сысоев@yandex.ru",
    "password": "lqv6fwxap91zz",
    "name": "анна.лазарева"
}
HTTP/1.1 200 OK
Server: nginx/1.18.0 (Ubuntu)
Date: Sat, 26 Apr 2025 18:56:59 GMT
Content-Type: application/json; charset=utf-8
Content-Length: 403
Connection: keep-alive
X-Powered-By: Express
Access-Control-Allow-Origin: *
authorization: Bearer eyJhbGciOiJIUzI1NiIsInR5cCI6IkpXVCJ9.eyJpZCI6IjY4MGQyYzdiOWVkMjgwMDAxYjVkNjBhZCIsImlhdCI6MTc0NTY5MzgxOSwiZXhwIjoxNzQ1Njk1MDE5fQ.En38_0XOkgO0pySkieap28Fov386i2M8X_5k3r8lztw
ETag: W/"193-86aPOzUspGIrzf1QsH4bHX9nv8Q"

{
    "success": true,
    "user": {
        "email": "вячеслав.сысоев@yandex.ru",
        "name": "анна.лазарева"
    },
    "accessToken": "Bearer eyJhbGciOiJIUzI1NiIsInR5cCI6IkpXVCJ9.eyJpZCI6IjY4MGQyYzdiOWVkMjgwMDAxYjVkNjBhZCIsImlhdCI6MTc0NTY5MzgxOSwiZXhwIjoxNzQ1Njk1MDE5fQ.En38_0XOkgO0pySkieap28Fov386i2M8X_5k3r8lztw",
    "refreshToken": "a93272309a5b1e9ea8030f31a5efb661b647ff02010e84a79098a76600014ff0bda21554db21cb72"
}
Authorized user: User(email=ангелина.заицев@yandex.ru, password=noz0u3qcmj42, name=регина.федотов, createdAt=null, updatedAt=null, accessToken=Bearer eyJhbGciOiJIUzI1NiIsInR5cCI6IkpXVCJ9.eyJpZCI6IjY4MGQyYzdhOWVkMjgwMDAxYjVkNjBhYSIsImlhdCI6MTc0NTY5MzgxOCwiZXhwIjoxNzQ1Njk1MDE4fQ.xPmFxJA9FHgbIMPU2JvjuQIKQsOWQasMknQHfqNdOeQ, refreshToken=f66bdc24e96b4300fad8c3cf38efe4d4e42fc8864db6904ad991d7a483a5e1f62bd9c690ffc1e62d)
Unauthorized user: User(email=вячеслав.сысоев@yandex.ru, password=lqv6fwxap91zz, name=анна.лазарева, createdAt=null, updatedAt=null, accessToken=Bearer eyJhbGciOiJIUzI1NiIsInR5cCI6IkpXVCJ9.eyJpZCI6IjY4MGQyYzdiOWVkMjgwMDAxYjVkNjBhZCIsImlhdCI6MTc0NTY5MzgxOSwiZXhwIjoxNzQ1Njk1MDE5fQ.En38_0XOkgO0pySkieap28Fov386i2M8X_5k3r8lztw, refreshToken=a93272309a5b1e9ea8030f31a5efb661b647ff02010e84a79098a76600014ff0bda21554db21cb72)
Request method:	PATCH
Request URI:	https://stellarburgers.nomoreparties.site/api/auth/user
Proxy:			<none>
Request params:	<none>
Query params:	<none>
Form params:	<none>
Path params:	<none>
Headers:		Authorization=Bearer eyJhbGciOiJIUzI1NiIsInR5cCI6IkpXVCJ9.eyJpZCI6IjY4MGQyYzdiOWVkMjgwMDAxYjVkNjBhZCIsImlhdCI6MTc0NTY5MzgxOSwiZXhwIjoxNzQ1Njk1MDE5fQ.En38_0XOkgO0pySkieap28Fov386i2M8X_5k3r8lztw
				Accept=*/*
				Content-Type=application/json
Cookies:		<none>
Multiparts:		<none>
Body:
{
    "email": "вячеслав.сысоев@yandex.ru",
    "password": "lqv6fwxap91zz_updated",
    "name": "анна.лазарева"
}
HTTP/1.1 200 OK
Server: nginx/1.18.0 (Ubuntu)
Date: Sat, 26 Apr 2025 18:56:59 GMT
Content-Type: application/json; charset=utf-8
Content-Length: 110
Connection: keep-alive
X-Powered-By: Express
Access-Control-Allow-Origin: *
ETag: W/"6e-9WR17u1WlIhUTDSKQfiH9Ma2m1s"

{
    "success": true,
    "user": {
        "email": "вячеслав.сысоев@yandex.ru",
        "name": "анна.лазарева"
    }
}
Request method:	DELETE
Request URI:	https://stellarburgers.nomoreparties.site/api/auth/user
Proxy:			<none>
Request params:	<none>
Query params:	<none>
Form params:	<none>
Path params:	<none>
Headers:		Authorization=Bearer eyJhbGciOiJIUzI1NiIsInR5cCI6IkpXVCJ9.eyJpZCI6IjY4MGQyYzdhOWVkMjgwMDAxYjVkNjBhYSIsImlhdCI6MTc0NTY5MzgxOCwiZXhwIjoxNzQ1Njk1MDE4fQ.xPmFxJA9FHgbIMPU2JvjuQIKQsOWQasMknQHfqNdOeQ
				Accept=*/*
				Content-Type=application/json
Cookies:		<none>
Multiparts:		<none>
Body:			<none>
HTTP/1.1 202 Accepted
Server: nginx/1.18.0 (Ubuntu)
Date: Sat, 26 Apr 2025 18:57:00 GMT
Content-Type: application/json; charset=utf-8
Content-Length: 54
Connection: keep-alive
X-Powered-By: Express
Access-Control-Allow-Origin: *
ETag: W/"36-hDmZnQ3Ou/ynnqAeC6TYmyseuzY"

{
    "success": true,
    "message": "User successfully removed"
}
Request method:	DELETE
Request URI:	https://stellarburgers.nomoreparties.site/api/auth/user
Proxy:			<none>
Request params:	<none>
Query params:	<none>
Form params:	<none>
Path params:	<none>
Headers:		Authorization=Bearer eyJhbGciOiJIUzI1NiIsInR5cCI6IkpXVCJ9.eyJpZCI6IjY4MGQyYzdiOWVkMjgwMDAxYjVkNjBhZCIsImlhdCI6MTc0NTY5MzgxOSwiZXhwIjoxNzQ1Njk1MDE5fQ.En38_0XOkgO0pySkieap28Fov386i2M8X_5k3r8lztw
				Accept=*/*
				Content-Type=application/json
Cookies:		<none>
Multiparts:		<none>
Body:			<none>
HTTP/1.1 202 Accepted
Server: nginx/1.18.0 (Ubuntu)
Date: Sat, 26 Apr 2025 18:57:01 GMT
Content-Type: application/json; charset=utf-8
Content-Length: 54
Connection: keep-alive
X-Powered-By: Express
Access-Control-Allow-Origin: *
ETag: W/"36-hDmZnQ3Ou/ynnqAeC6TYmyseuzY"

{
    "success": true,
    "message": "User successfully removed"
}
]]></system-out>
  </testcase>
  <testcase name="testUpdateAuthorizedUserExistentEmail" classname="kz.yandex.practicum.qa.sb.user.UserUpdateTest" time="3.222">
    <failure message="Expected kz.yandex.practicum.qa.sb.common.ApiException to be thrown, but nothing was thrown." type="org.opentest4j.AssertionFailedError"><![CDATA[org.opentest4j.AssertionFailedError: Expected kz.yandex.practicum.qa.sb.common.ApiException to be thrown, but nothing was thrown.
	at org.junit.jupiter.api.AssertionFailureBuilder.build(AssertionFailureBuilder.java:152)
	at org.junit.jupiter.api.AssertThrows.assertThrows(AssertThrows.java:73)
	at org.junit.jupiter.api.AssertThrows.assertThrows(AssertThrows.java:35)
	at org.junit.jupiter.api.Assertions.assertThrows(Assertions.java:3128)
	at kz.yandex.practicum.qa.sb.user.UserUpdateTest.testUpdateAuthorizedUserExistentEmail(UserUpdateTest.java:82)
	at java.base/java.lang.reflect.Method.invoke(Method.java:566)
	at java.base/java.util.ArrayList.forEach(ArrayList.java:1541)
	at java.base/java.util.ArrayList.forEach(ArrayList.java:1541)
]]></failure>
    <system-out><![CDATA[Request method:	POST
Request URI:	https://stellarburgers.nomoreparties.site/api/auth/register
Proxy:			<none>
Request params:	<none>
Query params:	<none>
Form params:	<none>
Path params:	<none>
Headers:		Accept=*/*
				Content-Type=application/json
Cookies:		<none>
Multiparts:		<none>
Body:
{
    "email": "софия.авдеев@gmail.com",
    "password": "wdbmhhqif1ha2k",
    "name": "илья.михеева"
}
HTTP/1.1 200 OK
Server: nginx/1.18.0 (Ubuntu)
Date: Sat, 26 Apr 2025 18:57:01 GMT
Content-Type: application/json; charset=utf-8
Content-Length: 395
Connection: keep-alive
X-Powered-By: Express
Access-Control-Allow-Origin: *
authorization: Bearer eyJhbGciOiJIUzI1NiIsInR5cCI6IkpXVCJ9.eyJpZCI6IjY4MGQyYzdkOWVkMjgwMDAxYjVkNjBhZiIsImlhdCI6MTc0NTY5MzgyMSwiZXhwIjoxNzQ1Njk1MDIxfQ.E8jYj8m8zLiEdN7BN7EBADvNn8mH1pr7HPxGowZVhJQ
ETag: W/"18b-SnNu6s3E5tSu4PtucCN10HymWzc"

{
    "success": true,
    "user": {
        "email": "софия.авдеев@gmail.com",
        "name": "илья.михеева"
    },
    "accessToken": "Bearer eyJhbGciOiJIUzI1NiIsInR5cCI6IkpXVCJ9.eyJpZCI6IjY4MGQyYzdkOWVkMjgwMDAxYjVkNjBhZiIsImlhdCI6MTc0NTY5MzgyMSwiZXhwIjoxNzQ1Njk1MDIxfQ.E8jYj8m8zLiEdN7BN7EBADvNn8mH1pr7HPxGowZVhJQ",
    "refreshToken": "12efd77df17e8fb353d6575dc390c8f7dcbaca3b3c1362b4ffad93d25e1a12a1f227c6905a5dce0f"
}
Request method:	POST
Request URI:	https://stellarburgers.nomoreparties.site/api/auth/login
Proxy:			<none>
Request params:	<none>
Query params:	<none>
Form params:	<none>
Path params:	<none>
Headers:		Accept=*/*
				Content-Type=application/json
Cookies:		<none>
Multiparts:		<none>
Body:
{
    "email": "софия.авдеев@gmail.com",
    "password": "wdbmhhqif1ha2k",
    "name": null
}
HTTP/1.1 200 OK
Server: nginx/1.18.0 (Ubuntu)
Date: Sat, 26 Apr 2025 18:57:01 GMT
Content-Type: application/json; charset=utf-8
Content-Length: 395
Connection: keep-alive
X-Powered-By: Express
Access-Control-Allow-Origin: *
ETag: W/"18b-JRnDm+IeYFTNJwzGIE5fGT/EFjo"

{
    "success": true,
    "accessToken": "Bearer eyJhbGciOiJIUzI1NiIsInR5cCI6IkpXVCJ9.eyJpZCI6IjY4MGQyYzdkOWVkMjgwMDAxYjVkNjBhZiIsImlhdCI6MTc0NTY5MzgyMSwiZXhwIjoxNzQ1Njk1MDIxfQ.E8jYj8m8zLiEdN7BN7EBADvNn8mH1pr7HPxGowZVhJQ",
    "refreshToken": "ac514daee14da55ab3010ef7df04e9b0bd03a33696e5e6d575c96e61f762266ca95fca213bfaa114",
    "user": {
        "email": "софия.авдеев@gmail.com",
        "name": "илья.михеева"
    }
}
Request method:	POST
Request URI:	https://stellarburgers.nomoreparties.site/api/auth/register
Proxy:			<none>
Request params:	<none>
Query params:	<none>
Form params:	<none>
Path params:	<none>
Headers:		Accept=*/*
				Content-Type=application/json
Cookies:		<none>
Multiparts:		<none>
Body:
{
    "email": "валерии.титов@ya.ru",
    "password": "z6wpwiz8ie00",
    "name": "татьяна.данилова"
}
HTTP/1.1 200 OK
Server: nginx/1.18.0 (Ubuntu)
Date: Sat, 26 Apr 2025 18:57:02 GMT
Content-Type: application/json; charset=utf-8
Content-Length: 401
Connection: keep-alive
X-Powered-By: Express
Access-Control-Allow-Origin: *
authorization: Bearer eyJhbGciOiJIUzI1NiIsInR5cCI6IkpXVCJ9.eyJpZCI6IjY4MGQyYzdlOWVkMjgwMDAxYjVkNjBiMiIsImlhdCI6MTc0NTY5MzgyMiwiZXhwIjoxNzQ1Njk1MDIyfQ.-MqWDJu06ZGYiIjBsRBq135U8x8qARvzyLPPabQ7IyE
ETag: W/"191-DzvsL5ndSmCqyfhU2OtlMM3uuys"

{
    "success": true,
    "user": {
        "email": "валерии.титов@ya.ru",
        "name": "татьяна.данилова"
    },
    "accessToken": "Bearer eyJhbGciOiJIUzI1NiIsInR5cCI6IkpXVCJ9.eyJpZCI6IjY4MGQyYzdlOWVkMjgwMDAxYjVkNjBiMiIsImlhdCI6MTc0NTY5MzgyMiwiZXhwIjoxNzQ1Njk1MDIyfQ.-MqWDJu06ZGYiIjBsRBq135U8x8qARvzyLPPabQ7IyE",
    "refreshToken": "60ace3bf8f12260df9543f35ce721d3e1834bcbfe0db047667135bd74e08c81ed2374b77b64a8973"
}
Authorized user: User(email=софия.авдеев@gmail.com, password=wdbmhhqif1ha2k, name=илья.михеева, createdAt=null, updatedAt=null, accessToken=Bearer eyJhbGciOiJIUzI1NiIsInR5cCI6IkpXVCJ9.eyJpZCI6IjY4MGQyYzdkOWVkMjgwMDAxYjVkNjBhZiIsImlhdCI6MTc0NTY5MzgyMSwiZXhwIjoxNzQ1Njk1MDIxfQ.E8jYj8m8zLiEdN7BN7EBADvNn8mH1pr7HPxGowZVhJQ, refreshToken=ac514daee14da55ab3010ef7df04e9b0bd03a33696e5e6d575c96e61f762266ca95fca213bfaa114)
Unauthorized user: User(email=валерии.титов@ya.ru, password=z6wpwiz8ie00, name=татьяна.данилова, createdAt=null, updatedAt=null, accessToken=Bearer eyJhbGciOiJIUzI1NiIsInR5cCI6IkpXVCJ9.eyJpZCI6IjY4MGQyYzdlOWVkMjgwMDAxYjVkNjBiMiIsImlhdCI6MTc0NTY5MzgyMiwiZXhwIjoxNzQ1Njk1MDIyfQ.-MqWDJu06ZGYiIjBsRBq135U8x8qARvzyLPPabQ7IyE, refreshToken=60ace3bf8f12260df9543f35ce721d3e1834bcbfe0db047667135bd74e08c81ed2374b77b64a8973)
Request method:	PATCH
Request URI:	https://stellarburgers.nomoreparties.site/api/auth/user
Proxy:			<none>
Request params:	<none>
Query params:	<none>
Form params:	<none>
Path params:	<none>
Headers:		Authorization=Bearer eyJhbGciOiJIUzI1NiIsInR5cCI6IkpXVCJ9.eyJpZCI6IjY4MGQyYzdkOWVkMjgwMDAxYjVkNjBhZiIsImlhdCI6MTc0NTY5MzgyMSwiZXhwIjoxNzQ1Njk1MDIxfQ.E8jYj8m8zLiEdN7BN7EBADvNn8mH1pr7HPxGowZVhJQ
				Accept=*/*
				Content-Type=application/json
Cookies:		<none>
Multiparts:		<none>
Body:
{
    "email": "валерии.титов@ya.ru_updated",
    "password": "wdbmhhqif1ha2k",
    "name": "илья.михеева"
}
HTTP/1.1 200 OK
Server: nginx/1.18.0 (Ubuntu)
Date: Sat, 26 Apr 2025 18:57:02 GMT
Content-Type: application/json; charset=utf-8
Content-Length: 108
Connection: keep-alive
X-Powered-By: Express
Access-Control-Allow-Origin: *
ETag: W/"6c-hJa7kJLTs2Ti9j54xZAjWCENTg0"

{
    "success": true,
    "user": {
        "email": "валерии.титов@ya.ru_updated",
        "name": "илья.михеева"
    }
}
Request method:	DELETE
Request URI:	https://stellarburgers.nomoreparties.site/api/auth/user
Proxy:			<none>
Request params:	<none>
Query params:	<none>
Form params:	<none>
Path params:	<none>
Headers:		Authorization=Bearer eyJhbGciOiJIUzI1NiIsInR5cCI6IkpXVCJ9.eyJpZCI6IjY4MGQyYzdkOWVkMjgwMDAxYjVkNjBhZiIsImlhdCI6MTc0NTY5MzgyMSwiZXhwIjoxNzQ1Njk1MDIxfQ.E8jYj8m8zLiEdN7BN7EBADvNn8mH1pr7HPxGowZVhJQ
				Accept=*/*
				Content-Type=application/json
Cookies:		<none>
Multiparts:		<none>
Body:			<none>
HTTP/1.1 202 Accepted
Server: nginx/1.18.0 (Ubuntu)
Date: Sat, 26 Apr 2025 18:57:03 GMT
Content-Type: application/json; charset=utf-8
Content-Length: 54
Connection: keep-alive
X-Powered-By: Express
Access-Control-Allow-Origin: *
ETag: W/"36-hDmZnQ3Ou/ynnqAeC6TYmyseuzY"

{
    "success": true,
    "message": "User successfully removed"
}
Request method:	DELETE
Request URI:	https://stellarburgers.nomoreparties.site/api/auth/user
Proxy:			<none>
Request params:	<none>
Query params:	<none>
Form params:	<none>
Path params:	<none>
Headers:		Authorization=Bearer eyJhbGciOiJIUzI1NiIsInR5cCI6IkpXVCJ9.eyJpZCI6IjY4MGQyYzdlOWVkMjgwMDAxYjVkNjBiMiIsImlhdCI6MTc0NTY5MzgyMiwiZXhwIjoxNzQ1Njk1MDIyfQ.-MqWDJu06ZGYiIjBsRBq135U8x8qARvzyLPPabQ7IyE
				Accept=*/*
				Content-Type=application/json
Cookies:		<none>
Multiparts:		<none>
Body:			<none>
HTTP/1.1 202 Accepted
Server: nginx/1.18.0 (Ubuntu)
Date: Sat, 26 Apr 2025 18:57:04 GMT
Content-Type: application/json; charset=utf-8
Content-Length: 54
Connection: keep-alive
X-Powered-By: Express
Access-Control-Allow-Origin: *
ETag: W/"36-hDmZnQ3Ou/ynnqAeC6TYmyseuzY"

{
    "success": true,
    "message": "User successfully removed"
}
]]></system-out>
  </testcase>
  <testcase name="testUpdateAuthorizedUserName" classname="kz.yandex.practicum.qa.sb.user.UserUpdateTest" time="3.203">
    <system-out><![CDATA[Request method:	POST
Request URI:	https://stellarburgers.nomoreparties.site/api/auth/register
Proxy:			<none>
Request params:	<none>
Query params:	<none>
Form params:	<none>
Path params:	<none>
Headers:		Accept=*/*
				Content-Type=application/json
Cookies:		<none>
Multiparts:		<none>
Body:
{
    "email": "римма.лыткина@mail.ru",
    "password": "4o2soq6wki3l",
    "name": "варвара.харитонова"
}
HTTP/1.1 200 OK
Server: nginx/1.18.0 (Ubuntu)
Date: Sat, 26 Apr 2025 18:57:04 GMT
Content-Type: application/json; charset=utf-8
Content-Length: 407
Connection: keep-alive
X-Powered-By: Express
Access-Control-Allow-Origin: *
authorization: Bearer eyJhbGciOiJIUzI1NiIsInR5cCI6IkpXVCJ9.eyJpZCI6IjY4MGQyYzgwOWVkMjgwMDAxYjVkNjBiNCIsImlhdCI6MTc0NTY5MzgyNCwiZXhwIjoxNzQ1Njk1MDI0fQ.9mJytD8bq9eTjFXN1F5yatp2Lnx3iDr8tKDG3-6tx0A
ETag: W/"197-sJ6vh9kJll1xXGgVSMEDfeYE3p4"

{
    "success": true,
    "user": {
        "email": "римма.лыткина@mail.ru",
        "name": "варвара.харитонова"
    },
    "accessToken": "Bearer eyJhbGciOiJIUzI1NiIsInR5cCI6IkpXVCJ9.eyJpZCI6IjY4MGQyYzgwOWVkMjgwMDAxYjVkNjBiNCIsImlhdCI6MTc0NTY5MzgyNCwiZXhwIjoxNzQ1Njk1MDI0fQ.9mJytD8bq9eTjFXN1F5yatp2Lnx3iDr8tKDG3-6tx0A",
    "refreshToken": "e39c90757936a804e4f67f5ec4223c0d8afc5142ab29e2bed9beb251c29b20a86884f59fb94990a1"
}
Request method:	POST
Request URI:	https://stellarburgers.nomoreparties.site/api/auth/login
Proxy:			<none>
Request params:	<none>
Query params:	<none>
Form params:	<none>
Path params:	<none>
Headers:		Accept=*/*
				Content-Type=application/json
Cookies:		<none>
Multiparts:		<none>
Body:
{
    "email": "римма.лыткина@mail.ru",
    "password": "4o2soq6wki3l",
    "name": null
}
HTTP/1.1 200 OK
Server: nginx/1.18.0 (Ubuntu)
Date: Sat, 26 Apr 2025 18:57:05 GMT
Content-Type: application/json; charset=utf-8
Content-Length: 407
Connection: keep-alive
X-Powered-By: Express
Access-Control-Allow-Origin: *
ETag: W/"197-nPWpLA/CIp1esUgM8GNa+nxHbX8"

{
    "success": true,
    "accessToken": "Bearer eyJhbGciOiJIUzI1NiIsInR5cCI6IkpXVCJ9.eyJpZCI6IjY4MGQyYzgwOWVkMjgwMDAxYjVkNjBiNCIsImlhdCI6MTc0NTY5MzgyNSwiZXhwIjoxNzQ1Njk1MDI1fQ.grkjDDmkkcJMyZj1GTaME0j6af8hJXMu600MFP9BkY0",
    "refreshToken": "4e32eb5401c410ade7866a31735485586aef448f3b98e01edcb97bef48ed0094b5e07844f3c48d66",
    "user": {
        "email": "римма.лыткина@mail.ru",
        "name": "варвара.харитонова"
    }
}
Request method:	POST
Request URI:	https://stellarburgers.nomoreparties.site/api/auth/register
Proxy:			<none>
Request params:	<none>
Query params:	<none>
Form params:	<none>
Path params:	<none>
Headers:		Accept=*/*
				Content-Type=application/json
Cookies:		<none>
Multiparts:		<none>
Body:
{
    "email": "надежда.смирнов@hotmail.com",
    "password": "6z4t85jll",
    "name": "макар.большаков"
}
HTTP/1.1 200 OK
Server: nginx/1.18.0 (Ubuntu)
Date: Sat, 26 Apr 2025 18:57:05 GMT
Content-Type: application/json; charset=utf-8
Content-Length: 409
Connection: keep-alive
X-Powered-By: Express
Access-Control-Allow-Origin: *
authorization: Bearer eyJhbGciOiJIUzI1NiIsInR5cCI6IkpXVCJ9.eyJpZCI6IjY4MGQyYzgxOWVkMjgwMDAxYjVkNjBiNyIsImlhdCI6MTc0NTY5MzgyNSwiZXhwIjoxNzQ1Njk1MDI1fQ.GmIi1oEc9L1xBK46kFhuoQ24bm0Gg2iMw4gZDzPNUgw
ETag: W/"199-tw48pLGSfYnKKDdqT8J3Lfb1Bfo"

{
    "success": true,
    "user": {
        "email": "надежда.смирнов@hotmail.com",
        "name": "макар.большаков"
    },
    "accessToken": "Bearer eyJhbGciOiJIUzI1NiIsInR5cCI6IkpXVCJ9.eyJpZCI6IjY4MGQyYzgxOWVkMjgwMDAxYjVkNjBiNyIsImlhdCI6MTc0NTY5MzgyNSwiZXhwIjoxNzQ1Njk1MDI1fQ.GmIi1oEc9L1xBK46kFhuoQ24bm0Gg2iMw4gZDzPNUgw",
    "refreshToken": "23feafd5c879aefee7f0f67449f55958fd14bae9fd7b2f4ec7c3183c897890e55869e0f7cc0e3058"
}
Authorized user: User(email=римма.лыткина@mail.ru, password=4o2soq6wki3l, name=варвара.харитонова, createdAt=null, updatedAt=null, accessToken=Bearer eyJhbGciOiJIUzI1NiIsInR5cCI6IkpXVCJ9.eyJpZCI6IjY4MGQyYzgwOWVkMjgwMDAxYjVkNjBiNCIsImlhdCI6MTc0NTY5MzgyNSwiZXhwIjoxNzQ1Njk1MDI1fQ.grkjDDmkkcJMyZj1GTaME0j6af8hJXMu600MFP9BkY0, refreshToken=4e32eb5401c410ade7866a31735485586aef448f3b98e01edcb97bef48ed0094b5e07844f3c48d66)
Unauthorized user: User(email=надежда.смирнов@hotmail.com, password=6z4t85jll, name=макар.большаков, createdAt=null, updatedAt=null, accessToken=Bearer eyJhbGciOiJIUzI1NiIsInR5cCI6IkpXVCJ9.eyJpZCI6IjY4MGQyYzgxOWVkMjgwMDAxYjVkNjBiNyIsImlhdCI6MTc0NTY5MzgyNSwiZXhwIjoxNzQ1Njk1MDI1fQ.GmIi1oEc9L1xBK46kFhuoQ24bm0Gg2iMw4gZDzPNUgw, refreshToken=23feafd5c879aefee7f0f67449f55958fd14bae9fd7b2f4ec7c3183c897890e55869e0f7cc0e3058)
Request method:	PATCH
Request URI:	https://stellarburgers.nomoreparties.site/api/auth/user
Proxy:			<none>
Request params:	<none>
Query params:	<none>
Form params:	<none>
Path params:	<none>
Headers:		Authorization=Bearer eyJhbGciOiJIUzI1NiIsInR5cCI6IkpXVCJ9.eyJpZCI6IjY4MGQyYzgwOWVkMjgwMDAxYjVkNjBiNCIsImlhdCI6MTc0NTY5MzgyNSwiZXhwIjoxNzQ1Njk1MDI1fQ.grkjDDmkkcJMyZj1GTaME0j6af8hJXMu600MFP9BkY0
				Accept=*/*
				Content-Type=application/json
Cookies:		<none>
Multiparts:		<none>
Body:
{
    "email": "римма.лыткина@mail.ru",
    "password": "4o2soq6wki3l",
    "name": "варвара.харитонова_updated"
}
HTTP/1.1 200 OK
Server: nginx/1.18.0 (Ubuntu)
Date: Sat, 26 Apr 2025 18:57:05 GMT
Content-Type: application/json; charset=utf-8
Content-Length: 122
Connection: keep-alive
X-Powered-By: Express
Access-Control-Allow-Origin: *
ETag: W/"7a-6PzV56hwkYE97tP+JNCXJ9IKrko"

{
    "success": true,
    "user": {
        "email": "римма.лыткина@mail.ru",
        "name": "варвара.харитонова_updated"
    }
}
Request method:	DELETE
Request URI:	https://stellarburgers.nomoreparties.site/api/auth/user
Proxy:			<none>
Request params:	<none>
Query params:	<none>
Form params:	<none>
Path params:	<none>
Headers:		Authorization=Bearer eyJhbGciOiJIUzI1NiIsInR5cCI6IkpXVCJ9.eyJpZCI6IjY4MGQyYzgwOWVkMjgwMDAxYjVkNjBiNCIsImlhdCI6MTc0NTY5MzgyNSwiZXhwIjoxNzQ1Njk1MDI1fQ.grkjDDmkkcJMyZj1GTaME0j6af8hJXMu600MFP9BkY0
				Accept=*/*
				Content-Type=application/json
Cookies:		<none>
Multiparts:		<none>
Body:			<none>
HTTP/1.1 202 Accepted
Server: nginx/1.18.0 (Ubuntu)
Date: Sat, 26 Apr 2025 18:57:06 GMT
Content-Type: application/json; charset=utf-8
Content-Length: 54
Connection: keep-alive
X-Powered-By: Express
Access-Control-Allow-Origin: *
ETag: W/"36-hDmZnQ3Ou/ynnqAeC6TYmyseuzY"

{
    "success": true,
    "message": "User successfully removed"
}
Request method:	DELETE
Request URI:	https://stellarburgers.nomoreparties.site/api/auth/user
Proxy:			<none>
Request params:	<none>
Query params:	<none>
Form params:	<none>
Path params:	<none>
Headers:		Authorization=Bearer eyJhbGciOiJIUzI1NiIsInR5cCI6IkpXVCJ9.eyJpZCI6IjY4MGQyYzgxOWVkMjgwMDAxYjVkNjBiNyIsImlhdCI6MTc0NTY5MzgyNSwiZXhwIjoxNzQ1Njk1MDI1fQ.GmIi1oEc9L1xBK46kFhuoQ24bm0Gg2iMw4gZDzPNUgw
				Accept=*/*
				Content-Type=application/json
Cookies:		<none>
Multiparts:		<none>
Body:			<none>
HTTP/1.1 202 Accepted
Server: nginx/1.18.0 (Ubuntu)
Date: Sat, 26 Apr 2025 18:57:07 GMT
Content-Type: application/json; charset=utf-8
Content-Length: 54
Connection: keep-alive
X-Powered-By: Express
Access-Control-Allow-Origin: *
ETag: W/"36-hDmZnQ3Ou/ynnqAeC6TYmyseuzY"

{
    "success": true,
    "message": "User successfully removed"
}
]]></system-out>
  </testcase>
  <testcase name="testUpdateUserNameWithoutAuthorization" classname="kz.yandex.practicum.qa.sb.user.UserUpdateTest" time="3.096">
    <system-out><![CDATA[Request method:	POST
Request URI:	https://stellarburgers.nomoreparties.site/api/auth/register
Proxy:			<none>
Request params:	<none>
Query params:	<none>
Form params:	<none>
Path params:	<none>
Headers:		Accept=*/*
				Content-Type=application/json
Cookies:		<none>
Multiparts:		<none>
Body:
{
    "email": "анжелика.соловьева@yandex.ru",
    "password": "acprnzd8d",
    "name": "константин.григорьева"
}
HTTP/1.1 200 OK
Server: nginx/1.18.0 (Ubuntu)
Date: Sat, 26 Apr 2025 18:57:07 GMT
Content-Type: application/json; charset=utf-8
Content-Length: 425
Connection: keep-alive
X-Powered-By: Express
Access-Control-Allow-Origin: *
authorization: Bearer eyJhbGciOiJIUzI1NiIsInR5cCI6IkpXVCJ9.eyJpZCI6IjY4MGQyYzgzOWVkMjgwMDAxYjVkNjBiOSIsImlhdCI6MTc0NTY5MzgyNywiZXhwIjoxNzQ1Njk1MDI3fQ.UBovmOzjIV82T6TklOzjOcc6-kSafQ1KVWCoW6LqPKs
ETag: W/"1a9-/9DMJt8oEwjT6DDCDbKEGNFGIp8"

{
    "success": true,
    "user": {
        "email": "анжелика.соловьева@yandex.ru",
        "name": "константин.григорьева"
    },
    "accessToken": "Bearer eyJhbGciOiJIUzI1NiIsInR5cCI6IkpXVCJ9.eyJpZCI6IjY4MGQyYzgzOWVkMjgwMDAxYjVkNjBiOSIsImlhdCI6MTc0NTY5MzgyNywiZXhwIjoxNzQ1Njk1MDI3fQ.UBovmOzjIV82T6TklOzjOcc6-kSafQ1KVWCoW6LqPKs",
    "refreshToken": "d515be00186a013042c0dc18e7337aab26dd88c976b9a46951be9e719053b9d24432f52d9415fcda"
}
Request method:	POST
Request URI:	https://stellarburgers.nomoreparties.site/api/auth/login
Proxy:			<none>
Request params:	<none>
Query params:	<none>
Form params:	<none>
Path params:	<none>
Headers:		Accept=*/*
				Content-Type=application/json
Cookies:		<none>
Multiparts:		<none>
Body:
{
    "email": "анжелика.соловьева@yandex.ru",
    "password": "acprnzd8d",
    "name": null
}
HTTP/1.1 200 OK
Server: nginx/1.18.0 (Ubuntu)
Date: Sat, 26 Apr 2025 18:57:08 GMT
Content-Type: application/json; charset=utf-8
Content-Length: 425
Connection: keep-alive
X-Powered-By: Express
Access-Control-Allow-Origin: *
ETag: W/"1a9-9xkZbKVBG5PJxsSvWW71tyYxLR0"

{
    "success": true,
    "accessToken": "Bearer eyJhbGciOiJIUzI1NiIsInR5cCI6IkpXVCJ9.eyJpZCI6IjY4MGQyYzgzOWVkMjgwMDAxYjVkNjBiOSIsImlhdCI6MTc0NTY5MzgyOCwiZXhwIjoxNzQ1Njk1MDI4fQ.Io7QoH8g30-cUL6Gyu6jLdLclO_y31GtTmBRGWTaNJc",
    "refreshToken": "bc2942554aea09a21ad1e81e091885f5da8306a4c52a1d9657376c54b2c50f5aa311eadda13f95be",
    "user": {
        "email": "анжелика.соловьева@yandex.ru",
        "name": "константин.григорьева"
    }
}
Request method:	POST
Request URI:	https://stellarburgers.nomoreparties.site/api/auth/register
Proxy:			<none>
Request params:	<none>
Query params:	<none>
Form params:	<none>
Path params:	<none>
Headers:		Accept=*/*
				Content-Type=application/json
Cookies:		<none>
Multiparts:		<none>
Body:
{
    "email": "максим.крылов@gmail.com",
    "password": "sx0yxl4ac",
    "name": "лука.маркова"
}
HTTP/1.1 200 OK
Server: nginx/1.18.0 (Ubuntu)
Date: Sat, 26 Apr 2025 18:57:08 GMT
Content-Type: application/json; charset=utf-8
Content-Length: 397
Connection: keep-alive
X-Powered-By: Express
Access-Control-Allow-Origin: *
authorization: Bearer eyJhbGciOiJIUzI1NiIsInR5cCI6IkpXVCJ9.eyJpZCI6IjY4MGQyYzg0OWVkMjgwMDAxYjVkNjBiYyIsImlhdCI6MTc0NTY5MzgyOCwiZXhwIjoxNzQ1Njk1MDI4fQ.vPRH0yo90Qx_7wJQ5RVMtBug0_cTTmhjGxThFbMBPZk
ETag: W/"18d-hVeLm6GXTlXZ/x8KNjX5ipuO+lU"

{
    "success": true,
    "user": {
        "email": "максим.крылов@gmail.com",
        "name": "лука.маркова"
    },
    "accessToken": "Bearer eyJhbGciOiJIUzI1NiIsInR5cCI6IkpXVCJ9.eyJpZCI6IjY4MGQyYzg0OWVkMjgwMDAxYjVkNjBiYyIsImlhdCI6MTc0NTY5MzgyOCwiZXhwIjoxNzQ1Njk1MDI4fQ.vPRH0yo90Qx_7wJQ5RVMtBug0_cTTmhjGxThFbMBPZk",
    "refreshToken": "2803fcfc0f3d932883d2ce412e5f6f4533fdeb7182fb47569779d956783310ed14f94b8faefabff2"
}
Authorized user: User(email=анжелика.соловьева@yandex.ru, password=acprnzd8d, name=константин.григорьева, createdAt=null, updatedAt=null, accessToken=Bearer eyJhbGciOiJIUzI1NiIsInR5cCI6IkpXVCJ9.eyJpZCI6IjY4MGQyYzgzOWVkMjgwMDAxYjVkNjBiOSIsImlhdCI6MTc0NTY5MzgyOCwiZXhwIjoxNzQ1Njk1MDI4fQ.Io7QoH8g30-cUL6Gyu6jLdLclO_y31GtTmBRGWTaNJc, refreshToken=bc2942554aea09a21ad1e81e091885f5da8306a4c52a1d9657376c54b2c50f5aa311eadda13f95be)
Unauthorized user: User(email=максим.крылов@gmail.com, password=sx0yxl4ac, name=лука.маркова, createdAt=null, updatedAt=null, accessToken=Bearer eyJhbGciOiJIUzI1NiIsInR5cCI6IkpXVCJ9.eyJpZCI6IjY4MGQyYzg0OWVkMjgwMDAxYjVkNjBiYyIsImlhdCI6MTc0NTY5MzgyOCwiZXhwIjoxNzQ1Njk1MDI4fQ.vPRH0yo90Qx_7wJQ5RVMtBug0_cTTmhjGxThFbMBPZk, refreshToken=2803fcfc0f3d932883d2ce412e5f6f4533fdeb7182fb47569779d956783310ed14f94b8faefabff2)
Request method:	PATCH
Request URI:	https://stellarburgers.nomoreparties.site/api/auth/user
Proxy:			<none>
Request params:	<none>
Query params:	<none>
Form params:	<none>
Path params:	<none>
Headers:		Accept=*/*
				Content-Type=application/json
Cookies:		<none>
Multiparts:		<none>
Body:
{
    "email": "максим.крылов@gmail.com",
    "password": "sx0yxl4ac",
    "name": "лука.маркова_updated"
}
HTTP/1.1 401 Unauthorized
Server: nginx/1.18.0 (Ubuntu)
Date: Sat, 26 Apr 2025 18:57:09 GMT
Content-Type: application/json; charset=utf-8
Content-Length: 54
Connection: keep-alive
X-Powered-By: Express
Access-Control-Allow-Origin: *
ETag: W/"36-9ndkQYJpZ8s0sMN790Nuh0MLq/U"

{
    "success": false,
    "message": "You should be authorised"
}
Request method:	DELETE
Request URI:	https://stellarburgers.nomoreparties.site/api/auth/user
Proxy:			<none>
Request params:	<none>
Query params:	<none>
Form params:	<none>
Path params:	<none>
Headers:		Authorization=Bearer eyJhbGciOiJIUzI1NiIsInR5cCI6IkpXVCJ9.eyJpZCI6IjY4MGQyYzgzOWVkMjgwMDAxYjVkNjBiOSIsImlhdCI6MTc0NTY5MzgyOCwiZXhwIjoxNzQ1Njk1MDI4fQ.Io7QoH8g30-cUL6Gyu6jLdLclO_y31GtTmBRGWTaNJc
				Accept=*/*
				Content-Type=application/json
Cookies:		<none>
Multiparts:		<none>
Body:			<none>
HTTP/1.1 202 Accepted
Server: nginx/1.18.0 (Ubuntu)
Date: Sat, 26 Apr 2025 18:57:09 GMT
Content-Type: application/json; charset=utf-8
Content-Length: 54
Connection: keep-alive
X-Powered-By: Express
Access-Control-Allow-Origin: *
ETag: W/"36-hDmZnQ3Ou/ynnqAeC6TYmyseuzY"

{
    "success": true,
    "message": "User successfully removed"
}
Request method:	DELETE
Request URI:	https://stellarburgers.nomoreparties.site/api/auth/user
Proxy:			<none>
Request params:	<none>
Query params:	<none>
Form params:	<none>
Path params:	<none>
Headers:		Authorization=Bearer eyJhbGciOiJIUzI1NiIsInR5cCI6IkpXVCJ9.eyJpZCI6IjY4MGQyYzg0OWVkMjgwMDAxYjVkNjBiYyIsImlhdCI6MTc0NTY5MzgyOCwiZXhwIjoxNzQ1Njk1MDI4fQ.vPRH0yo90Qx_7wJQ5RVMtBug0_cTTmhjGxThFbMBPZk
				Accept=*/*
				Content-Type=application/json
Cookies:		<none>
Multiparts:		<none>
Body:			<none>
HTTP/1.1 202 Accepted
Server: nginx/1.18.0 (Ubuntu)
Date: Sat, 26 Apr 2025 18:57:10 GMT
Content-Type: application/json; charset=utf-8
Content-Length: 54
Connection: keep-alive
X-Powered-By: Express
Access-Control-Allow-Origin: *
ETag: W/"36-hDmZnQ3Ou/ynnqAeC6TYmyseuzY"

{
    "success": true,
    "message": "User successfully removed"
}
]]></system-out>
  </testcase>
  <testcase name="testUpdateUserEmailWithoutAuthorization" classname="kz.yandex.practicum.qa.sb.user.UserUpdateTest" time="4.362">
    <system-out><![CDATA[Request method:	POST
Request URI:	https://stellarburgers.nomoreparties.site/api/auth/register
Proxy:			<none>
Request params:	<none>
Query params:	<none>
Form params:	<none>
Path params:	<none>
Headers:		Accept=*/*
				Content-Type=application/json
Cookies:		<none>
Multiparts:		<none>
Body:
{
    "email": "людмила.савин@hotmail.com",
    "password": "p5dklwkiznh6",
    "name": "алина.уваров"
}
HTTP/1.1 200 OK
Server: nginx/1.18.0 (Ubuntu)
Date: Sat, 26 Apr 2025 18:57:11 GMT
Content-Type: application/json; charset=utf-8
Content-Length: 399
Connection: keep-alive
X-Powered-By: Express
Access-Control-Allow-Origin: *
authorization: Bearer eyJhbGciOiJIUzI1NiIsInR5cCI6IkpXVCJ9.eyJpZCI6IjY4MGQyYzg3OWVkMjgwMDAxYjVkNjBiZSIsImlhdCI6MTc0NTY5MzgzMSwiZXhwIjoxNzQ1Njk1MDMxfQ.WAzNcfstogHhdBERTT3PvgkV_4ZfodyW-QEJPoDClPo
ETag: W/"18f-PMmyeJ8qB4JTzpV8UgL5ydxg58M"

{
    "success": true,
    "user": {
        "email": "людмила.савин@hotmail.com",
        "name": "алина.уваров"
    },
    "accessToken": "Bearer eyJhbGciOiJIUzI1NiIsInR5cCI6IkpXVCJ9.eyJpZCI6IjY4MGQyYzg3OWVkMjgwMDAxYjVkNjBiZSIsImlhdCI6MTc0NTY5MzgzMSwiZXhwIjoxNzQ1Njk1MDMxfQ.WAzNcfstogHhdBERTT3PvgkV_4ZfodyW-QEJPoDClPo",
    "refreshToken": "2951c9e39c928ce765e405beb06afc18b1200fd72715bf6034928106ab4e436e2a26a1d5711fef3b"
}
Request method:	POST
Request URI:	https://stellarburgers.nomoreparties.site/api/auth/login
Proxy:			<none>
Request params:	<none>
Query params:	<none>
Form params:	<none>
Path params:	<none>
Headers:		Accept=*/*
				Content-Type=application/json
Cookies:		<none>
Multiparts:		<none>
Body:
{
    "email": "людмила.савин@hotmail.com",
    "password": "p5dklwkiznh6",
    "name": null
}
HTTP/1.1 200 OK
Server: nginx/1.18.0 (Ubuntu)
Date: Sat, 26 Apr 2025 18:57:11 GMT
Content-Type: application/json; charset=utf-8
Content-Length: 399
Connection: keep-alive
X-Powered-By: Express
Access-Control-Allow-Origin: *
ETag: W/"18f-E23XK7nDMMpVM/r5S+oDoAgV3EY"

{
    "success": true,
    "accessToken": "Bearer eyJhbGciOiJIUzI1NiIsInR5cCI6IkpXVCJ9.eyJpZCI6IjY4MGQyYzg3OWVkMjgwMDAxYjVkNjBiZSIsImlhdCI6MTc0NTY5MzgzMSwiZXhwIjoxNzQ1Njk1MDMxfQ.WAzNcfstogHhdBERTT3PvgkV_4ZfodyW-QEJPoDClPo",
    "refreshToken": "24076a11f689109e2e95442ff118f86b8acf448efcac4a37fb02dfa5e268335e7477cf9f157fdb28",
    "user": {
        "email": "людмила.савин@hotmail.com",
        "name": "алина.уваров"
    }
}
Request method:	POST
Request URI:	https://stellarburgers.nomoreparties.site/api/auth/register
Proxy:			<none>
Request params:	<none>
Query params:	<none>
Form params:	<none>
Path params:	<none>
Headers:		Accept=*/*
				Content-Type=application/json
Cookies:		<none>
Multiparts:		<none>
Body:
{
    "email": "арсении.крылов@gmail.com",
    "password": "4jnj7e200a",
    "name": "геннадий.антонова"
}
HTTP/1.1 200 OK
Server: nginx/1.18.0 (Ubuntu)
Date: Sat, 26 Apr 2025 18:57:13 GMT
Content-Type: application/json; charset=utf-8
Content-Length: 409
Connection: keep-alive
X-Powered-By: Express
Access-Control-Allow-Origin: *
authorization: Bearer eyJhbGciOiJIUzI1NiIsInR5cCI6IkpXVCJ9.eyJpZCI6IjY4MGQyYzg5OWVkMjgwMDAxYjVkNjBjMSIsImlhdCI6MTc0NTY5MzgzMywiZXhwIjoxNzQ1Njk1MDMzfQ.QoAlsYF-zk_EB4z0z8MddJ5psAuj0rAWpvQf7pslTSo
ETag: W/"199-gyJM7hYkCA43lUsj6ZDo/3i5igs"

{
    "success": true,
    "user": {
        "email": "арсении.крылов@gmail.com",
        "name": "геннадий.антонова"
    },
    "accessToken": "Bearer eyJhbGciOiJIUzI1NiIsInR5cCI6IkpXVCJ9.eyJpZCI6IjY4MGQyYzg5OWVkMjgwMDAxYjVkNjBjMSIsImlhdCI6MTc0NTY5MzgzMywiZXhwIjoxNzQ1Njk1MDMzfQ.QoAlsYF-zk_EB4z0z8MddJ5psAuj0rAWpvQf7pslTSo",
    "refreshToken": "d9e8ccd6b8c39059ad655f5ec61adc5ad809bb9aaa5f666835f5a4995c429164f76ce85aec7e6514"
}
Authorized user: User(email=людмила.савин@hotmail.com, password=p5dklwkiznh6, name=алина.уваров, createdAt=null, updatedAt=null, accessToken=Bearer eyJhbGciOiJIUzI1NiIsInR5cCI6IkpXVCJ9.eyJpZCI6IjY4MGQyYzg3OWVkMjgwMDAxYjVkNjBiZSIsImlhdCI6MTc0NTY5MzgzMSwiZXhwIjoxNzQ1Njk1MDMxfQ.WAzNcfstogHhdBERTT3PvgkV_4ZfodyW-QEJPoDClPo, refreshToken=24076a11f689109e2e95442ff118f86b8acf448efcac4a37fb02dfa5e268335e7477cf9f157fdb28)
Unauthorized user: User(email=арсении.крылов@gmail.com, password=4jnj7e200a, name=геннадий.антонова, createdAt=null, updatedAt=null, accessToken=Bearer eyJhbGciOiJIUzI1NiIsInR5cCI6IkpXVCJ9.eyJpZCI6IjY4MGQyYzg5OWVkMjgwMDAxYjVkNjBjMSIsImlhdCI6MTc0NTY5MzgzMywiZXhwIjoxNzQ1Njk1MDMzfQ.QoAlsYF-zk_EB4z0z8MddJ5psAuj0rAWpvQf7pslTSo, refreshToken=d9e8ccd6b8c39059ad655f5ec61adc5ad809bb9aaa5f666835f5a4995c429164f76ce85aec7e6514)
Request method:	PATCH
Request URI:	https://stellarburgers.nomoreparties.site/api/auth/user
Proxy:			<none>
Request params:	<none>
Query params:	<none>
Form params:	<none>
Path params:	<none>
Headers:		Accept=*/*
				Content-Type=application/json
Cookies:		<none>
Multiparts:		<none>
Body:
{
    "email": "арсении.крылов@gmail.com_updated",
    "password": "4jnj7e200a",
    "name": "геннадий.антонова"
}
HTTP/1.1 401 Unauthorized
Server: nginx/1.18.0 (Ubuntu)
Date: Sat, 26 Apr 2025 18:57:13 GMT
Content-Type: application/json; charset=utf-8
Content-Length: 54
Connection: keep-alive
X-Powered-By: Express
Access-Control-Allow-Origin: *
ETag: W/"36-9ndkQYJpZ8s0sMN790Nuh0MLq/U"

{
    "success": false,
    "message": "You should be authorised"
}
Request method:	DELETE
Request URI:	https://stellarburgers.nomoreparties.site/api/auth/user
Proxy:			<none>
Request params:	<none>
Query params:	<none>
Form params:	<none>
Path params:	<none>
Headers:		Authorization=Bearer eyJhbGciOiJIUzI1NiIsInR5cCI6IkpXVCJ9.eyJpZCI6IjY4MGQyYzg3OWVkMjgwMDAxYjVkNjBiZSIsImlhdCI6MTc0NTY5MzgzMSwiZXhwIjoxNzQ1Njk1MDMxfQ.WAzNcfstogHhdBERTT3PvgkV_4ZfodyW-QEJPoDClPo
				Accept=*/*
				Content-Type=application/json
Cookies:		<none>
Multiparts:		<none>
Body:			<none>
HTTP/1.1 202 Accepted
Server: nginx/1.18.0 (Ubuntu)
Date: Sat, 26 Apr 2025 18:57:14 GMT
Content-Type: application/json; charset=utf-8
Content-Length: 54
Connection: keep-alive
X-Powered-By: Express
Access-Control-Allow-Origin: *
ETag: W/"36-hDmZnQ3Ou/ynnqAeC6TYmyseuzY"

{
    "success": true,
    "message": "User successfully removed"
}
Request method:	DELETE
Request URI:	https://stellarburgers.nomoreparties.site/api/auth/user
Proxy:			<none>
Request params:	<none>
Query params:	<none>
Form params:	<none>
Path params:	<none>
Headers:		Authorization=Bearer eyJhbGciOiJIUzI1NiIsInR5cCI6IkpXVCJ9.eyJpZCI6IjY4MGQyYzg5OWVkMjgwMDAxYjVkNjBjMSIsImlhdCI6MTc0NTY5MzgzMywiZXhwIjoxNzQ1Njk1MDMzfQ.QoAlsYF-zk_EB4z0z8MddJ5psAuj0rAWpvQf7pslTSo
				Accept=*/*
				Content-Type=application/json
Cookies:		<none>
Multiparts:		<none>
Body:			<none>
HTTP/1.1 202 Accepted
Server: nginx/1.18.0 (Ubuntu)
Date: Sat, 26 Apr 2025 18:57:15 GMT
Content-Type: application/json; charset=utf-8
Content-Length: 54
Connection: keep-alive
X-Powered-By: Express
Access-Control-Allow-Origin: *
ETag: W/"36-hDmZnQ3Ou/ynnqAeC6TYmyseuzY"

{
    "success": true,
    "message": "User successfully removed"
}
]]></system-out>
  </testcase>
  <testcase name="testUpdateUserPasswordWithoutAuthorization" classname="kz.yandex.practicum.qa.sb.user.UserUpdateTest" time="3.035">
    <system-out><![CDATA[Request method:	POST
Request URI:	https://stellarburgers.nomoreparties.site/api/auth/register
Proxy:			<none>
Request params:	<none>
Query params:	<none>
Form params:	<none>
Path params:	<none>
Headers:		Accept=*/*
				Content-Type=application/json
Cookies:		<none>
Multiparts:		<none>
Body:
{
    "email": "сергеи.воронова@gmail.com",
    "password": "l4cwglhej6q7",
    "name": "андрей.мясников"
}
HTTP/1.1 200 OK
Server: nginx/1.18.0 (Ubuntu)
Date: Sat, 26 Apr 2025 18:57:15 GMT
Content-Type: application/json; charset=utf-8
Content-Length: 407
Connection: keep-alive
X-Powered-By: Express
Access-Control-Allow-Origin: *
authorization: Bearer eyJhbGciOiJIUzI1NiIsInR5cCI6IkpXVCJ9.eyJpZCI6IjY4MGQyYzhiOWVkMjgwMDAxYjVkNjBjMyIsImlhdCI6MTc0NTY5MzgzNSwiZXhwIjoxNzQ1Njk1MDM1fQ.W-oJBpdTkse2eO6WUEl4qiN6DNgd1U5POjt6Buxhep4
ETag: W/"197-ihrs2IdlizjK7qS7EUBZ4QIhGyU"

{
    "success": true,
    "user": {
        "email": "сергеи.воронова@gmail.com",
        "name": "андрей.мясников"
    },
    "accessToken": "Bearer eyJhbGciOiJIUzI1NiIsInR5cCI6IkpXVCJ9.eyJpZCI6IjY4MGQyYzhiOWVkMjgwMDAxYjVkNjBjMyIsImlhdCI6MTc0NTY5MzgzNSwiZXhwIjoxNzQ1Njk1MDM1fQ.W-oJBpdTkse2eO6WUEl4qiN6DNgd1U5POjt6Buxhep4",
    "refreshToken": "f44cc32ba85294869ef97271b80f1de660da79b34066e5419d4cfa69cc7104b632638344f671e867"
}
Request method:	POST
Request URI:	https://stellarburgers.nomoreparties.site/api/auth/login
Proxy:			<none>
Request params:	<none>
Query params:	<none>
Form params:	<none>
Path params:	<none>
Headers:		Accept=*/*
				Content-Type=application/json
Cookies:		<none>
Multiparts:		<none>
Body:
{
    "email": "сергеи.воронова@gmail.com",
    "password": "l4cwglhej6q7",
    "name": null
}
HTTP/1.1 200 OK
Server: nginx/1.18.0 (Ubuntu)
Date: Sat, 26 Apr 2025 18:57:15 GMT
Content-Type: application/json; charset=utf-8
Content-Length: 407
Connection: keep-alive
X-Powered-By: Express
Access-Control-Allow-Origin: *
ETag: W/"197-8pGGgBSeMUZZ5R42cHvriMr5RV4"

{
    "success": true,
    "accessToken": "Bearer eyJhbGciOiJIUzI1NiIsInR5cCI6IkpXVCJ9.eyJpZCI6IjY4MGQyYzhiOWVkMjgwMDAxYjVkNjBjMyIsImlhdCI6MTc0NTY5MzgzNSwiZXhwIjoxNzQ1Njk1MDM1fQ.W-oJBpdTkse2eO6WUEl4qiN6DNgd1U5POjt6Buxhep4",
    "refreshToken": "c6a2a656aa00bff7399ecc22c0174ab285e223b48223dbec715dee791694202fd130af7e800e288b",
    "user": {
        "email": "сергеи.воронова@gmail.com",
        "name": "андрей.мясников"
    }
}
Request method:	POST
Request URI:	https://stellarburgers.nomoreparties.site/api/auth/register
Proxy:			<none>
Request params:	<none>
Query params:	<none>
Form params:	<none>
Path params:	<none>
Headers:		Accept=*/*
				Content-Type=application/json
Cookies:		<none>
Multiparts:		<none>
Body:
{
    "email": "анжелика.архипов@gmail.com",
    "password": "dohclldpumrly",
    "name": "любовь.фролов"
}
HTTP/1.1 200 OK
Server: nginx/1.18.0 (Ubuntu)
Date: Sat, 26 Apr 2025 18:57:16 GMT
Content-Type: application/json; charset=utf-8
Content-Length: 405
Connection: keep-alive
X-Powered-By: Express
Access-Control-Allow-Origin: *
authorization: Bearer eyJhbGciOiJIUzI1NiIsInR5cCI6IkpXVCJ9.eyJpZCI6IjY4MGQyYzhjOWVkMjgwMDAxYjVkNjBjNiIsImlhdCI6MTc0NTY5MzgzNiwiZXhwIjoxNzQ1Njk1MDM2fQ.rjhktTtRLO2fDKyi3rEoQiQueyWZ6XoGZfTVNZsLCTY
ETag: W/"195-+REVv0PPA7bqNlFJeDWkHTwqr4I"

{
    "success": true,
    "user": {
        "email": "анжелика.архипов@gmail.com",
        "name": "любовь.фролов"
    },
    "accessToken": "Bearer eyJhbGciOiJIUzI1NiIsInR5cCI6IkpXVCJ9.eyJpZCI6IjY4MGQyYzhjOWVkMjgwMDAxYjVkNjBjNiIsImlhdCI6MTc0NTY5MzgzNiwiZXhwIjoxNzQ1Njk1MDM2fQ.rjhktTtRLO2fDKyi3rEoQiQueyWZ6XoGZfTVNZsLCTY",
    "refreshToken": "88c1ab10907eb9dbce37192032fefc77ca544c6eb98ecdf0fa720b8481fb843a623d76c147597a51"
}
Authorized user: User(email=сергеи.воронова@gmail.com, password=l4cwglhej6q7, name=андрей.мясников, createdAt=null, updatedAt=null, accessToken=Bearer eyJhbGciOiJIUzI1NiIsInR5cCI6IkpXVCJ9.eyJpZCI6IjY4MGQyYzhiOWVkMjgwMDAxYjVkNjBjMyIsImlhdCI6MTc0NTY5MzgzNSwiZXhwIjoxNzQ1Njk1MDM1fQ.W-oJBpdTkse2eO6WUEl4qiN6DNgd1U5POjt6Buxhep4, refreshToken=c6a2a656aa00bff7399ecc22c0174ab285e223b48223dbec715dee791694202fd130af7e800e288b)
Unauthorized user: User(email=анжелика.архипов@gmail.com, password=dohclldpumrly, name=любовь.фролов, createdAt=null, updatedAt=null, accessToken=Bearer eyJhbGciOiJIUzI1NiIsInR5cCI6IkpXVCJ9.eyJpZCI6IjY4MGQyYzhjOWVkMjgwMDAxYjVkNjBjNiIsImlhdCI6MTc0NTY5MzgzNiwiZXhwIjoxNzQ1Njk1MDM2fQ.rjhktTtRLO2fDKyi3rEoQiQueyWZ6XoGZfTVNZsLCTY, refreshToken=88c1ab10907eb9dbce37192032fefc77ca544c6eb98ecdf0fa720b8481fb843a623d76c147597a51)
Request method:	PATCH
Request URI:	https://stellarburgers.nomoreparties.site/api/auth/user
Proxy:			<none>
Request params:	<none>
Query params:	<none>
Form params:	<none>
Path params:	<none>
Headers:		Accept=*/*
				Content-Type=application/json
Cookies:		<none>
Multiparts:		<none>
Body:
{
    "email": "анжелика.архипов@gmail.com",
    "password": "dohclldpumrly_updated",
    "name": "любовь.фролов"
}
HTTP/1.1 401 Unauthorized
Server: nginx/1.18.0 (Ubuntu)
Date: Sat, 26 Apr 2025 18:57:16 GMT
Content-Type: application/json; charset=utf-8
Content-Length: 54
Connection: keep-alive
X-Powered-By: Express
Access-Control-Allow-Origin: *
ETag: W/"36-9ndkQYJpZ8s0sMN790Nuh0MLq/U"

{
    "success": false,
    "message": "You should be authorised"
}
Request method:	DELETE
Request URI:	https://stellarburgers.nomoreparties.site/api/auth/user
Proxy:			<none>
Request params:	<none>
Query params:	<none>
Form params:	<none>
Path params:	<none>
Headers:		Authorization=Bearer eyJhbGciOiJIUzI1NiIsInR5cCI6IkpXVCJ9.eyJpZCI6IjY4MGQyYzhiOWVkMjgwMDAxYjVkNjBjMyIsImlhdCI6MTc0NTY5MzgzNSwiZXhwIjoxNzQ1Njk1MDM1fQ.W-oJBpdTkse2eO6WUEl4qiN6DNgd1U5POjt6Buxhep4
				Accept=*/*
				Content-Type=application/json
Cookies:		<none>
Multiparts:		<none>
Body:			<none>
HTTP/1.1 202 Accepted
Server: nginx/1.18.0 (Ubuntu)
Date: Sat, 26 Apr 2025 18:57:17 GMT
Content-Type: application/json; charset=utf-8
Content-Length: 54
Connection: keep-alive
X-Powered-By: Express
Access-Control-Allow-Origin: *
ETag: W/"36-hDmZnQ3Ou/ynnqAeC6TYmyseuzY"

{
    "success": true,
    "message": "User successfully removed"
}
Request method:	DELETE
Request URI:	https://stellarburgers.nomoreparties.site/api/auth/user
Proxy:			<none>
Request params:	<none>
Query params:	<none>
Form params:	<none>
Path params:	<none>
Headers:		Authorization=Bearer eyJhbGciOiJIUzI1NiIsInR5cCI6IkpXVCJ9.eyJpZCI6IjY4MGQyYzhjOWVkMjgwMDAxYjVkNjBjNiIsImlhdCI6MTc0NTY5MzgzNiwiZXhwIjoxNzQ1Njk1MDM2fQ.rjhktTtRLO2fDKyi3rEoQiQueyWZ6XoGZfTVNZsLCTY
				Accept=*/*
				Content-Type=application/json
Cookies:		<none>
Multiparts:		<none>
Body:			<none>
HTTP/1.1 202 Accepted
Server: nginx/1.18.0 (Ubuntu)
Date: Sat, 26 Apr 2025 18:57:18 GMT
Content-Type: application/json; charset=utf-8
Content-Length: 54
Connection: keep-alive
X-Powered-By: Express
Access-Control-Allow-Origin: *
ETag: W/"36-hDmZnQ3Ou/ynnqAeC6TYmyseuzY"

{
    "success": true,
    "message": "User successfully removed"
}
]]></system-out>
  </testcase>
  <testcase name="testUpdateUnauthorizedUserEmail" classname="kz.yandex.practicum.qa.sb.user.UserUpdateTest" time="3.268">
    <failure message="Expected kz.yandex.practicum.qa.sb.common.ApiException to be thrown, but nothing was thrown." type="org.opentest4j.AssertionFailedError"><![CDATA[org.opentest4j.AssertionFailedError: Expected kz.yandex.practicum.qa.sb.common.ApiException to be thrown, but nothing was thrown.
	at org.junit.jupiter.api.AssertionFailureBuilder.build(AssertionFailureBuilder.java:152)
	at org.junit.jupiter.api.AssertThrows.assertThrows(AssertThrows.java:73)
	at org.junit.jupiter.api.AssertThrows.assertThrows(AssertThrows.java:35)
	at org.junit.jupiter.api.Assertions.assertThrows(Assertions.java:3128)
	at kz.yandex.practicum.qa.sb.user.UserUpdateTest.testUpdateUnauthorizedUserEmail(UserUpdateTest.java:146)
	at java.base/java.lang.reflect.Method.invoke(Method.java:566)
	at java.base/java.util.ArrayList.forEach(ArrayList.java:1541)
	at java.base/java.util.ArrayList.forEach(ArrayList.java:1541)
]]></failure>
    <system-out><![CDATA[Request method:	POST
Request URI:	https://stellarburgers.nomoreparties.site/api/auth/register
Proxy:			<none>
Request params:	<none>
Query params:	<none>
Form params:	<none>
Path params:	<none>
Headers:		Accept=*/*
				Content-Type=application/json
Cookies:		<none>
Multiparts:		<none>
Body:
{
    "email": "степан.силин@hotmail.com",
    "password": "unbauqv9s46o3",
    "name": "лаврентий.логинов"
}
HTTP/1.1 200 OK
Server: nginx/1.18.0 (Ubuntu)
Date: Sat, 26 Apr 2025 18:57:18 GMT
Content-Type: application/json; charset=utf-8
Content-Length: 407
Connection: keep-alive
X-Powered-By: Express
Access-Control-Allow-Origin: *
authorization: Bearer eyJhbGciOiJIUzI1NiIsInR5cCI6IkpXVCJ9.eyJpZCI6IjY4MGQyYzhlOWVkMjgwMDAxYjVkNjBjOCIsImlhdCI6MTc0NTY5MzgzOCwiZXhwIjoxNzQ1Njk1MDM4fQ.MQPMCJLnTPNE3e9BYS5LP8fiQbFZo9IXUcqaOSri320
ETag: W/"197-tjYksH+zAZ4dSW9yNMIqjK9s+NA"

{
    "success": true,
    "user": {
        "email": "степан.силин@hotmail.com",
        "name": "лаврентий.логинов"
    },
    "accessToken": "Bearer eyJhbGciOiJIUzI1NiIsInR5cCI6IkpXVCJ9.eyJpZCI6IjY4MGQyYzhlOWVkMjgwMDAxYjVkNjBjOCIsImlhdCI6MTc0NTY5MzgzOCwiZXhwIjoxNzQ1Njk1MDM4fQ.MQPMCJLnTPNE3e9BYS5LP8fiQbFZo9IXUcqaOSri320",
    "refreshToken": "b49a10a9301e2412abb19cec585a422fc33b082e403713bdbb2b71ef95ec0c5635785ceb3db724b8"
}
Request method:	POST
Request URI:	https://stellarburgers.nomoreparties.site/api/auth/login
Proxy:			<none>
Request params:	<none>
Query params:	<none>
Form params:	<none>
Path params:	<none>
Headers:		Accept=*/*
				Content-Type=application/json
Cookies:		<none>
Multiparts:		<none>
Body:
{
    "email": "степан.силин@hotmail.com",
    "password": "unbauqv9s46o3",
    "name": null
}
HTTP/1.1 200 OK
Server: nginx/1.18.0 (Ubuntu)
Date: Sat, 26 Apr 2025 18:57:18 GMT
Content-Type: application/json; charset=utf-8
Content-Length: 407
Connection: keep-alive
X-Powered-By: Express
Access-Control-Allow-Origin: *
ETag: W/"197-aKkAQZfStFe+d1QRgYqRZJxG9yM"

{
    "success": true,
    "accessToken": "Bearer eyJhbGciOiJIUzI1NiIsInR5cCI6IkpXVCJ9.eyJpZCI6IjY4MGQyYzhlOWVkMjgwMDAxYjVkNjBjOCIsImlhdCI6MTc0NTY5MzgzOCwiZXhwIjoxNzQ1Njk1MDM4fQ.MQPMCJLnTPNE3e9BYS5LP8fiQbFZo9IXUcqaOSri320",
    "refreshToken": "86a071f2a7766badebdf32de3ed3df3a28066184eba83947d449c0b28b78ca7482d7db8381ee5f33",
    "user": {
        "email": "степан.силин@hotmail.com",
        "name": "лаврентий.логинов"
    }
}
Request method:	POST
Request URI:	https://stellarburgers.nomoreparties.site/api/auth/register
Proxy:			<none>
Request params:	<none>
Query params:	<none>
Form params:	<none>
Path params:	<none>
Headers:		Accept=*/*
				Content-Type=application/json
Cookies:		<none>
Multiparts:		<none>
Body:
{
    "email": "константин.самоилова@gmail.com",
    "password": "eyown6dks31gtx",
    "name": "юрий.никифорова"
}
HTTP/1.1 200 OK
Server: nginx/1.18.0 (Ubuntu)
Date: Sat, 26 Apr 2025 18:57:19 GMT
Content-Type: application/json; charset=utf-8
Content-Length: 417
Connection: keep-alive
X-Powered-By: Express
Access-Control-Allow-Origin: *
authorization: Bearer eyJhbGciOiJIUzI1NiIsInR5cCI6IkpXVCJ9.eyJpZCI6IjY4MGQyYzhmOWVkMjgwMDAxYjVkNjBjYiIsImlhdCI6MTc0NTY5MzgzOSwiZXhwIjoxNzQ1Njk1MDM5fQ.Ll1WjkKA2g_lJ9tmuASEBCbRVBX1M1PmCW8AiQ-1XAI
ETag: W/"1a1-Rxhjf9WuOktXc831v0TzPrRRaaA"

{
    "success": true,
    "user": {
        "email": "константин.самоилова@gmail.com",
        "name": "юрий.никифорова"
    },
    "accessToken": "Bearer eyJhbGciOiJIUzI1NiIsInR5cCI6IkpXVCJ9.eyJpZCI6IjY4MGQyYzhmOWVkMjgwMDAxYjVkNjBjYiIsImlhdCI6MTc0NTY5MzgzOSwiZXhwIjoxNzQ1Njk1MDM5fQ.Ll1WjkKA2g_lJ9tmuASEBCbRVBX1M1PmCW8AiQ-1XAI",
    "refreshToken": "97698a5c83def55dc7fdd1e34dcab4581a34c912cb7690f18a3575c90bdf8fe4026aea3ea7a78606"
}
Authorized user: User(email=степан.силин@hotmail.com, password=unbauqv9s46o3, name=лаврентий.логинов, createdAt=null, updatedAt=null, accessToken=Bearer eyJhbGciOiJIUzI1NiIsInR5cCI6IkpXVCJ9.eyJpZCI6IjY4MGQyYzhlOWVkMjgwMDAxYjVkNjBjOCIsImlhdCI6MTc0NTY5MzgzOCwiZXhwIjoxNzQ1Njk1MDM4fQ.MQPMCJLnTPNE3e9BYS5LP8fiQbFZo9IXUcqaOSri320, refreshToken=86a071f2a7766badebdf32de3ed3df3a28066184eba83947d449c0b28b78ca7482d7db8381ee5f33)
Unauthorized user: User(email=константин.самоилова@gmail.com, password=eyown6dks31gtx, name=юрий.никифорова, createdAt=null, updatedAt=null, accessToken=Bearer eyJhbGciOiJIUzI1NiIsInR5cCI6IkpXVCJ9.eyJpZCI6IjY4MGQyYzhmOWVkMjgwMDAxYjVkNjBjYiIsImlhdCI6MTc0NTY5MzgzOSwiZXhwIjoxNzQ1Njk1MDM5fQ.Ll1WjkKA2g_lJ9tmuASEBCbRVBX1M1PmCW8AiQ-1XAI, refreshToken=97698a5c83def55dc7fdd1e34dcab4581a34c912cb7690f18a3575c90bdf8fe4026aea3ea7a78606)
Request method:	PATCH
Request URI:	https://stellarburgers.nomoreparties.site/api/auth/user
Proxy:			<none>
Request params:	<none>
Query params:	<none>
Form params:	<none>
Path params:	<none>
Headers:		Authorization=Bearer eyJhbGciOiJIUzI1NiIsInR5cCI6IkpXVCJ9.eyJpZCI6IjY4MGQyYzhmOWVkMjgwMDAxYjVkNjBjYiIsImlhdCI6MTc0NTY5MzgzOSwiZXhwIjoxNzQ1Njk1MDM5fQ.Ll1WjkKA2g_lJ9tmuASEBCbRVBX1M1PmCW8AiQ-1XAI
				Accept=*/*
				Content-Type=application/json
Cookies:		<none>
Multiparts:		<none>
Body:
{
    "email": "константин.самоилова@gmail.com_updated",
    "password": "eyown6dks31gtx",
    "name": "юрий.никифорова"
}
HTTP/1.1 200 OK
Server: nginx/1.18.0 (Ubuntu)
Date: Sat, 26 Apr 2025 18:57:19 GMT
Content-Type: application/json; charset=utf-8
Content-Length: 132
Connection: keep-alive
X-Powered-By: Express
Access-Control-Allow-Origin: *
ETag: W/"84-3F6hkjy9oyUNQSFTB8VKao7adCg"

{
    "success": true,
    "user": {
        "email": "константин.самоилова@gmail.com_updated",
        "name": "юрий.никифорова"
    }
}
Request method:	DELETE
Request URI:	https://stellarburgers.nomoreparties.site/api/auth/user
Proxy:			<none>
Request params:	<none>
Query params:	<none>
Form params:	<none>
Path params:	<none>
Headers:		Authorization=Bearer eyJhbGciOiJIUzI1NiIsInR5cCI6IkpXVCJ9.eyJpZCI6IjY4MGQyYzhlOWVkMjgwMDAxYjVkNjBjOCIsImlhdCI6MTc0NTY5MzgzOCwiZXhwIjoxNzQ1Njk1MDM4fQ.MQPMCJLnTPNE3e9BYS5LP8fiQbFZo9IXUcqaOSri320
				Accept=*/*
				Content-Type=application/json
Cookies:		<none>
Multiparts:		<none>
Body:			<none>
HTTP/1.1 202 Accepted
Server: nginx/1.18.0 (Ubuntu)
Date: Sat, 26 Apr 2025 18:57:20 GMT
Content-Type: application/json; charset=utf-8
Content-Length: 54
Connection: keep-alive
X-Powered-By: Express
Access-Control-Allow-Origin: *
ETag: W/"36-hDmZnQ3Ou/ynnqAeC6TYmyseuzY"

{
    "success": true,
    "message": "User successfully removed"
}
Request method:	DELETE
Request URI:	https://stellarburgers.nomoreparties.site/api/auth/user
Proxy:			<none>
Request params:	<none>
Query params:	<none>
Form params:	<none>
Path params:	<none>
Headers:		Authorization=Bearer eyJhbGciOiJIUzI1NiIsInR5cCI6IkpXVCJ9.eyJpZCI6IjY4MGQyYzhmOWVkMjgwMDAxYjVkNjBjYiIsImlhdCI6MTc0NTY5MzgzOSwiZXhwIjoxNzQ1Njk1MDM5fQ.Ll1WjkKA2g_lJ9tmuASEBCbRVBX1M1PmCW8AiQ-1XAI
				Accept=*/*
				Content-Type=application/json
Cookies:		<none>
Multiparts:		<none>
Body:			<none>
HTTP/1.1 202 Accepted
Server: nginx/1.18.0 (Ubuntu)
Date: Sat, 26 Apr 2025 18:57:21 GMT
Content-Type: application/json; charset=utf-8
Content-Length: 54
Connection: keep-alive
X-Powered-By: Express
Access-Control-Allow-Origin: *
ETag: W/"36-hDmZnQ3Ou/ynnqAeC6TYmyseuzY"

{
    "success": true,
    "message": "User successfully removed"
}
]]></system-out>
  </testcase>
  <testcase name="testUpdateAuthorizedUserEmail" classname="kz.yandex.practicum.qa.sb.user.UserUpdateTest" time="3.161">
    <system-out><![CDATA[Request method:	POST
Request URI:	https://stellarburgers.nomoreparties.site/api/auth/register
Proxy:			<none>
Request params:	<none>
Query params:	<none>
Form params:	<none>
Path params:	<none>
Headers:		Accept=*/*
				Content-Type=application/json
Cookies:		<none>
Multiparts:		<none>
Body:
{
    "email": "светлана.афанасьев@yandex.ru",
    "password": "9gj5v1mjf0",
    "name": "ульяна.белова"
}
HTTP/1.1 200 OK
Server: nginx/1.18.0 (Ubuntu)
Date: Sat, 26 Apr 2025 18:57:21 GMT
Content-Type: application/json; charset=utf-8
Content-Length: 409
Connection: keep-alive
X-Powered-By: Express
Access-Control-Allow-Origin: *
authorization: Bearer eyJhbGciOiJIUzI1NiIsInR5cCI6IkpXVCJ9.eyJpZCI6IjY4MGQyYzkxOWVkMjgwMDAxYjVkNjBjZCIsImlhdCI6MTc0NTY5Mzg0MSwiZXhwIjoxNzQ1Njk1MDQxfQ.tiLDRxyni6GyEOglqPO-yQkeYUkVgKOtGcr37eE0ijA
ETag: W/"199-w0YK6Gj0E33W1D4Mh534hEKCYc4"

{
    "success": true,
    "user": {
        "email": "светлана.афанасьев@yandex.ru",
        "name": "ульяна.белова"
    },
    "accessToken": "Bearer eyJhbGciOiJIUzI1NiIsInR5cCI6IkpXVCJ9.eyJpZCI6IjY4MGQyYzkxOWVkMjgwMDAxYjVkNjBjZCIsImlhdCI6MTc0NTY5Mzg0MSwiZXhwIjoxNzQ1Njk1MDQxfQ.tiLDRxyni6GyEOglqPO-yQkeYUkVgKOtGcr37eE0ijA",
    "refreshToken": "66376688e3ae45c0adc59508af0860590768eb46f9fdffa4774c8576aea21d59f63fbc47a90260f3"
}
Request method:	POST
Request URI:	https://stellarburgers.nomoreparties.site/api/auth/login
Proxy:			<none>
Request params:	<none>
Query params:	<none>
Form params:	<none>
Path params:	<none>
Headers:		Accept=*/*
				Content-Type=application/json
Cookies:		<none>
Multiparts:		<none>
Body:
{
    "email": "светлана.афанасьев@yandex.ru",
    "password": "9gj5v1mjf0",
    "name": null
}
HTTP/1.1 200 OK
Server: nginx/1.18.0 (Ubuntu)
Date: Sat, 26 Apr 2025 18:57:22 GMT
Content-Type: application/json; charset=utf-8
Content-Length: 409
Connection: keep-alive
X-Powered-By: Express
Access-Control-Allow-Origin: *
ETag: W/"199-gdZ7DyK2MU0HORiqPhmnH2cgruY"

{
    "success": true,
    "accessToken": "Bearer eyJhbGciOiJIUzI1NiIsInR5cCI6IkpXVCJ9.eyJpZCI6IjY4MGQyYzkxOWVkMjgwMDAxYjVkNjBjZCIsImlhdCI6MTc0NTY5Mzg0MiwiZXhwIjoxNzQ1Njk1MDQyfQ._BHvu-fOdDselbDDMG7lwCOeT6ScVmbh0oD2b-7PBOs",
    "refreshToken": "6e191cefe90b71a919731a7198c0f54bdd664fdd90d3e09ec4133be5935d57ddd9af4d63de1ce0ac",
    "user": {
        "email": "светлана.афанасьев@yandex.ru",
        "name": "ульяна.белова"
    }
}
Request method:	POST
Request URI:	https://stellarburgers.nomoreparties.site/api/auth/register
Proxy:			<none>
Request params:	<none>
Query params:	<none>
Form params:	<none>
Path params:	<none>
Headers:		Accept=*/*
				Content-Type=application/json
Cookies:		<none>
Multiparts:		<none>
Body:
{
    "email": "даниил.гусева@mail.ru",
    "password": "i69cqowjmpiu",
    "name": "евгения.князева"
}
HTTP/1.1 200 OK
Server: nginx/1.18.0 (Ubuntu)
Date: Sat, 26 Apr 2025 18:57:22 GMT
Content-Type: application/json; charset=utf-8
Content-Length: 401
Connection: keep-alive
X-Powered-By: Express
Access-Control-Allow-Origin: *
authorization: Bearer eyJhbGciOiJIUzI1NiIsInR5cCI6IkpXVCJ9.eyJpZCI6IjY4MGQyYzkyOWVkMjgwMDAxYjVkNjBkMCIsImlhdCI6MTc0NTY5Mzg0MiwiZXhwIjoxNzQ1Njk1MDQyfQ.GNmgjJasBeoZMi4b7RDglUpiAyqfbFgpj-oIjD1ZnrM
ETag: W/"191-2Mx4TPr0WosQ3qchuNBD2YGrIHY"

{
    "success": true,
    "user": {
        "email": "даниил.гусева@mail.ru",
        "name": "евгения.князева"
    },
    "accessToken": "Bearer eyJhbGciOiJIUzI1NiIsInR5cCI6IkpXVCJ9.eyJpZCI6IjY4MGQyYzkyOWVkMjgwMDAxYjVkNjBkMCIsImlhdCI6MTc0NTY5Mzg0MiwiZXhwIjoxNzQ1Njk1MDQyfQ.GNmgjJasBeoZMi4b7RDglUpiAyqfbFgpj-oIjD1ZnrM",
    "refreshToken": "959a3ab6c769fe4a169c5cd9b28a560cfe5f283d986ecec2ed600a35aca887ee41394ec0bdd7bd09"
}
Authorized user: User(email=светлана.афанасьев@yandex.ru, password=9gj5v1mjf0, name=ульяна.белова, createdAt=null, updatedAt=null, accessToken=Bearer eyJhbGciOiJIUzI1NiIsInR5cCI6IkpXVCJ9.eyJpZCI6IjY4MGQyYzkxOWVkMjgwMDAxYjVkNjBjZCIsImlhdCI6MTc0NTY5Mzg0MiwiZXhwIjoxNzQ1Njk1MDQyfQ._BHvu-fOdDselbDDMG7lwCOeT6ScVmbh0oD2b-7PBOs, refreshToken=6e191cefe90b71a919731a7198c0f54bdd664fdd90d3e09ec4133be5935d57ddd9af4d63de1ce0ac)
Unauthorized user: User(email=даниил.гусева@mail.ru, password=i69cqowjmpiu, name=евгения.князева, createdAt=null, updatedAt=null, accessToken=Bearer eyJhbGciOiJIUzI1NiIsInR5cCI6IkpXVCJ9.eyJpZCI6IjY4MGQyYzkyOWVkMjgwMDAxYjVkNjBkMCIsImlhdCI6MTc0NTY5Mzg0MiwiZXhwIjoxNzQ1Njk1MDQyfQ.GNmgjJasBeoZMi4b7RDglUpiAyqfbFgpj-oIjD1ZnrM, refreshToken=959a3ab6c769fe4a169c5cd9b28a560cfe5f283d986ecec2ed600a35aca887ee41394ec0bdd7bd09)
Request method:	PATCH
Request URI:	https://stellarburgers.nomoreparties.site/api/auth/user
Proxy:			<none>
Request params:	<none>
Query params:	<none>
Form params:	<none>
Path params:	<none>
Headers:		Authorization=Bearer eyJhbGciOiJIUzI1NiIsInR5cCI6IkpXVCJ9.eyJpZCI6IjY4MGQyYzkxOWVkMjgwMDAxYjVkNjBjZCIsImlhdCI6MTc0NTY5Mzg0MiwiZXhwIjoxNzQ1Njk1MDQyfQ._BHvu-fOdDselbDDMG7lwCOeT6ScVmbh0oD2b-7PBOs
				Accept=*/*
				Content-Type=application/json
Cookies:		<none>
Multiparts:		<none>
Body:
{
    "email": "светлана.афанасьев@yandex.ru_updated",
    "password": "9gj5v1mjf0",
    "name": "ульяна.белова"
}
HTTP/1.1 200 OK
Server: nginx/1.18.0 (Ubuntu)
Date: Sat, 26 Apr 2025 18:57:23 GMT
Content-Type: application/json; charset=utf-8
Content-Length: 124
Connection: keep-alive
X-Powered-By: Express
Access-Control-Allow-Origin: *
ETag: W/"7c-09jvxIC1w2Yl9JfSoCzBPgoRHqY"

{
    "success": true,
    "user": {
        "email": "светлана.афанасьев@yandex.ru_updated",
        "name": "ульяна.белова"
    }
}
Request method:	DELETE
Request URI:	https://stellarburgers.nomoreparties.site/api/auth/user
Proxy:			<none>
Request params:	<none>
Query params:	<none>
Form params:	<none>
Path params:	<none>
Headers:		Authorization=Bearer eyJhbGciOiJIUzI1NiIsInR5cCI6IkpXVCJ9.eyJpZCI6IjY4MGQyYzkxOWVkMjgwMDAxYjVkNjBjZCIsImlhdCI6MTc0NTY5Mzg0MiwiZXhwIjoxNzQ1Njk1MDQyfQ._BHvu-fOdDselbDDMG7lwCOeT6ScVmbh0oD2b-7PBOs
				Accept=*/*
				Content-Type=application/json
Cookies:		<none>
Multiparts:		<none>
Body:			<none>
HTTP/1.1 202 Accepted
Server: nginx/1.18.0 (Ubuntu)
Date: Sat, 26 Apr 2025 18:57:23 GMT
Content-Type: application/json; charset=utf-8
Content-Length: 54
Connection: keep-alive
X-Powered-By: Express
Access-Control-Allow-Origin: *
ETag: W/"36-hDmZnQ3Ou/ynnqAeC6TYmyseuzY"

{
    "success": true,
    "message": "User successfully removed"
}
Request method:	DELETE
Request URI:	https://stellarburgers.nomoreparties.site/api/auth/user
Proxy:			<none>
Request params:	<none>
Query params:	<none>
Form params:	<none>
Path params:	<none>
Headers:		Authorization=Bearer eyJhbGciOiJIUzI1NiIsInR5cCI6IkpXVCJ9.eyJpZCI6IjY4MGQyYzkyOWVkMjgwMDAxYjVkNjBkMCIsImlhdCI6MTc0NTY5Mzg0MiwiZXhwIjoxNzQ1Njk1MDQyfQ.GNmgjJasBeoZMi4b7RDglUpiAyqfbFgpj-oIjD1ZnrM
				Accept=*/*
				Content-Type=application/json
Cookies:		<none>
Multiparts:		<none>
Body:			<none>
HTTP/1.1 202 Accepted
Server: nginx/1.18.0 (Ubuntu)
Date: Sat, 26 Apr 2025 18:57:24 GMT
Content-Type: application/json; charset=utf-8
Content-Length: 54
Connection: keep-alive
X-Powered-By: Express
Access-Control-Allow-Origin: *
ETag: W/"36-hDmZnQ3Ou/ynnqAeC6TYmyseuzY"

{
    "success": true,
    "message": "User successfully removed"
}
]]></system-out>
  </testcase>
</testsuite>